From geos-trac at osgeo.org  Mon Jun  3 23:47:49 2013
From: geos-trac at osgeo.org (GEOS)
Date: Tue, 04 Jun 2013 06:47:49 -0000
Subject: [geos-devel] [GEOS] #630: CMake with mingw fail
Message-ID: <044.66f2f9a3b2688bdf4bed180eb2de2d94@osgeo.org>

#630: CMake with mingw fail
------------------------+---------------------------------------------------
 Reporter:  robe        |       Owner:  geos-devel@?              
     Type:  defect      |      Status:  new                       
 Priority:  major       |   Milestone:                            
Component:  Default     |     Version:  svn-trunk                 
 Severity:  Unassigned  |    Keywords:                            
------------------------+---------------------------------------------------
 Mat,

 I'm getting similar error to ticket here #557

 I tried with both my existing 4.5.4 Mingw install and 4.8.0 that Mark
 suggested and get same failure.  On bright side 4.8.0 doesn't seem to
 crash like 4.6 did (when compiling with  ./configure), but gives lots of
 failures during regress testing like 46 out of 3000 failures. more on that
 later.

 My build command was:


 {{{
 export OS_BUILD=64
 export GEOS_VER=3.4.0dev
 PROJECTS=/c/ming${OS_BUILD}/projects

 tools/svn_repo_revision.sh
 rm -rf build/mingw
 mkdir -p build/mingw
 cd build/mingw
 cmake -G"MSYS Makefiles"
 -DCMAKE_INSTALL_PREFIX:PATH=${PROJECTS}/geos/rel-${GEOS_VER}w${OS_BUILD}
 ../../

 make
 }}}


 {{{-- The C compiler identification is GNU 4.8.0
 -- The CXX compiler identification is GNU 4.8.0
 -- Check for working C compiler: c:/ming64/mingw64/bin/gcc.exe
 -- Check for working C compiler: c:/ming64/mingw64/bin/gcc.exe -- works
 -- Detecting C compiler ABI info
 -- Detecting C compiler ABI info - done
 -- Check for working CXX compiler: c:/ming64/mingw64/bin/g++.exe
 -- Check for working CXX compiler: c:/ming64/mingw64/bin/g++.exe -- works
 -- Detecting CXX compiler ABI info
 -- Detecting CXX compiler ABI info - done
 -- Setting GEOS version 3.4.0dev as port of JTS 1.12.0
 -- Setting GEOS C API version 1.8.0
 -- Setting GEOS build type - Debug
 -- Forcing IEEE 754 using flag -ffloat-store - ON
 -- Setting GEOS compilation with small functions inlining - ON
 -- Setting GEOS compilation with assert() macro enabled - OFF
 -- Looking for include file stdint.h
 -- Looking for include file stdint.h - found
 -- Looking for include file inttypes.h
 -- Looking for include file inttypes.h - found
 -- Looking for include file ieeefp.h
 -- Looking for include file ieeefp.h - not found
 -- Looking for sys/types.h
 -- Looking for sys/types.h - found
 -- Looking for stddef.h
 -- Looking for stddef.h - found
 -- Check size of int64_t
 -- Check size of int64_t - done
 -- Performing Test HAVE_STD_ISNAN
 -- Performing Test HAVE_STD_ISNAN - Failed
 -- Looking for isnan
 -- Looking for isnan - found
 -- Performing Test HAVE_STD_ISFINITE
 -- Performing Test HAVE_STD_ISFINITE - Failed
 -- Looking for isfinite
 -- Looking for isfinite - found
 -- Enable GEOS Unit Tests build - ON
 -- Enable GEOS XML Tester build - ON
 -- Enable GEOS large geometry tests build - ON
 -- CMake 2.8.10.2 successfully configured geos using MSYS Makefiles
 generator
 -- Configuring done
 -- Generating done
 -- Build files have been written to:
 C:/ming64/projects/geos/branches/geos-3.4/b
 uild/mingw
 Scanning dependencies of target geos
 [  0%] Building CXX object src/CMakeFiles/geos.dir/algorithm/Angle.cpp.obj
 c:/ming64/projects/geos/branches/geos-3.4/src/algorithm/Angle.cpp:1:0:
 warning:
 -fPIC ignored for target (all code is position independent) [enabled by
 default]

  /**********************************************************************
  ^
 In file included from
 C:/ming64/projects/geos/branches/geos-3.4/include/geos/geo
 m/Coordinate.h:19:0,
                  from
 c:/ming64/projects/geos/branches/geos-3.4/src/algorithm/An
 gle.cpp:23:
 C:/ming64/projects/geos/branches/geos-3.4/include/geos/geom/Coordinate.inl:
 In m
 ember function 'bool geos::geom::Coordinate::isNull() const':
 C:/ming64/projects/geos/branches/geos-3.4/build/mingw/include/geos/platform.h:13
 6:27: error: 'isnan' was not declared in this scope
  #  define ISNAN(x) isnan(x)
                            ^
 C:/ming64/projects/geos/branches/geos-3.4/include/geos/geom/Coordinate.inl:38:10
 : note: in expansion of macro 'ISNAN'
   return (ISNAN(x) && ISNAN(y) && ISNAN(z));
           ^
 C:/ming64/projects/geos/branches/geos-3.4/build/mingw/include/geos/platform.h:13
 6:27: note: suggested alternative:
  #  define ISNAN(x) isnan(x)
                            ^
 C:/ming64/projects/geos/branches/geos-3.4/include/geos/geom/Coordinate.inl:38:10
 : note: in expansion of macro 'ISNAN'
   return (ISNAN(x) && ISNAN(y) && ISNAN(z));
           ^
 In file included from
 c:/ming64/projects/geos/branches/geos-3.4/src/algorithm/An
 gle.cpp:19:0:
 c:\ming64\mingw64\include\c++\4.8.0\cmath:836:5: note:   'std::isnan'
      isnan(_Tp __f)
      ^
 In file included from
 C:/ming64/projects/geos/branches/geos-3.4/include/geos/geo
 m/Coordinate.h:19:0,
                  from
 c:/ming64/projects/geos/branches/geos-3.4/src/algorithm/An
 gle.cpp:23:
 C:/ming64/projects/geos/branches/geos-3.4/include/geos/geom/Coordinate.inl:
 In m
 ember function 'bool geos::geom::Coordinate::equals3D(const
 geos::geom::Coordina
 te&) const':
 C:/ming64/projects/geos/branches/geos-3.4/build/mingw/include/geos/platform.h:13
 6:27: error: 'isnan' was not declared in this scope
  #  define ISNAN(x) isnan(x)
                            ^
 C:/ming64/projects/geos/branches/geos-3.4/include/geos/geom/Coordinate.inl:77:21
 : note: in expansion of macro 'ISNAN'
    ((z == other.z)||(ISNAN(z) && ISNAN(other.z)));
                      ^
 C:/ming64/projects/geos/branches/geos-3.4/build/mingw/include/geos/platform.h:13
 6:27: note: suggested alternative:
  #  define ISNAN(x) isnan(x)
                            ^
 C:/ming64/projects/geos/branches/geos-3.4/include/geos/geom/Coordinate.inl:77:21
 : note: in expansion of macro 'ISNAN'
    ((z == other.z)||(ISNAN(z) && ISNAN(other.z)));
                      ^
 In file included from
 c:/ming64/projects/geos/branches/geos-3.4/src/algorithm/An
 gle.cpp:19:0:
 c:\ming64\mingw64\include\c++\4.8.0\cmath:836:5: note:   'std::isnan'
      isnan(_Tp __f)
      ^
 make[2]: *** [src/CMakeFiles/geos.dir/algorithm/Angle.cpp.obj] Error 1
 make[1]: *** [src/CMakeFiles/geos.dir/all] Error 2
 make: *** [all] Error 2
 [  0%] Building CXX object src/CMakeFiles/geos.dir/algorithm/Angle.cpp.obj
 c:/ming64/projects/geos/branches/geos-3.4/src/algorithm/Angle.cpp:1:0:
 warning:
 -fPIC ignored for target (all code is position independent) [enabled by
 default]

  /**********************************************************************
  ^
 In file included from
 C:/ming64/projects/geos/branches/geos-3.4/include/geos/geo
 m/Coordinate.h:19:0,
                  from
 c:/ming64/projects/geos/branches/geos-3.4/src/algorithm/An
 gle.cpp:23:
 C:/ming64/projects/geos/branches/geos-3.4/include/geos/geom/Coordinate.inl:
 In m
 ember function 'bool geos::geom::Coordinate::isNull() const':
 C:/ming64/projects/geos/branches/geos-3.4/build/mingw/include/geos/platform.h:13
 6:27: error: 'isnan' was not declared in this scope
  #  define ISNAN(x) isnan(x)
                            ^
 C:/ming64/projects/geos/branches/geos-3.4/include/geos/geom/Coordinate.inl:38:10
 : note: in expansion of macro 'ISNAN'
   return (ISNAN(x) && ISNAN(y) && ISNAN(z));
           ^
 C:/ming64/projects/geos/branches/geos-3.4/build/mingw/include/geos/platform.h:13
 6:27: note: suggested alternative:
  #  define ISNAN(x) isnan(x)
                            ^
 C:/ming64/projects/geos/branches/geos-3.4/include/geos/geom/Coordinate.inl:38:10
 : note: in expansion of macro 'ISNAN'
   return (ISNAN(x) && ISNAN(y) && ISNAN(z));
           ^
 In file included from
 c:/ming64/projects/geos/branches/geos-3.4/src/algorithm/An
 gle.cpp:19:0:
 c:\ming64\mingw64\include\c++\4.8.0\cmath:836:5: note:   'std::isnan'
      isnan(_Tp __f)
      ^
 In file included from
 C:/ming64/projects/geos/branches/geos-3.4/include/geos/geo
 m/Coordinate.h:19:0,
                  from
 c:/ming64/projects/geos/branches/geos-3.4/src/algorithm/An
 gle.cpp:23:
 C:/ming64/projects/geos/branches/geos-3.4/include/geos/geom/Coordinate.inl:
 In m
 ember function 'bool geos::geom::Coordinate::equals3D(const
 geos::geom::Coordina
 te&) const':
 C:/ming64/projects/geos/branches/geos-3.4/build/mingw/include/geos/platform.h:13
 6:27: error: 'isnan' was not declared in this scope
  #  define ISNAN(x) isnan(x)
                            ^
 C:/ming64/projects/geos/branches/geos-3.4/include/geos/geom/Coordinate.inl:77:21
 : note: in expansion of macro 'ISNAN'
    ((z == other.z)||(ISNAN(z) && ISNAN(other.z)));
                      ^
 C:/ming64/projects/geos/branches/geos-3.4/build/mingw/include/geos/platform.h:13
 6:27: note: suggested alternative:
  #  define ISNAN(x) isnan(x)
                            ^
 C:/ming64/projects/geos/branches/geos-3.4/include/geos/geom/Coordinate.inl:77:21
 : note: in expansion of macro 'ISNAN'
    ((z == other.z)||(ISNAN(z) && ISNAN(other.z)));
                      ^
 In file included from
 c:/ming64/projects/geos/branches/geos-3.4/src/algorithm/An
 gle.cpp:19:0:
 c:\ming64\mingw64\include\c++\4.8.0\cmath:836:5: note:   'std::isnan'
      isnan(_Tp __f)
      ^
 make[2]: *** [src/CMakeFiles/geos.dir/algorithm/Angle.cpp.obj] Error 1

 }}}

-- 
Ticket URL: <http://trac.osgeo.org/geos/ticket/630>
GEOS <http://geos.refractions.net/>
GEOS (Geometry Engine - Open Source) is a C++ port of the Java Topology Suite (JTS).

From geos-trac at osgeo.org  Mon Jun  3 23:49:20 2013
From: geos-trac at osgeo.org (GEOS)
Date: Tue, 04 Jun 2013 06:49:20 -0000
Subject: [geos-devel] [GEOS] #630: CMake with mingw fail
In-Reply-To: <044.66f2f9a3b2688bdf4bed180eb2de2d94@osgeo.org>
References: <044.66f2f9a3b2688bdf4bed180eb2de2d94@osgeo.org>
Message-ID: <053.6d90b41753ec2e4c160e3fee939e6f8b@osgeo.org>

#630: CMake with mingw fail
------------------------+---------------------------------------------------
 Reporter:  robe        |       Owner:  geos-devel@?              
     Type:  defect      |      Status:  new                       
 Priority:  major       |   Milestone:                            
Component:  Default     |     Version:  svn-trunk                 
 Severity:  Unassigned  |    Keywords:                            
------------------------+---------------------------------------------------

Comment(by robe):

 Let me try the second part again:

 {{{
 -- The C compiler identification is GNU 4.8.0
 -- The CXX compiler identification is GNU 4.8.0
 -- Check for working C compiler: c:/ming64/mingw64/bin/gcc.exe
 -- Check for working C compiler: c:/ming64/mingw64/bin/gcc.exe -- works
 -- Detecting C compiler ABI info
 -- Detecting C compiler ABI info - done
 -- Check for working CXX compiler: c:/ming64/mingw64/bin/g++.exe
 -- Check for working CXX compiler: c:/ming64/mingw64/bin/g++.exe -- works
 -- Detecting CXX compiler ABI info
 -- Detecting CXX compiler ABI info - done
 -- Setting GEOS version 3.4.0dev as port of JTS 1.12.0
 -- Setting GEOS C API version 1.8.0
 -- Setting GEOS build type - Debug
 -- Forcing IEEE 754 using flag -ffloat-store - ON
 -- Setting GEOS compilation with small functions inlining - ON
 -- Setting GEOS compilation with assert() macro enabled - OFF
 -- Looking for include file stdint.h
 -- Looking for include file stdint.h - found
 -- Looking for include file inttypes.h
 -- Looking for include file inttypes.h - found
 -- Looking for include file ieeefp.h
 -- Looking for include file ieeefp.h - not found
 -- Looking for sys/types.h
 -- Looking for sys/types.h - found
 -- Looking for stddef.h
 -- Looking for stddef.h - found
 -- Check size of int64_t
 -- Check size of int64_t - done
 -- Performing Test HAVE_STD_ISNAN
 -- Performing Test HAVE_STD_ISNAN - Failed
 -- Looking for isnan
 -- Looking for isnan - found
 -- Performing Test HAVE_STD_ISFINITE
 -- Performing Test HAVE_STD_ISFINITE - Failed
 -- Looking for isfinite
 -- Looking for isfinite - found
 -- Enable GEOS Unit Tests build - ON
 -- Enable GEOS XML Tester build - ON
 -- Enable GEOS large geometry tests build - ON
 -- CMake 2.8.10.2 successfully configured geos using MSYS Makefiles
 generator
 -- Configuring done
 -- Generating done
 -- Build files have been written to:
 C:/ming64/projects/geos/branches/geos-3.4
 uild/mingw
 Scanning dependencies of target geos
 [  0%] Building CXX object src/CMakeFiles/geos.dir/algorithm/Angle.cpp.obj
 c:/ming64/projects/geos/branches/geos-3.4/src/algorithm/Angle.cpp:1:0:
 warning
 -fPIC ignored for target (all code is position independent) [enabled by
 defaul

  /**********************************************************************
  ^
 In file included from
 C:/ming64/projects/geos/branches/geos-3.4/include/geos/g
 m/Coordinate.h:19:0,
                  from
 c:/ming64/projects/geos/branches/geos-3.4/src/algorithm/
 gle.cpp:23:
 C:/ming64/projects/geos/branches/geos-3.4/include/geos/geom/Coordinate.inl:
 In
 ember function 'bool geos::geom::Coordinate::isNull() const':
 C:/ming64/projects/geos/branches/geos-3.4/build/mingw/include/geos/platform.h:
 6:27: error: 'isnan' was not declared in this scope
  #  define ISNAN(x) isnan(x)
                            ^
 C:/ming64/projects/geos/branches/geos-3.4/include/geos/geom/Coordinate.inl:38:
 : note: in expansion of macro 'ISNAN'
   return (ISNAN(x) && ISNAN(y) && ISNAN(z));
           ^
 C:/ming64/projects/geos/branches/geos-3.4/build/mingw/include/geos/platform.h:
 6:27: note: suggested alternative:
  #  define ISNAN(x) isnan(x)
                            ^
 C:/ming64/projects/geos/branches/geos-3.4/include/geos/geom/Coordinate.inl:38:
 : note: in expansion of macro 'ISNAN'
   return (ISNAN(x) && ISNAN(y) && ISNAN(z));
           ^
 In file included from
 c:/ming64/projects/geos/branches/geos-3.4/src/algorithm/
 gle.cpp:19:0:
 c:\ming64\mingw64\include\c++\4.8.0\cmath:836:5: note:   'std::isnan'
      isnan(_Tp __f)
      ^
 In file included from
 C:/ming64/projects/geos/branches/geos-3.4/include/geos/g
 m/Coordinate.h:19:0,
                  from
 c:/ming64/projects/geos/branches/geos-3.4/src/algorithm/
 gle.cpp:23:
 C:/ming64/projects/geos/branches/geos-3.4/include/geos/geom/Coordinate.inl:
 In
 ember function 'bool geos::geom::Coordinate::equals3D(const
 geos::geom::Coordi
 te&) const':
 C:/ming64/projects/geos/branches/geos-3.4/build/mingw/include/geos/platform.h:
 6:27: error: 'isnan' was not declared in this scope
  #  define ISNAN(x) isnan(x)
                            ^
 C:/ming64/projects/geos/branches/geos-3.4/include/geos/geom/Coordinate.inl:77:
 : note: in expansion of macro 'ISNAN'
    ((z == other.z)||(ISNAN(z) && ISNAN(other.z)));
                      ^
 C:/ming64/projects/geos/branches/geos-3.4/build/mingw/include/geos/platform.h:
 6:27: note: suggested alternative:
  #  define ISNAN(x) isnan(x)
                            ^
 C:/ming64/projects/geos/branches/geos-3.4/include/geos/geom/Coordinate.inl:77:
 : note: in expansion of macro 'ISNAN'
    ((z == other.z)||(ISNAN(z) && ISNAN(other.z)));
                      ^
 In file included from
 c:/ming64/projects/geos/branches/geos-3.4/src/algorithm/
 gle.cpp:19:0:
 c:\ming64\mingw64\include\c++\4.8.0\cmath:836:5: note:   'std::isnan'
      isnan(_Tp __f)
      ^
 make[2]: *** [src/CMakeFiles/geos.dir/algorithm/Angle.cpp.obj] Error 1
 make[1]: *** [src/CMakeFiles/geos.dir/all] Error 2
 make: *** [all] Error 2
 [  0%] Building CXX object src/CMakeFiles/geos.dir/algorithm/Angle.cpp.obj
 c:/ming64/projects/geos/branches/geos-3.4/src/algorithm/Angle.cpp:1:0:
 warning
 -fPIC ignored for target (all code is position independent) [enabled by
 defaul

  /**********************************************************************
  ^
 In file included from
 C:/ming64/projects/geos/branches/geos-3.4/include/geos/g
 m/Coordinate.h:19:0,
                  from
 c:/ming64/projects/geos/branches/geos-3.4/src/algorithm/
 gle.cpp:23:
 C:/ming64/projects/geos/branches/geos-3.4/include/geos/geom/Coordinate.inl:
 In
 ember function 'bool geos::geom::Coordinate::isNull() const':
 C:/ming64/projects/geos/branches/geos-3.4/build/mingw/include/geos/platform.h:
 6:27: error: 'isnan' was not declared in this scope
  #  define ISNAN(x) isnan(x)
                            ^
 C:/ming64/projects/geos/branches/geos-3.4/include/geos/geom/Coordinate.inl:38:
 : note: in expansion of macro 'ISNAN'
   return (ISNAN(x) && ISNAN(y) && ISNAN(z));
           ^
 C:/ming64/projects/geos/branches/geos-3.4/build/mingw/include/geos/platform.h:
 6:27: note: suggested alternative:
  #  define ISNAN(x) isnan(x)
                            ^
 C:/ming64/projects/geos/branches/geos-3.4/include/geos/geom/Coordinate.inl:38:
 : note: in expansion of macro 'ISNAN'
   return (ISNAN(x) && ISNAN(y) && ISNAN(z));
           ^
 In file included from
 c:/ming64/projects/geos/branches/geos-3.4/src/algorithm/
 gle.cpp:19:0:
 c:\ming64\mingw64\include\c++\4.8.0\cmath:836:5: note:   'std::isnan'
      isnan(_Tp __f)
      ^
 In file included from
 C:/ming64/projects/geos/branches/geos-3.4/include/geos/g
 m/Coordinate.h:19:0,
                  from
 c:/ming64/projects/geos/branches/geos-3.4/src/algorithm/
 gle.cpp:23:
 C:/ming64/projects/geos/branches/geos-3.4/include/geos/geom/Coordinate.inl:
 In
 ember function 'bool geos::geom::Coordinate::equals3D(const
 geos::geom::Coordi
 te&) const':
 C:/ming64/projects/geos/branches/geos-3.4/build/mingw/include/geos/platform.h:
 6:27: error: 'isnan' was not declared in this scope
  #  define ISNAN(x) isnan(x)
                            ^
 C:/ming64/projects/geos/branches/geos-3.4/include/geos/geom/Coordinate.inl:77:
 : note: in expansion of macro 'ISNAN'
    ((z == other.z)||(ISNAN(z) && ISNAN(other.z)));
                      ^
 C:/ming64/projects/geos/branches/geos-3.4/build/mingw/include/geos/platform.h:
 6:27: note: suggested alternative:
  #  define ISNAN(x) isnan(x)
                            ^
 C:/ming64/projects/geos/branches/geos-3.4/include/geos/geom/Coordinate.inl:77:
 : note: in expansion of macro 'ISNAN'
    ((z == other.z)||(ISNAN(z) && ISNAN(other.z)));
                      ^
 In file included from
 c:/ming64/projects/geos/branches/geos-3.4/src/algorithm/
 gle.cpp:19:0:
 c:\ming64\mingw64\include\c++\4.8.0\cmath:836:5: note:   'std::isnan'
      isnan(_Tp __f)
      ^
 make[2]: *** [src/CMakeFiles/geos.dir/algorithm/Angle.cpp.obj] Error 1
 make[1]: *** [src/CMakeFiles/geos.dir/all] Error 2
 make: *** [all] Error 2
 }}}

-- 
Ticket URL: <http://trac.osgeo.org/geos/ticket/630#comment:1>
GEOS <http://geos.refractions.net/>
GEOS (Geometry Engine - Open Source) is a C++ port of the Java Topology Suite (JTS).

From geos-trac at osgeo.org  Tue Jun  4 21:47:26 2013
From: geos-trac at osgeo.org (GEOS)
Date: Wed, 05 Jun 2013 04:47:26 -0000
Subject: [geos-devel] [GEOS] #630: CMake with mingw fail
In-Reply-To: <044.66f2f9a3b2688bdf4bed180eb2de2d94@osgeo.org>
References: <044.66f2f9a3b2688bdf4bed180eb2de2d94@osgeo.org>
Message-ID: <053.00f3cf4b2d560f3bba69f9cc49940dd1@osgeo.org>

#630: CMake with mingw fail
------------------------+---------------------------------------------------
 Reporter:  robe        |       Owner:  geos-devel@?              
     Type:  defect      |      Status:  new                       
 Priority:  major       |   Milestone:                            
Component:  Default     |     Version:  svn-trunk                 
 Severity:  Unassigned  |    Keywords:                            
------------------------+---------------------------------------------------

Comment(by robe):

 I made progress on this by looking at notes from http://osgeo-
 org.1560.x6.nabble.com/Compiling-geos-with-mingw64-td5034567.html

 I was able to compile with the below and some modifications to files which
 I'll clean up and provide a patch for once I'm done

 {{{
 cmake -G"MSYS Makefiles"
 -DCMAKE_INSTALL_PREFIX:PATH=${PROJECTS}/geos/rel-${GEOS_VER}w${OS_BUILD}
 -DHAVE_STD_ISNAN=1 -DHAVE_LONG_LONG_INT_64=1 -DGEOS_ENABLE_INLINE=ON
 -DGEOS_ENABLE_TESTS=ON

 make
 make install
 make test
 make check
 }}}

 However I don't think -DGEOS_ENABLE_INLINE=ON is working.  It says it is
 in the output, but I get linker failures unless I explicitly change

 geos/inline.h


 {{{
 # define INLINE inline
 }}}

 as David did.

 I also think you might be missing an important include.  I had to change
 some conditions in profiler.h to


 {{{
 #if defined(__MINGW32__) && !defined( __MINGW64__)
 }}}


 when I really want to do:


 {{{
  #if defined(__MINGW32__) && !defined(__MINGW64_VERSION_MAJOR)
 }}}


 to properly handle building both win32 and win64 binaries with mingw64
 chain

 as detailed here:

 http://sourceforge.net/mailarchive/message.php?msg_id=28305973

 So after that long exercise I am here:


 {{{
 Running tests...
 Test project C:/ming64/projects/geos/branches/geos-3.4/build/mingw
     Start 1: geos_unit
 1/4 Test #1: geos_unit ........................   Passed    0.24 sec
     Start 2: xmltester
 2/4 Test #2: xmltester ........................   Passed    6.53 sec
     Start 3: bug234
 3/4 Test #3: bug234 ...........................   Passed    0.01 sec
     Start 4: TestSweepLineSpeed
 4/4 Test #4: TestSweepLineSpeed ...............   Passed    1.70 sec

 100% tests passed, 0 tests failed out of 4

 Total Test time (real) =   8.51 sec
 Scanning dependencies of target check
 make[3]: ctest: Command not found
 make[3]: *** [CMakeFiles/check] Error 127
 make[2]: *** [CMakeFiles/check.dir/all] Error 2
 make[1]: *** [CMakeFiles/check.dir/rule] Error 2
 make: *** [check] Error 2
 }}}

 which is good progress I guess

-- 
Ticket URL: <http://trac.osgeo.org/geos/ticket/630#comment:2>
GEOS <http://geos.refractions.net/>
GEOS (Geometry Engine - Open Source) is a C++ port of the Java Topology Suite (JTS).

From geos-trac at osgeo.org  Tue Jun  4 22:27:52 2013
From: geos-trac at osgeo.org (GEOS)
Date: Wed, 05 Jun 2013 05:27:52 -0000
Subject: [geos-devel] [GEOS] #630: CMake with mingw fail
In-Reply-To: <044.66f2f9a3b2688bdf4bed180eb2de2d94@osgeo.org>
References: <044.66f2f9a3b2688bdf4bed180eb2de2d94@osgeo.org>
Message-ID: <053.ddf15ab0cf5f6755f7889d3d07ce6be2@osgeo.org>

#630: CMake with mingw fail
------------------------+---------------------------------------------------
 Reporter:  robe        |       Owner:  geos-devel@?              
     Type:  defect      |      Status:  new                       
 Priority:  major       |   Milestone:                            
Component:  Default     |     Version:  svn-trunk                 
 Severity:  Unassigned  |    Keywords:                            
------------------------+---------------------------------------------------

Comment(by robe):

 The ctest issue was because I didn't have cmake bin folder in my search
 path. I was using an alias for cmake to run.  After adding to my path --
 yeh complete success.


 {{{
 Linking CXX executable ../../bin/TestSweepLineSpeed.exe
 [100%] Built target TestSweepLineSpeed
 Scanning dependencies of target bug234
 [100%] Building CXX object
 tests/bigtest/CMakeFiles/bug234.dir/bug234.cpp.obj
 c:/ming64/projects/geos/branches/geos-3.4/tests/bigtest/bug234.cpp:1:0:
 warning:
  -fPIC ignored for target (all code is position independent) [enabled by
 default
 ]
  #include <vector>
  ^
 Linking CXX executable ../../bin/bug234.exe
 [100%] Built target bug234
 Running tests...
 Test project C:/ming64/projects/geos/branches/geos-3.4/build/mingw
     Start 1: geos_unit
 1/4 Test #1: geos_unit ........................   Passed    0.13 sec
     Start 2: xmltester
 2/4 Test #2: xmltester ........................   Passed    6.44 sec
     Start 3: bug234
 3/4 Test #3: bug234 ...........................   Passed    0.01 sec
     Start 4: TestSweepLineSpeed
 4/4 Test #4: TestSweepLineSpeed ...............   Passed    1.72 sec

 100% tests passed, 0 tests failed out of 4

 Total Test time (real) =   8.32 sec
 Scanning dependencies of target check
 Test project C:/ming64/projects/geos/branches/geos-3.4/build/mingw
     Start 1: geos_unit
 1/4 Test #1: geos_unit ........................   Passed    0.11 sec
     Start 2: xmltester
 2/4 Test #2: xmltester ........................   Passed    6.43 sec
     Start 3: bug234
 3/4 Test #3: bug234 ...........................   Passed    0.01 sec
     Start 4: TestSweepLineSpeed
 4/4 Test #4: TestSweepLineSpeed ...............   Passed    1.71 sec

 100% tests passed, 0 tests failed out of 4

 Total Test time (real) =   8.29 sec
 Built target check
 }}}


  I'll attach a patch once I've cleaned up the junk I shouldn't have put
 in. n test wt my curent mingw64.  This is using mingw64 gcc 4.8
 x86_64-w64-mingw32-gcc-4.8.0-win64_rubenvb.7z from

 http://sourceforge.net/projects/mingw-w64/files/Toolchains%20targetting%20Win64/Personal%20Builds/rubenvb/gcc-4.8-release/

 I still need to test with win32 also.

-- 
Ticket URL: <http://trac.osgeo.org/geos/ticket/630#comment:3>
GEOS <http://geos.refractions.net/>
GEOS (Geometry Engine - Open Source) is a C++ port of the Java Topology Suite (JTS).

From mateusz at loskot.net  Tue Jun 11 08:50:12 2013
From: mateusz at loskot.net (Mateusz Loskot)
Date: Tue, 11 Jun 2013 16:50:12 +0100
Subject: [geos-devel] Call for JTS users to test right-sided offset curve
	problem
Message-ID: <CABUeae_UgKca6xEFFns_4q4=s_yBKUtD_Gb0B94ZQYb2mzUnTw@mail.gmail.com>

Hi,

Are there any JTS users around who could test the case
reported here:

http://trac.osgeo.org/geos/ticket/633

There is BufferBuilderTest.cpp attached with two trivial test cases,
one for left- and the other for right-side offset curve.
Line with test failure marked with // XXX

The problem is in test case #2, the right-side offset curve is
expected to have 5 vertices, but it is produced with Zero vertices

Does JTS produce the same result?

Best regards,
-- 
Mateusz Loskot, http://mateusz.loskot.net

From hi.vishal123 at gmail.com  Thu Jun 13 11:18:51 2013
From: hi.vishal123 at gmail.com (vishal tiwari)
Date: Thu, 13 Jun 2013 23:48:51 +0530
Subject: [geos-devel] Voroni project accepted for GSoC '13
In-Reply-To: <20130605115754.GC4377@gnash>
References: <20130528064531.GC9352@gnash>
	<CAJW9wotQCyhy3VPLPPiUH1btN6MurBaDGtOPzFLBR1sw=WAbGw@mail.gmail.com>
	<CAJW9wotjtUGz72FpnVtW+rRRkNhW_-s=X8URSAebSHmEDgO-sw@mail.gmail.com>
	<20130605115754.GC4377@gnash>
Message-ID: <CAJW9wovgSrSHmC9H9CCGQ1VM=btM2zkCFseXcMBsaExQkLhSag@mail.gmail.com>

Hey,
I have setup the wiki page here: http://trac.osgeo.org/geos/wiki/GSoC. It
contains the link to the page, where the weekly reports will be present and
a link to the git hub repository. I will also be sending the weekly report
to the geos mailing list.

I have been reading the geos documentation and have seen the last port of
DelaunayTriangulation. I have seen the code of VoronoiDiagramBuilder of
JTS. And have figured out the classes that needs to be ported. I will be
the porting the missing  quadedge subclasses and methods during the first
week.(17th June - 22nd June)

Thanks,
Vishal


On 5 June 2013 17:27, Sandro Santilli <strk at keybit.net> wrote:

> On Wed, Jun 05, 2013 at 03:23:18PM +0530, vishal tiwari wrote:
> > Hey strk,
> >
> > I was thinking instead of posting the weekly reports here, i could just
> > make a wiki page or a blog for the weekly reports. Maybe you can give me
> > permissions to write in the 'Google Summer of Code' section of geos wiki.
>
> It's a wiki, you already have permission!
> I still think it's good to send your reports to the geos-dev mailing
> list. If you use the wiki the report could just be a notice about the
> wiki page being updated.
>
> > I have set up a git hub repository where i will be committing my work.
> > here: https://github.com/vishaltiwari/GSoC-GEOS
> >
> > I checked out this source code "git://github.com/libgeos/libgeos.git"
> and
> > built it using autotools as instructed on the geos wiki.
> > But when i try to compile the examples like
> "CoordinateSequencesExample.cpp",
> > i get warnings saying that io.h and geom.h are deprecated and needs to be
> > updated. And i am getting errors like ?internalFactory? is not a member
> of
> > ?geos::geom::CoordinateSequenceFactory' and many more, this might be
> > because i am using the deprecated header files.
> >
> > How do i resolve this problem or update the header files?
>
> Those examples are evidently deprecated.
> If you need examples use the unit tests.
>
> Please use the mailing list for further communications, feel free
> to add me in Cc (I wont get a duplicate anyway).
>
> --strk;
>
> >
> > Thanks,
> > Vishal
> >
> >
> >
> > On 28 May 2013 22:19, vishal tiwari <hi.vishal123 at gmail.com> wrote:
> >
> > > Thanks strk,
> > >
> > > I am very excited and looking forward to work on this project, during
> this
> > > years GSoC. :)
> > >
> > >
> > > On 28 May 2013 12:15, Sandro Santilli <strk at keybit.net> wrote:
> > >
> > >> FYI: Vishal's GSoC proposal for adding Voronoi diagrams to GEOS
> > >> has been accepted.
> > >>
> > >>
> > >>
> https://google-melange.appspot.com/gsoc/proposal/review/google/gsoc2013/vishal_tiwari/13001
> > >>
> > >> Congrats, Vishal !
> > >> Looking forward to your progress reports on the list :)
> > >>
> > >> --strk;
> > >>
> > >
> > >
> > >
> > > --
> > > Vishal Tiwari
> > > Undergraduate
> > > Computer Science and Engineering
> > > Lab for Spatial Informatics
> > > IIIT-Hyderabad
> > >
> >
> >
> >
> > --
> > Vishal Tiwari
> > Undergraduate
> > Computer Science and Engineering
> > Lab for Spatial Informatics
> > IIIT-Hyderabad
>
> --
>
>  http://www.cartodb.com - Map, analyze and build applications with your
> data
>
>                                        ~~ http://strk.keybit.net
>
>


-- 
Vishal Tiwari
Undergraduate
Computer Science and Engineering
Lab for Spatial Informatics
IIIT-Hyderabad
-------------- next part --------------
An HTML attachment was scrubbed...
URL: <http://lists.osgeo.org/pipermail/geos-devel/attachments/20130613/0a5aa04e/attachment.html>

From strk at keybit.net  Fri Jun 14 00:10:21 2013
From: strk at keybit.net (Sandro Santilli)
Date: Fri, 14 Jun 2013 09:10:21 +0200
Subject: [geos-devel] Voroni project accepted for GSoC '13
In-Reply-To: <CAJW9wovgSrSHmC9H9CCGQ1VM=btM2zkCFseXcMBsaExQkLhSag@mail.gmail.com>
References: <20130528064531.GC9352@gnash>
	<CAJW9wotQCyhy3VPLPPiUH1btN6MurBaDGtOPzFLBR1sw=WAbGw@mail.gmail.com>
	<CAJW9wotjtUGz72FpnVtW+rRRkNhW_-s=X8URSAebSHmEDgO-sw@mail.gmail.com>
	<20130605115754.GC4377@gnash>
	<CAJW9wovgSrSHmC9H9CCGQ1VM=btM2zkCFseXcMBsaExQkLhSag@mail.gmail.com>
Message-ID: <20130614071021.GC7728@gnash>

On Thu, Jun 13, 2013 at 11:48:51PM +0530, vishal tiwari wrote:
> Hey,
> I have setup the wiki page here: http://trac.osgeo.org/geos/wiki/GSoC. It
> contains the link to the page, where the weekly reports will be present and
> a link to the git hub repository. I will also be sending the weekly report
> to the geos mailing list.
> 
> I have been reading the geos documentation and have seen the last port of
> DelaunayTriangulation. I have seen the code of VoronoiDiagramBuilder of
> JTS. And have figured out the classes that needs to be ported. I will be
> the porting the missing  quadedge subclasses and methods during the first
> week.(17th June - 22nd June)

Thanks for the heads-up, Vishal.
Don't hesitate to ask any question that might arise on this list.

Please check if JTS has any unit test to port for each of the classes
you're working on, and consider building your own if not.

--strk;

From olivier.courtin at oslandia.com  Fri Jun 14 04:16:02 2013
From: olivier.courtin at oslandia.com (Oliver Courtin)
Date: Fri, 14 Jun 2013 13:16:02 +0200
Subject: [geos-devel] MULTI*  and Invalid
Message-ID: <11DC3445-FC66-44E2-B728-D5405DAF324F@oslandia.com>

Hi,


Below an example, throught PostGIS 
with GEOS 3.3.5-CAPI-1.7.5:


SELECT ST_IsValidReason(
  'MULTIPOLYGON(((0 0,1 0,1 1,0 1,0 0)),((1 0,2 0,2 1,1 1,1 0)))'::geometry
  );


Output:   Self-intersection[1 0]


After looking in SFS and ISO 19107, 
we didn't find at first sight 
why such a geometry should be invalid.


Could you give us some light on it ?


Thanks in advance,


--
Olivier

-------------- next part --------------
An HTML attachment was scrubbed...
URL: <http://lists.osgeo.org/pipermail/geos-devel/attachments/20130614/4ecf1e0f/attachment.html>

From strk at keybit.net  Fri Jun 14 06:41:26 2013
From: strk at keybit.net (Sandro Santilli)
Date: Fri, 14 Jun 2013 15:41:26 +0200
Subject: [geos-devel] MULTI*  and Invalid
In-Reply-To: <11DC3445-FC66-44E2-B728-D5405DAF324F@oslandia.com>
References: <11DC3445-FC66-44E2-B728-D5405DAF324F@oslandia.com>
Message-ID: <20130614134126.GB6252@gnash>

On Fri, Jun 14, 2013 at 01:16:02PM +0200, Oliver Courtin wrote:
> Hi,
> 
> 
> Below an example, throught PostGIS 
> with GEOS 3.3.5-CAPI-1.7.5:
> 
> 
> SELECT ST_IsValidReason(
>   'MULTIPOLYGON(((0 0,1 0,1 1,0 1,0 0)),((1 0,2 0,2 1,1 1,1 0)))'::geometry
>   );
> 
> 
> Output:   Self-intersection[1 0]
> 
> 
> After looking in SFS and ISO 19107, 
> we didn't find at first sight 
> why such a geometry should be invalid.
> 
> 
> Could you give us some light on it ?

The two components have a lineal intersection.
Puntal intersection would be considered valid
(ie: moving vertex  1,1  to 1,1.5).

IIRC there was a "single point" wording in the spec, but
Martin will know more about this.

--strk;

From mtnclimb at telus.net  Fri Jun 14 08:09:17 2013
From: mtnclimb at telus.net (Martin Davis)
Date: Fri, 14 Jun 2013 08:09:17 -0700
Subject: [geos-devel] MULTI*  and Invalid
In-Reply-To: <20130614134126.GB6252@gnash>
References: <11DC3445-FC66-44E2-B728-D5405DAF324F@oslandia.com>
	<20130614134126.GB6252@gnash>
Message-ID: <51BB321D.3010605@telus.net>

The relevant section of the OGC SFS spec (99-049) is 2.1.11 MultiSurface:

"The boundaries of any two elements in a MultiSurface may intersect at 
most at a finite number of points"

An intersection which is a line segment contains an infinite number of 
points, so this is invalid.

On 6/14/2013 6:41 AM, Sandro Santilli wrote:
> On Fri, Jun 14, 2013 at 01:16:02PM +0200, Oliver Courtin wrote:
>> Hi,
>>
>>
>> Below an example, throught PostGIS
>> with GEOS 3.3.5-CAPI-1.7.5:
>>
>>
>> SELECT ST_IsValidReason(
>>    'MULTIPOLYGON(((0 0,1 0,1 1,0 1,0 0)),((1 0,2 0,2 1,1 1,1 0)))'::geometry
>>    );
>>
>>
>> Output:   Self-intersection[1 0]
>>
>>
>> After looking in SFS and ISO 19107,
>> we didn't find at first sight
>> why such a geometry should be invalid.
>>
>>
>> Could you give us some light on it ?
> The two components have a lineal intersection.
> Puntal intersection would be considered valid
> (ie: moving vertex  1,1  to 1,1.5).
>
> IIRC there was a "single point" wording in the spec, but
> Martin will know more about this.
>
> --strk;
> _______________________________________________
> geos-devel mailing list
> geos-devel at lists.osgeo.org
> http://lists.osgeo.org/mailman/listinfo/geos-devel
>
>
> -----
> No virus found in this message.
> Checked by AVG - www.avg.com
> Version: 2013.0.2904 / Virus Database: 3184/6359 - Release Date: 05/26/13
> Internal Virus Database is out of date.
>
>


From olivier.courtin at oslandia.com  Fri Jun 14 10:55:45 2013
From: olivier.courtin at oslandia.com (Oliver Courtin)
Date: Fri, 14 Jun 2013 19:55:45 +0200
Subject: [geos-devel] MULTI*  and Invalid
In-Reply-To: <51BB321D.3010605@telus.net>
References: <11DC3445-FC66-44E2-B728-D5405DAF324F@oslandia.com>
	<20130614134126.GB6252@gnash> <51BB321D.3010605@telus.net>
Message-ID: <CEB906DF-5639-4FB2-846C-9E799EAB8D40@oslandia.com>


Le 14 juin 2013 ? 17:09, Martin Davis a ?crit :

> The relevant section of the OGC SFS spec (99-049) is 2.1.11 MultiSurface:
> 
> "The boundaries of any two elements in a MultiSurface may intersect at most at a finite number of points"
> 
> An intersection which is a line segment contains an infinite number of points, so this is invalid.


Thanks both Martin and Sandro for this clear answer !


O.



From hi.vishal123 at gmail.com  Wed Jun 19 05:39:31 2013
From: hi.vishal123 at gmail.com (vishal tiwari)
Date: Wed, 19 Jun 2013 18:09:31 +0530
Subject: [geos-devel] Doubts
Message-ID: <CAJW9wou_s_=D7NMhSk+udGyPukURC9vKm0j7RqTu04_cD=oc=w@mail.gmail.com>

Hey strk,

I was porting some methods in QuadEdgeSubdivision class, and saw some
methods like, geom::Triangle::circumcentre()
,geom::CoordinateList::closeRing(), not there, which are required, so
should i port them, or expand the functions in QuadEdgeSubdivision class
itself?

I see one unit test case for VoronoiDiagram in JTS, so i will be building
some of my own. :)

Thanks and kind Regards,
Vishal
-------------- next part --------------
An HTML attachment was scrubbed...
URL: <http://lists.osgeo.org/pipermail/geos-devel/attachments/20130619/6192e67c/attachment.html>

From strk at keybit.net  Wed Jun 19 06:06:16 2013
From: strk at keybit.net (Sandro Santilli)
Date: Wed, 19 Jun 2013 15:06:16 +0200
Subject: [geos-devel] Doubts
In-Reply-To: <CAJW9wou_s_=D7NMhSk+udGyPukURC9vKm0j7RqTu04_cD=oc=w@mail.gmail.com>
References: <CAJW9wou_s_=D7NMhSk+udGyPukURC9vKm0j7RqTu04_cD=oc=w@mail.gmail.com>
Message-ID: <20130619130616.GC10626@gnash>

On Wed, Jun 19, 2013 at 06:09:31PM +0530, vishal tiwari wrote:
> Hey strk,
> 
> I was porting some methods in QuadEdgeSubdivision class, and saw some
> methods like, geom::Triangle::circumcentre()
> ,geom::CoordinateList::closeRing(), not there, which are required, so
> should i port them, or expand the functions in QuadEdgeSubdivision class
> itself?

You should port them to the respective classes (Triangle, CoordinateList).

> I see one unit test case for VoronoiDiagram in JTS, so i will be building
> some of my own. :)

Thanks! Consider also adding testcases for the new methods in Triangle
and CoordinateList. The more tests we have, the better :)

--strk;

From geos-trac at osgeo.org  Wed Jun 19 22:42:38 2013
From: geos-trac at osgeo.org (GEOS)
Date: Thu, 20 Jun 2013 05:42:38 -0000
Subject: [geos-devel] [GEOS] #634: geos_svn_revision.h being regenerated
	with bad one
Message-ID: <044.155c232e5b78f7bae6ef0c1d439b5d6e@osgeo.org>

#634: geos_svn_revision.h being regenerated with bad one
------------------------+---------------------------------------------------
 Reporter:  robe        |       Owner:  geos-devel@?              
     Type:  defect      |      Status:  new                       
 Priority:  minor       |   Milestone:  3.4.0                     
Component:  Default     |     Version:  svn-trunk                 
 Severity:  Unassigned  |    Keywords:                            
------------------------+---------------------------------------------------
 I'm not sure what triggers this but on my mingw64 builds the revision
 number is always being overwritten with 0.  I built from tar ball this
 time and it still insists on trying to pull from svn when I'm building
 with CMake and then overwrite the good packaged

 geos_svn_revision.h  (that has a number with 0)

 Is there a way to turn this off or have it not do it when you are building
 from tar ball?

-- 
Ticket URL: <http://trac.osgeo.org/geos/ticket/634>
GEOS <http://geos.refractions.net/>
GEOS (Geometry Engine - Open Source) is a C++ port of the Java Topology Suite (JTS).

From hi.vishal123 at gmail.com  Fri Jun 21 04:20:35 2013
From: hi.vishal123 at gmail.com (vishal tiwari)
Date: Fri, 21 Jun 2013 16:50:35 +0530
Subject: [geos-devel] Doubts
In-Reply-To: <20130619130616.GC10626@gnash>
References: <CAJW9wou_s_=D7NMhSk+udGyPukURC9vKm0j7RqTu04_cD=oc=w@mail.gmail.com>
	<20130619130616.GC10626@gnash>
Message-ID: <CAJW9wou_1cECnz0b40q_ywMvijPahONHve7QFxDOeUHDbYyL2g@mail.gmail.com>

Hey,
I am facing some very silly problems when i try to compile
QuadEdgeSubdivision.cpp.
I have declared my getVoronoiCellPolygons as :
void
QuadEdgeSubdivision::getVoronoiCellPolygons(std::vector<geom::Geometry *>
&cells ,const geom::GeometryFactory& geomFact)
{
.....
.....
}

And I have definition it in QuadEdgeSubdiviion.h as:

void getVoronoiCellPolygons( std::vector<geom::Geometry *> &cells , const
geom::GeomtryFactory &geomFact);

And i am getting the following compilation error:
In file included from QuadEdgeSubdivision.cpp:18:
../../../include/geos/triangulate/quadedge/QuadEdgeSubdivision.h:425:
error: expected unqualified-id before ?&? token
../../../include/geos/triangulate/quadedge/QuadEdgeSubdivision.h:425:
error: expected ?)? before ?&? token
../../../include/geos/triangulate/quadedge/QuadEdgeSubdivision.h:425:
error: expected ?;? before ?&? token

Similar error is shown getVoronoiCellPolygon method:
getVoronoiCellPolygon.cpp:

geos::geom::Polygon*
QuadEdgeSubdivision::getVoronoiCellPolygon(QuadEdge* qe ,const
geom::GeomtryFactory& geomFact)
{
...........
...........
...........
}

getVoronoiCellPolygon.h

geos::geom::Polygon* getVoronoiCellPolygon(QuadEdge* qe ,const
geom::GeomtryFactory& geomFact);

../../../include/geos/triangulate/quadedge/QuadEdgeSubdivision.h:442:
error: expected unqualified-id before ?&? token
../../../include/geos/triangulate/quadedge/QuadEdgeSubdivision.h:442:
error: expected ?)? before ?&? token
../../../include/geos/triangulate/quadedge/QuadEdgeSubdivision.h:442:
error: expected ?;? before ?&? token

I have quantified it using the "::" operator and specified to which class
the methods belong to. Please help me out with this.

--Vishal


On 19 June 2013 18:36, Sandro Santilli <strk at keybit.net> wrote:

> On Wed, Jun 19, 2013 at 06:09:31PM +0530, vishal tiwari wrote:
> > Hey strk,
> >
> > I was porting some methods in QuadEdgeSubdivision class, and saw some
> > methods like, geom::Triangle::circumcentre()
> > ,geom::CoordinateList::closeRing(), not there, which are required, so
> > should i port them, or expand the functions in QuadEdgeSubdivision class
> > itself?
>
> You should port them to the respective classes (Triangle, CoordinateList).
>
> > I see one unit test case for VoronoiDiagram in JTS, so i will be building
> > some of my own. :)
>
> Thanks! Consider also adding testcases for the new methods in Triangle
> and CoordinateList. The more tests we have, the better :)
>
> --strk;
> _______________________________________________
> geos-devel mailing list
> geos-devel at lists.osgeo.org
> http://lists.osgeo.org/mailman/listinfo/geos-devel
>



-- 
Vishal Tiwari
Undergraduate
Computer Science and Engineering
Lab for Spatial Informatics
IIIT-Hyderabad
-------------- next part --------------
An HTML attachment was scrubbed...
URL: <http://lists.osgeo.org/pipermail/geos-devel/attachments/20130621/d000f278/attachment.html>

From strk at keybit.net  Fri Jun 21 06:09:40 2013
From: strk at keybit.net (Sandro Santilli)
Date: Fri, 21 Jun 2013 15:09:40 +0200
Subject: [geos-devel] Doubts
In-Reply-To: <CAJW9wou_1cECnz0b40q_ywMvijPahONHve7QFxDOeUHDbYyL2g@mail.gmail.com>
References: <CAJW9wou_s_=D7NMhSk+udGyPukURC9vKm0j7RqTu04_cD=oc=w@mail.gmail.com>
	<20130619130616.GC10626@gnash>
	<CAJW9wou_1cECnz0b40q_ywMvijPahONHve7QFxDOeUHDbYyL2g@mail.gmail.com>
Message-ID: <20130621130940.GF3491@gnash>

On Fri, Jun 21, 2013 at 04:50:35PM +0530, vishal tiwari wrote:
> Hey,
> I am facing some very silly problems when i try to compile
> QuadEdgeSubdivision.cpp.
> I have declared my getVoronoiCellPolygons as :
> void
> QuadEdgeSubdivision::getVoronoiCellPolygons(std::vector<geom::Geometry *>
> &cells ,const geom::GeometryFactory& geomFact)
> {
> .....
> .....
> }
> 
> And I have definition it in QuadEdgeSubdiviion.h as:
> 
> void getVoronoiCellPolygons( std::vector<geom::Geometry *> &cells , const
> geom::GeomtryFactory &geomFact);
> 
> And i am getting the following compilation error:
> In file included from QuadEdgeSubdivision.cpp:18:
> ../../../include/geos/triangulate/quadedge/QuadEdgeSubdivision.h:425:
> error: expected unqualified-id before ?&? token

Sounds like a missing #include <geos/geom/GeometryFactory.h>
or a missing #include <vector>. You'll need both.

--strk;

  ~~ http://strk.keybit.net 


From mickael.borne at ign.fr  Fri Jun 21 09:29:40 2013
From: mickael.borne at ign.fr (Mickael BORNE)
Date: Fri, 21 Jun 2013 18:29:40 +0200
Subject: [geos-devel] Bug in src/noding/snapround/HotPixel.cpp?
Message-ID: <51C47F74.1030401@ign.fr>

Hi geos-devel!

Could you confirm and patch the following bug in :

void HotPixel::initCorners(const Coordinate& pt)


A triangle is represented instead of a square :


Index: src/noding/snapround/HotPixel.cpp
===================================================================
--- src/noding/snapround/HotPixel.cpp    (r?vision 3823)
+++ src/noding/snapround/HotPixel.cpp    (copie de travail)
@@ -83,7 +83,7 @@
      corner[0] = Coordinate(maxx, maxy);
      corner[1] = Coordinate(minx, maxy);
      corner[2] = Coordinate(minx, miny);
-    corner[3] = Coordinate(maxx, maxy);
+    corner[3] = Coordinate(maxx, miny);
  }



From hi.vishal123 at gmail.com  Fri Jun 21 11:47:52 2013
From: hi.vishal123 at gmail.com (vishal tiwari)
Date: Sat, 22 Jun 2013 00:17:52 +0530
Subject: [geos-devel] GSoC Weekly Report
Message-ID: <CAJW9wovGTSDu-RewjNMZK9hPLG-iv2J7edMF-1b_UgRMjgwoyg@mail.gmail.com>

*Week 1*

*1. Work Done :*

   - Have ported the methods that are in
   geos/triangualte/quadedge/QuadEdgeSubdivion.cpp. The methods are as such:
      - getVoronoiDiagram : Gets the cells in the Voronoi diagram for a
      triangulation.
      - getVoronoiCellPolygons : Gets the polygons for the Voronoi Cells
      for a triangulation.
      - getVoronoiCellPolygon : Gets the Voronoi cell around a site
      specified by the origin of a
QuadEdge?<http://trac.osgeo.org/geos/wiki/QuadEdge>
      .
      - getVertexUniqueEdges : Gets a collection of
QuadEdges?<http://trac.osgeo.org/geos/wiki/QuadEdges> whose
      origin vertices are a unique set which includes all vertices in the
      subdivision. The frame vertices can be included if required.
   - Class TriangleCircumcentreVisitor?<http://trac.osgeo.org/geos/wiki/TriangleCircumcentreVisitor>
was
   also ported.
   - More methods like geos::geom::Triangle::circumcentre, and
   geos::geom::closeRing that were required in the above functions were also
   ported.

*2. Problem Faced :*

   - I am having some silly problems during compilation which i am working
   out with strk, it will be solved soon.

*3. Work to be done in the next week :*

   - Solve the errors that are coming as of now.
   - Port the classes left, and see the working of the methods ported.
   - Start with the port of class
VoronoiDiagramBuilder?<http://trac.osgeo.org/geos/wiki/VoronoiDiagramBuilder>
   .


Regards,
-- 
Vishal Tiwari
Undergraduate
Computer Science and Engineering
Lab for Spatial Informatics
IIIT-Hyderabad
-------------- next part --------------
An HTML attachment was scrubbed...
URL: <http://lists.osgeo.org/pipermail/geos-devel/attachments/20130622/157b7108/attachment.html>

From hi.vishal123 at gmail.com  Fri Jun 21 11:56:14 2013
From: hi.vishal123 at gmail.com (vishal tiwari)
Date: Sat, 22 Jun 2013 00:26:14 +0530
Subject: [geos-devel] Doubts
In-Reply-To: <20130621130940.GF3491@gnash>
References: <CAJW9wou_s_=D7NMhSk+udGyPukURC9vKm0j7RqTu04_cD=oc=w@mail.gmail.com>
	<20130619130616.GC10626@gnash>
	<CAJW9wou_1cECnz0b40q_ywMvijPahONHve7QFxDOeUHDbYyL2g@mail.gmail.com>
	<20130621130940.GF3491@gnash>
Message-ID: <CAJW9wovDH_7mug9W=ZGCR9-rd=G7upqUJFWmT_BYQgu325MwJw@mail.gmail.com>

I have included both the header files, but i am still getting the error. I
am stuck with this for a long time now, i don't know what to do about it. I
have attached the files to the mail.


On 21 June 2013 18:39, Sandro Santilli <strk at keybit.net> wrote:

> On Fri, Jun 21, 2013 at 04:50:35PM +0530, vishal tiwari wrote:
> > Hey,
> > I am facing some very silly problems when i try to compile
> > QuadEdgeSubdivision.cpp.
> > I have declared my getVoronoiCellPolygons as :
> > void
> > QuadEdgeSubdivision::getVoronoiCellPolygons(std::vector<geom::Geometry *>
> > &cells ,const geom::GeometryFactory& geomFact)
> > {
> > .....
> > .....
> > }
> >
> > And I have definition it in QuadEdgeSubdiviion.h as:
> >
> > void getVoronoiCellPolygons( std::vector<geom::Geometry *> &cells , const
> > geom::GeomtryFactory &geomFact);
> >
> > And i am getting the following compilation error:
> > In file included from QuadEdgeSubdivision.cpp:18:
> > ../../../include/geos/triangulate/quadedge/QuadEdgeSubdivision.h:425:
> > error: expected unqualified-id before ?&? token
>
> Sounds like a missing #include <geos/geom/GeometryFactory.h>
> or a missing #include <vector>. You'll need both.
>
> --strk;
>
>   ~~ http://strk.keybit.net
>
> _______________________________________________
> geos-devel mailing list
> geos-devel at lists.osgeo.org
> http://lists.osgeo.org/mailman/listinfo/geos-devel
>



-- 
Vishal Tiwari
Undergraduate
Computer Science and Engineering
Lab for Spatial Informatics
IIIT-Hyderabad
-------------- next part --------------
An HTML attachment was scrubbed...
URL: <http://lists.osgeo.org/pipermail/geos-devel/attachments/20130622/da4c3daa/attachment-0001.html>
-------------- next part --------------
A non-text attachment was scrubbed...
Name: QuadEdgeSubdivision.h
Type: text/x-chdr
Size: 14897 bytes
Desc: not available
URL: <http://lists.osgeo.org/pipermail/geos-devel/attachments/20130622/da4c3daa/attachment-0001.h>
-------------- next part --------------
A non-text attachment was scrubbed...
Name: QuadEdgeSubdivision.cpp
Type: text/x-c++src
Size: 15967 bytes
Desc: not available
URL: <http://lists.osgeo.org/pipermail/geos-devel/attachments/20130622/da4c3daa/attachment-0001.cpp>

From hi.vishal123 at gmail.com  Sun Jun 23 05:22:24 2013
From: hi.vishal123 at gmail.com (vishal tiwari)
Date: Sun, 23 Jun 2013 17:52:24 +0530
Subject: [geos-devel] Doubts
In-Reply-To: <CAJW9wovDH_7mug9W=ZGCR9-rd=G7upqUJFWmT_BYQgu325MwJw@mail.gmail.com>
References: <CAJW9wou_s_=D7NMhSk+udGyPukURC9vKm0j7RqTu04_cD=oc=w@mail.gmail.com>
	<20130619130616.GC10626@gnash>
	<CAJW9wou_1cECnz0b40q_ywMvijPahONHve7QFxDOeUHDbYyL2g@mail.gmail.com>
	<20130621130940.GF3491@gnash>
	<CAJW9wovDH_7mug9W=ZGCR9-rd=G7upqUJFWmT_BYQgu325MwJw@mail.gmail.com>
Message-ID: <CAJW9wot-p4cpeA0EYaO99O_qxG2GVe9J8xEpZfd65XTqXNTbwA@mail.gmail.com>

Hey,
i have fixed that problem, i was using the wrong spelling of
GeometryFactory. my bad. :)

Thanks,


On 22 June 2013 00:26, vishal tiwari <hi.vishal123 at gmail.com> wrote:

> I have included both the header files, but i am still getting the error. I
> am stuck with this for a long time now, i don't know what to do about it. I
> have attached the files to the mail.
>
>
> On 21 June 2013 18:39, Sandro Santilli <strk at keybit.net> wrote:
>
>> On Fri, Jun 21, 2013 at 04:50:35PM +0530, vishal tiwari wrote:
>> > Hey,
>> > I am facing some very silly problems when i try to compile
>> > QuadEdgeSubdivision.cpp.
>> > I have declared my getVoronoiCellPolygons as :
>> > void
>> > QuadEdgeSubdivision::getVoronoiCellPolygons(std::vector<geom::Geometry
>> *>
>> > &cells ,const geom::GeometryFactory& geomFact)
>> > {
>> > .....
>> > .....
>> > }
>> >
>> > And I have definition it in QuadEdgeSubdiviion.h as:
>> >
>> > void getVoronoiCellPolygons( std::vector<geom::Geometry *> &cells ,
>> const
>> > geom::GeomtryFactory &geomFact);
>> >
>> > And i am getting the following compilation error:
>> > In file included from QuadEdgeSubdivision.cpp:18:
>> > ../../../include/geos/triangulate/quadedge/QuadEdgeSubdivision.h:425:
>> > error: expected unqualified-id before ?&? token
>>
>> Sounds like a missing #include <geos/geom/GeometryFactory.h>
>> or a missing #include <vector>. You'll need both.
>>
>> --strk;
>>
>>   ~~ http://strk.keybit.net
>>
>> _______________________________________________
>> geos-devel mailing list
>> geos-devel at lists.osgeo.org
>> http://lists.osgeo.org/mailman/listinfo/geos-devel
>>
>
>
>
> --
> Vishal Tiwari
> Undergraduate
> Computer Science and Engineering
> Lab for Spatial Informatics
> IIIT-Hyderabad
>



-- 
Vishal Tiwari
Undergraduate
Computer Science and Engineering
Lab for Spatial Informatics
IIIT-Hyderabad
-------------- next part --------------
An HTML attachment was scrubbed...
URL: <http://lists.osgeo.org/pipermail/geos-devel/attachments/20130623/e583662d/attachment.html>

From strk at keybit.net  Mon Jun 24 08:29:01 2013
From: strk at keybit.net (Sandro Santilli)
Date: Mon, 24 Jun 2013 17:29:01 +0200
Subject: [geos-devel] Doubts
In-Reply-To: <CAJW9wot-p4cpeA0EYaO99O_qxG2GVe9J8xEpZfd65XTqXNTbwA@mail.gmail.com>
References: <CAJW9wou_s_=D7NMhSk+udGyPukURC9vKm0j7RqTu04_cD=oc=w@mail.gmail.com>
	<20130619130616.GC10626@gnash>
	<CAJW9wou_1cECnz0b40q_ywMvijPahONHve7QFxDOeUHDbYyL2g@mail.gmail.com>
	<20130621130940.GF3491@gnash>
	<CAJW9wovDH_7mug9W=ZGCR9-rd=G7upqUJFWmT_BYQgu325MwJw@mail.gmail.com>
	<CAJW9wot-p4cpeA0EYaO99O_qxG2GVe9J8xEpZfd65XTqXNTbwA@mail.gmail.com>
Message-ID: <20130624152901.GA26942@gnash>

On Sun, Jun 23, 2013 at 05:52:24PM +0530, vishal tiwari wrote:
> Hey,
> i have fixed that problem, i was using the wrong spelling of
> GeometryFactory. my bad. :)

Oops. Glad you survived this one ;)

--strk;

From strk at keybit.net  Mon Jun 24 08:34:38 2013
From: strk at keybit.net (Sandro Santilli)
Date: Mon, 24 Jun 2013 17:34:38 +0200
Subject: [geos-devel] Bug in src/noding/snapround/HotPixel.cpp?
In-Reply-To: <51C47F74.1030401@ign.fr>
References: <51C47F74.1030401@ign.fr>
Message-ID: <20130624153438.GB26942@gnash>

Hey Mickael, confirmed !
This clearly shows how the snaprounding code is in need of
testcases. How did you find out ? Any code we can put under
testsuite ?

--strk;

On Fri, Jun 21, 2013 at 06:29:40PM +0200, Mickael BORNE wrote:
> Hi geos-devel!
> 
> Could you confirm and patch the following bug in :
> 
> void HotPixel::initCorners(const Coordinate& pt)
> 
> 
> A triangle is represented instead of a square :
> 
> 
> Index: src/noding/snapround/HotPixel.cpp
> ===================================================================
> --- src/noding/snapround/HotPixel.cpp    (r?vision 3823)
> +++ src/noding/snapround/HotPixel.cpp    (copie de travail)
> @@ -83,7 +83,7 @@
>      corner[0] = Coordinate(maxx, maxy);
>      corner[1] = Coordinate(minx, maxy);
>      corner[2] = Coordinate(minx, miny);
> -    corner[3] = Coordinate(maxx, maxy);
> +    corner[3] = Coordinate(maxx, miny);
>  }
> 

From mickael.borne at ign.fr  Mon Jun 24 08:45:20 2013
From: mickael.borne at ign.fr (Mickael BORNE)
Date: Mon, 24 Jun 2013 17:45:20 +0200
Subject: [geos-devel] Bug in src/noding/snapround/HotPixel.cpp?
In-Reply-To: <20130624153438.GB26942@gnash>
References: <51C47F74.1030401@ign.fr> <20130624153438.GB26942@gnash>
Message-ID: <51C86990.2040807@ign.fr>

> Hey Mickael, confirmed !
> This clearly shows how the snaprounding code is in need of
> testcases. How did you find out ? Any code we can put under
> testsuite ?


A member of my team (Pierre) works on a SnapRouding based on 
boost::graph and GEOS and he faced the following case :

+---+
+  /
+ / +
+/   \
       \
        \
         +

I'll look for the corresponding test.

>
> --strk;
>
> On Fri, Jun 21, 2013 at 06:29:40PM +0200, Mickael BORNE wrote:
>> Hi geos-devel!
>>
>> Could you confirm and patch the following bug in :
>>
>> void HotPixel::initCorners(const Coordinate& pt)
>>
>>
>> A triangle is represented instead of a square :
>>
>>
>> Index: src/noding/snapround/HotPixel.cpp
>> ===================================================================
>> --- src/noding/snapround/HotPixel.cpp    (r?vision 3823)
>> +++ src/noding/snapround/HotPixel.cpp    (copie de travail)
>> @@ -83,7 +83,7 @@
>>       corner[0] = Coordinate(maxx, maxy);
>>       corner[1] = Coordinate(minx, maxy);
>>       corner[2] = Coordinate(minx, miny);
>> -    corner[3] = Coordinate(maxx, maxy);
>> +    corner[3] = Coordinate(maxx, miny);
>>   }
>>
> _______________________________________________
> geos-devel mailing list
> geos-devel at lists.osgeo.org
> http://lists.osgeo.org/mailman/listinfo/geos-devel
>


From mickael.borne at ign.fr  Mon Jun 24 09:23:11 2013
From: mickael.borne at ign.fr (Mickael BORNE)
Date: Mon, 24 Jun 2013 18:23:11 +0200
Subject: [geos-devel] Bug in src/noding/snapround/HotPixel.cpp?
In-Reply-To: <51C86990.2040807@ign.fr>
References: <51C47F74.1030401@ign.fr> <20130624153438.GB26942@gnash>
	<51C86990.2040807@ign.fr>
Message-ID: <51C8726F.6020702@ign.fr>

Here is a test case fixed by this change :

BOOST_AUTO_TEST_CASE( test_geos_HotPixel )
{
    double scale = 1.0 ;

    geos::geom::PrecisionModel pm(scale);
    geos::algorithm::LineIntersector lineIntersector(&pm) ;

    geos::geom::Coordinate p1(0.6,1.4) ;
    geos::geom::Coordinate p2(3.6, 3.4) ;
    geos::geom::Coordinate p3(2.0, 3.0) ;

    geos::noding::snapround::HotPixel hotPix1(
        p3, scale, lineIntersector
    )  ;
    BOOST_CHECK( hotPix1.intersects( p1, p2 ) ) ;
}


>> Hey Mickael, confirmed !
>> This clearly shows how the snaprounding code is in need of
>> testcases. How did you find out ? Any code we can put under
>> testsuite ?
>
>
> A member of my team (Pierre) works on a SnapRouding based on
> boost::graph and GEOS and he faced the following case :
>
> +---+
> +  /
> + / +
> +/   \
>        \
>         \
>          +
>
> I'll look for the corresponding test.
>
>>
>> --strk;
>>
>> On Fri, Jun 21, 2013 at 06:29:40PM +0200, Mickael BORNE wrote:
>>> Hi geos-devel!
>>>
>>> Could you confirm and patch the following bug in :
>>>
>>> void HotPixel::initCorners(const Coordinate& pt)
>>>
>>>
>>> A triangle is represented instead of a square :
>>>
>>>
>>> Index: src/noding/snapround/HotPixel.cpp
>>> ===================================================================
>>> --- src/noding/snapround/HotPixel.cpp    (r?vision 3823)
>>> +++ src/noding/snapround/HotPixel.cpp    (copie de travail)
>>> @@ -83,7 +83,7 @@
>>>       corner[0] = Coordinate(maxx, maxy);
>>>       corner[1] = Coordinate(minx, maxy);
>>>       corner[2] = Coordinate(minx, miny);
>>> -    corner[3] = Coordinate(maxx, maxy);
>>> +    corner[3] = Coordinate(maxx, miny);
>>>   }
>>>
>> _______________________________________________
>> geos-devel mailing list
>> geos-devel at lists.osgeo.org
>> http://lists.osgeo.org/mailman/listinfo/geos-devel
>>
>
> _______________________________________________
> geos-devel mailing list
> geos-devel at lists.osgeo.org
> http://lists.osgeo.org/mailman/listinfo/geos-devel
>


From geos-trac at osgeo.org  Wed Jun 26 09:04:35 2013
From: geos-trac at osgeo.org (GEOS)
Date: Wed, 26 Jun 2013 16:04:35 -0000
Subject: [geos-devel] [GEOS] #635: Bug in HotPixel constructor
Message-ID: <044.29505aeff5935450dfafd4f37501f414@osgeo.org>

#635: Bug in HotPixel constructor
------------------------+---------------------------------------------------
 Reporter:  strk        |       Owner:  geos-devel@?              
     Type:  defect      |      Status:  new                       
 Priority:  major       |   Milestone:  3.3.9                     
Component:  Default     |     Version:  3.3.8                     
 Severity:  Unassigned  |    Keywords:                            
------------------------+---------------------------------------------------
 See http://lists.osgeo.org/pipermail/geos-devel/2013-June/006348.html

-- 
Ticket URL: <http://trac.osgeo.org/geos/ticket/635>
GEOS <http://geos.refractions.net/>
GEOS (Geometry Engine - Open Source) is a C++ port of the Java Topology Suite (JTS).

From geos-trac at osgeo.org  Wed Jun 26 09:33:08 2013
From: geos-trac at osgeo.org (GEOS)
Date: Wed, 26 Jun 2013 16:33:08 -0000
Subject: [geos-devel] [GEOS] #635: Bug in HotPixel constructor
In-Reply-To: <044.29505aeff5935450dfafd4f37501f414@osgeo.org>
References: <044.29505aeff5935450dfafd4f37501f414@osgeo.org>
Message-ID: <053.b0dca6770d37cf35f4387a9f5b2b04a0@osgeo.org>

#635: Bug in HotPixel constructor
------------------------+---------------------------------------------------
 Reporter:  strk        |        Owner:  geos-devel@?              
     Type:  defect      |       Status:  closed                    
 Priority:  major       |    Milestone:  3.3.9                     
Component:  Default     |      Version:  3.3.8                     
 Severity:  Unassigned  |   Resolution:  fixed                     
 Keywords:  history     |  
------------------------+---------------------------------------------------
Changes (by strk):

  * keywords:  => history
  * status:  new => closed
  * resolution:  => fixed


Comment:

 Fixed with r3825 in 3.3 branch and r3826 in trunk

-- 
Ticket URL: <http://trac.osgeo.org/geos/ticket/635#comment:1>
GEOS <http://geos.refractions.net/>
GEOS (Geometry Engine - Open Source) is a C++ port of the Java Topology Suite (JTS).

From strk at keybit.net  Wed Jun 26 09:33:12 2013
From: strk at keybit.net (Sandro Santilli)
Date: Wed, 26 Jun 2013 18:33:12 +0200
Subject: [geos-devel] Bug in src/noding/snapround/HotPixel.cpp?
In-Reply-To: <51C8726F.6020702@ign.fr>
References: <51C47F74.1030401@ign.fr> <20130624153438.GB26942@gnash>
	<51C86990.2040807@ign.fr> <51C8726F.6020702@ign.fr>
Message-ID: <20130626163312.GA11385@gnash>

Thank you. Slightly modified test added to the suite
(to use all integers) and fix committed.
See http://trac.osgeo.org/geos/ticket/635

--strk;

On Mon, Jun 24, 2013 at 06:23:11PM +0200, Mickael BORNE wrote:
> Here is a test case fixed by this change :
> 
> BOOST_AUTO_TEST_CASE( test_geos_HotPixel )
> {
>    double scale = 1.0 ;
> 
>    geos::geom::PrecisionModel pm(scale);
>    geos::algorithm::LineIntersector lineIntersector(&pm) ;
> 
>    geos::geom::Coordinate p1(0.6,1.4) ;
>    geos::geom::Coordinate p2(3.6, 3.4) ;
>    geos::geom::Coordinate p3(2.0, 3.0) ;
> 
>    geos::noding::snapround::HotPixel hotPix1(
>        p3, scale, lineIntersector
>    )  ;
>    BOOST_CHECK( hotPix1.intersects( p1, p2 ) ) ;
> }
> 
> 
> >>Hey Mickael, confirmed !
> >>This clearly shows how the snaprounding code is in need of
> >>testcases. How did you find out ? Any code we can put under
> >>testsuite ?
> >
> >
> >A member of my team (Pierre) works on a SnapRouding based on
> >boost::graph and GEOS and he faced the following case :
> >
> >+---+
> >+  /
> >+ / +
> >+/   \
> >       \
> >        \
> >         +
> >
> >I'll look for the corresponding test.
> >
> >>
> >>--strk;
> >>
> >>On Fri, Jun 21, 2013 at 06:29:40PM +0200, Mickael BORNE wrote:
> >>>Hi geos-devel!
> >>>
> >>>Could you confirm and patch the following bug in :
> >>>
> >>>void HotPixel::initCorners(const Coordinate& pt)
> >>>
> >>>
> >>>A triangle is represented instead of a square :
> >>>
> >>>
> >>>Index: src/noding/snapround/HotPixel.cpp
> >>>===================================================================
> >>>--- src/noding/snapround/HotPixel.cpp    (r?vision 3823)
> >>>+++ src/noding/snapround/HotPixel.cpp    (copie de travail)
> >>>@@ -83,7 +83,7 @@
> >>>      corner[0] = Coordinate(maxx, maxy);
> >>>      corner[1] = Coordinate(minx, maxy);
> >>>      corner[2] = Coordinate(minx, miny);
> >>>-    corner[3] = Coordinate(maxx, maxy);
> >>>+    corner[3] = Coordinate(maxx, miny);
> >>>  }

From strk at keybit.net  Wed Jun 26 09:40:32 2013
From: strk at keybit.net (Sandro Santilli)
Date: Wed, 26 Jun 2013 18:40:32 +0200
Subject: [geos-devel] GSoC Weekly Report
In-Reply-To: <CAJW9wovGTSDu-RewjNMZK9hPLG-iv2J7edMF-1b_UgRMjgwoyg@mail.gmail.com>
References: <CAJW9wovGTSDu-RewjNMZK9hPLG-iv2J7edMF-1b_UgRMjgwoyg@mail.gmail.com>
Message-ID: <20130626164032.GC11385@gnash>

Thanks for the report Vishal.

One thing: before porting more classes I suggest you port or write
the unit tests associated with each class you ported already.

Same thing for new methods (possibly easier as a unit test for the
class may already be available).

Every portion of code + docs (doxygen) + test is a good candidate for
merging into the official repository.

I'm a fan of incremental work :)

--strk;

On Sat, Jun 22, 2013 at 12:17:52AM +0530, vishal tiwari wrote:
> *Week 1*
> 
> *1. Work Done :*
> 
>    - Have ported the methods that are in
>    geos/triangualte/quadedge/QuadEdgeSubdivion.cpp. The methods are as such:
>       - getVoronoiDiagram : Gets the cells in the Voronoi diagram for a
>       triangulation.
>       - getVoronoiCellPolygons : Gets the polygons for the Voronoi Cells
>       for a triangulation.
>       - getVoronoiCellPolygon : Gets the Voronoi cell around a site
>       specified by the origin of a
> QuadEdge?<http://trac.osgeo.org/geos/wiki/QuadEdge>
>       .
>       - getVertexUniqueEdges : Gets a collection of
> QuadEdges?<http://trac.osgeo.org/geos/wiki/QuadEdges> whose
>       origin vertices are a unique set which includes all vertices in the
>       subdivision. The frame vertices can be included if required.
>    - Class TriangleCircumcentreVisitor?<http://trac.osgeo.org/geos/wiki/TriangleCircumcentreVisitor>
> was
>    also ported.
>    - More methods like geos::geom::Triangle::circumcentre, and
>    geos::geom::closeRing that were required in the above functions were also
>    ported.
> 
> *2. Problem Faced :*
> 
>    - I am having some silly problems during compilation which i am working
>    out with strk, it will be solved soon.
> 
> *3. Work to be done in the next week :*
> 
>    - Solve the errors that are coming as of now.
>    - Port the classes left, and see the working of the methods ported.
>    - Start with the port of class
> VoronoiDiagramBuilder?<http://trac.osgeo.org/geos/wiki/VoronoiDiagramBuilder>
>    .
> 
> 
> Regards,

From strk at keybit.net  Thu Jun 27 01:20:47 2013
From: strk at keybit.net (Sandro Santilli)
Date: Thu, 27 Jun 2013 10:20:47 +0200
Subject: [geos-devel] [postgis-devel] Any chance we'll be releasing GEOS
 3.4.0 before PostGIS 2.1 comes out
In-Reply-To: <0BD39CC0F51B48D48A746420E1B9DDB3@O>
References: <0BD39CC0F51B48D48A746420E1B9DDB3@O>
Message-ID: <20130627082047.GA19010@gnash>

It takes time to do releases.
If you can help with that, no problem with it.
The most time consuming part for me is going trough the bug tracker
and shift forward all milestones.

It's a pity that Voronoi won't make it in 3.4 if we release before
end of summer (it'll have to wait for 3.5). Also pity that there'll
be no exposure of precision/tolerance. Anyway waiting won't help,
it actually takes someone to do it :)

So, to recap: if you can help, with both 3.3.9 and 3.4.0, chances
are you'll get your release.

Better discussed in geos-devel.

--strk;

On Thu, Jun 27, 2013 at 12:07:50AM -0400, Paragon Corporation wrote:
> Pretty please.
> 
> That's the other reason I'm not that much of a rush to push out a 2.0.4
> because I'd have to ship 3.3.8 which would corrupt windows installs that
> have both PostGIS 2.0 and PostGIS 2.1 if they installed 2.1 before 2.0.4
> update. And it seems pretty stupid to me to ship a 2.1 without 3.4 since
> everyone has been testing with 3.4.
> 
> I'd like to ship both with the same GEOS so I don't have to worry about this
> dependency mess.
> 
> Thanks,
> Regina
> http://www.postgis.us
> http://postgis.net

From hi.vishal123 at gmail.com  Thu Jun 27 04:25:09 2013
From: hi.vishal123 at gmail.com (vishal tiwari)
Date: Thu, 27 Jun 2013 16:55:09 +0530
Subject: [geos-devel] Doubts
In-Reply-To: <20130624152901.GA26942@gnash>
References: <CAJW9wou_s_=D7NMhSk+udGyPukURC9vKm0j7RqTu04_cD=oc=w@mail.gmail.com>
	<20130619130616.GC10626@gnash>
	<CAJW9wou_1cECnz0b40q_ywMvijPahONHve7QFxDOeUHDbYyL2g@mail.gmail.com>
	<20130621130940.GF3491@gnash>
	<CAJW9wovDH_7mug9W=ZGCR9-rd=G7upqUJFWmT_BYQgu325MwJw@mail.gmail.com>
	<CAJW9wot-p4cpeA0EYaO99O_qxG2GVe9J8xEpZfd65XTqXNTbwA@mail.gmail.com>
	<20130624152901.GA26942@gnash>
Message-ID: <CAJW9wos1w2WrP8=yDFnjXdc+vXwT_qzD4n+69ZR1xBwu4wFmKw@mail.gmail.com>

Hey,
I want to use unordered_set STL in one of my methods, but in order to use
it, i need to add -std=c++0x as a compilation option. I want to know where
should i add it in the makefile.

Also if i add a new file, how do i add it in a makefile? I have tried to
add its name in "lib[something]_la_SOURCES = " of Makefile.am , but i don't
see the corresponding .o or .lo files created.


On 24 June 2013 20:59, Sandro Santilli <strk at keybit.net> wrote:

> On Sun, Jun 23, 2013 at 05:52:24PM +0530, vishal tiwari wrote:
> > Hey,
> > i have fixed that problem, i was using the wrong spelling of
> > GeometryFactory. my bad. :)
>
> Oops. Glad you survived this one ;)
>
> --strk;
> _______________________________________________
> geos-devel mailing list
> geos-devel at lists.osgeo.org
> http://lists.osgeo.org/mailman/listinfo/geos-devel
>



-- 
Vishal Tiwari
Undergraduate
Computer Science and Engineering
Lab for Spatial Informatics
IIIT-Hyderabad
-------------- next part --------------
An HTML attachment was scrubbed...
URL: <http://lists.osgeo.org/pipermail/geos-devel/attachments/20130627/21c2ec86/attachment.html>

From geos-trac at osgeo.org  Thu Jun 27 04:39:51 2013
From: geos-trac at osgeo.org (GEOS)
Date: Thu, 27 Jun 2013 11:39:51 -0000
Subject: [geos-devel] [GEOS] #568: mingw64 chain compiling win32 regress
	failure
In-Reply-To: <044.2eb834ea98a3c8068de517ea53ebe66c@osgeo.org>
References: <044.2eb834ea98a3c8068de517ea53ebe66c@osgeo.org>
Message-ID: <053.27e33222933c8d23e09f94a2d442d0c8@osgeo.org>

#568: mingw64 chain compiling win32 regress failure
------------------------+---------------------------------------------------
 Reporter:  robe        |       Owner:  geos-devel@?              
     Type:  defect      |      Status:  new                       
 Priority:  major       |   Milestone:  3.4.0                     
Component:  Default     |     Version:  svn-trunk                 
 Severity:  Unassigned  |    Keywords:                            
------------------------+---------------------------------------------------

Comment(by robe):

 Sandro,

 I've switched to using CMake for building GEOS.  It still seems to have
 the issue with long long int,but at least I can pass that in as an
 argument and then all regress pass.

 http://trac.osgeo.org/geos/wiki/BuildingOnMINGW64CMake

 Mat -- any thoughts on accepting Sandro's patch?

-- 
Ticket URL: <http://trac.osgeo.org/geos/ticket/568#comment:2>
GEOS <http://geos.refractions.net/>
GEOS (Geometry Engine - Open Source) is a C++ port of the Java Topology Suite (JTS).

From geos-trac at osgeo.org  Thu Jun 27 04:46:54 2013
From: geos-trac at osgeo.org (GEOS)
Date: Thu, 27 Jun 2013 11:46:54 -0000
Subject: [geos-devel] [GEOS] #585: mingw64 trunk make check fail on
	badthreadtest
In-Reply-To: <044.87e71821642b36cf1f6d53bfc0962558@osgeo.org>
References: <044.87e71821642b36cf1f6d53bfc0962558@osgeo.org>
Message-ID: <053.80d1a8f11e679941248ab49a8b65ca63@osgeo.org>

#585: mingw64 trunk make check fail on badthreadtest
------------------------+---------------------------------------------------
 Reporter:  robe        |        Owner:  geos-devel@?              
     Type:  defect      |       Status:  reopened                  
 Priority:  minor       |    Milestone:  GEOS Future               
Component:  Default     |      Version:  svn-trunk                 
 Severity:  Unassigned  |   Resolution:                            
 Keywords:              |  
------------------------+---------------------------------------------------
Changes (by robe):

  * milestone:  3.4.0 => GEOS Future


Comment:

 don';t care since I'll be using Cmake from now on.

-- 
Ticket URL: <http://trac.osgeo.org/geos/ticket/585#comment:15>
GEOS <http://geos.refractions.net/>
GEOS (Geometry Engine - Open Source) is a C++ port of the Java Topology Suite (JTS).

From strk at keybit.net  Thu Jun 27 04:49:50 2013
From: strk at keybit.net (Sandro Santilli)
Date: Thu, 27 Jun 2013 13:49:50 +0200
Subject: [geos-devel] c++0x and Makefile.am (was: Doubts)
In-Reply-To: <CAJW9wos1w2WrP8=yDFnjXdc+vXwT_qzD4n+69ZR1xBwu4wFmKw@mail.gmail.com>
References: <CAJW9wou_s_=D7NMhSk+udGyPukURC9vKm0j7RqTu04_cD=oc=w@mail.gmail.com>
	<20130619130616.GC10626@gnash>
	<CAJW9wou_1cECnz0b40q_ywMvijPahONHve7QFxDOeUHDbYyL2g@mail.gmail.com>
	<20130621130940.GF3491@gnash>
	<CAJW9wovDH_7mug9W=ZGCR9-rd=G7upqUJFWmT_BYQgu325MwJw@mail.gmail.com>
	<CAJW9wot-p4cpeA0EYaO99O_qxG2GVe9J8xEpZfd65XTqXNTbwA@mail.gmail.com>
	<20130624152901.GA26942@gnash>
	<CAJW9wos1w2WrP8=yDFnjXdc+vXwT_qzD4n+69ZR1xBwu4wFmKw@mail.gmail.com>
Message-ID: <20130627114950.GB22393@gnash>

On Thu, Jun 27, 2013 at 04:55:09PM +0530, vishal tiwari wrote:
> Hey,
> I want to use unordered_set STL in one of my methods, but in order to use
> it, i need to add -std=c++0x as a compilation option. I want to know where
> should i add it in the makefile.

Requiring a c++0x capable compiler would be a big change, can you avoid it ?

> Also if i add a new file, how do i add it in a makefile? I have tried to
> add its name in "lib[something]_la_SOURCES = " of Makefile.am , but i don't
> see the corresponding .o or .lo files created.

For a new file in an existing lib you just add to the existing
[whatever]_la_SOURCES variable of Makefile.am, only you must
be sure to run ./autogen.sh afterwards, and then ./configure again.

--strk;

From geos-trac at osgeo.org  Thu Jun 27 05:21:49 2013
From: geos-trac at osgeo.org (GEOS)
Date: Thu, 27 Jun 2013 12:21:49 -0000
Subject: [geos-devel] [GEOS] #457: Port ConvexHull robustness fix from
	JTS-1.13
In-Reply-To: <044.299a091467058ca039078a30e4a72a9d@osgeo.org>
References: <044.299a091467058ca039078a30e4a72a9d@osgeo.org>
Message-ID: <053.d2fc71fd7132ddf7d05704f804bd8a6f@osgeo.org>

#457: Port ConvexHull robustness fix from JTS-1.13
------------------------+---------------------------------------------------
 Reporter:  strk        |        Owner:  geos-devel@?              
     Type:  defect      |       Status:  closed                    
 Priority:  major       |    Milestone:  3.4.0                     
Component:  Default     |      Version:  3.3.0                     
 Severity:  Unassigned  |   Resolution:  fixed                     
 Keywords:  history     |  
------------------------+---------------------------------------------------
Changes (by robe):

  * keywords:  => history


-- 
Ticket URL: <http://trac.osgeo.org/geos/ticket/457#comment:3>
GEOS <http://geos.refractions.net/>
GEOS (Geometry Engine - Open Source) is a C++ port of the Java Topology Suite (JTS).

From geos-trac at osgeo.org  Thu Jun 27 05:22:31 2013
From: geos-trac at osgeo.org (GEOS)
Date: Thu, 27 Jun 2013 12:22:31 -0000
Subject: [geos-devel] [GEOS] #487: Port Delaunay Triangulation API from
	JTS
In-Reply-To: <044.24fc48b0fe9e01f4b7a8f211dd4dcbf8@osgeo.org>
References: <044.24fc48b0fe9e01f4b7a8f211dd4dcbf8@osgeo.org>
Message-ID: <053.215d13ee6f7feaba32e20193241b7051@osgeo.org>

#487: Port Delaunay Triangulation API from JTS
-------------------------+--------------------------------------------------
 Reporter:  strk         |        Owner:  geos-devel@?              
     Type:  enhancement  |       Status:  closed                    
 Priority:  major        |    Milestone:  3.4.0                     
Component:  Default      |      Version:  svn-trunk                 
 Severity:  Unassigned   |   Resolution:  fixed                     
 Keywords:  history      |  
-------------------------+--------------------------------------------------
Changes (by robe):

  * keywords:  => history


-- 
Ticket URL: <http://trac.osgeo.org/geos/ticket/487#comment:17>
GEOS <http://geos.refractions.net/>
GEOS (Geometry Engine - Open Source) is a C++ port of the Java Topology Suite (JTS).

From geos-trac at osgeo.org  Thu Jun 27 05:24:21 2013
From: geos-trac at osgeo.org (GEOS)
Date: Thu, 27 Jun 2013 12:24:21 -0000
Subject: [geos-devel] [GEOS] #526: Port JTS bugfix to
	GeometryPrecisionReducer
In-Reply-To: <044.427567335d1d7e2b6e55b084fd43e397@osgeo.org>
References: <044.427567335d1d7e2b6e55b084fd43e397@osgeo.org>
Message-ID: <053.0659ee44baaa282f57e1f7e5aff8f110@osgeo.org>

#526: Port JTS bugfix to GeometryPrecisionReducer
------------------------+---------------------------------------------------
 Reporter:  strk        |        Owner:  geos-devel@?              
     Type:  defect      |       Status:  closed                    
 Priority:  major       |    Milestone:  3.4.0                     
Component:  Default     |      Version:  svn-trunk                 
 Severity:  Unassigned  |   Resolution:  fixed                     
 Keywords:  history     |  
------------------------+---------------------------------------------------
Changes (by robe):

  * keywords:  => history


-- 
Ticket URL: <http://trac.osgeo.org/geos/ticket/526#comment:2>
GEOS <http://geos.refractions.net/>
GEOS (Geometry Engine - Open Source) is a C++ port of the Java Topology Suite (JTS).

From geos-trac at osgeo.org  Thu Jun 27 05:24:59 2013
From: geos-trac at osgeo.org (GEOS)
Date: Thu, 27 Jun 2013 12:24:59 -0000
Subject: [geos-devel] [GEOS] #529: SimpleSnapRounder performs bogus
	noding
In-Reply-To: <044.cae537068d0bc4dc50b583ef1a631e85@osgeo.org>
References: <044.cae537068d0bc4dc50b583ef1a631e85@osgeo.org>
Message-ID: <053.504fbd19bd20fb355f7bccf94bd009bc@osgeo.org>

#529: SimpleSnapRounder performs bogus noding
------------------------+---------------------------------------------------
 Reporter:  strk        |        Owner:  geos-devel@?              
     Type:  defect      |       Status:  closed                    
 Priority:  major       |    Milestone:  3.4.0                     
Component:  Default     |      Version:  svn-trunk                 
 Severity:  Unassigned  |   Resolution:  invalid                   
 Keywords:  history     |  
------------------------+---------------------------------------------------
Changes (by robe):

  * keywords:  => history


-- 
Ticket URL: <http://trac.osgeo.org/geos/ticket/529#comment:3>
GEOS <http://geos.refractions.net/>
GEOS (Geometry Engine - Open Source) is a C++ port of the Java Topology Suite (JTS).

From geos-trac at osgeo.org  Thu Jun 27 05:26:25 2013
From: geos-trac at osgeo.org (GEOS)
Date: Thu, 27 Jun 2013 12:26:25 -0000
Subject: [geos-devel] [GEOS] #565: Expose Delaunay triangulation to C-API
In-Reply-To: <044.8f881ba8cf26eca164b644bbc7962791@osgeo.org>
References: <044.8f881ba8cf26eca164b644bbc7962791@osgeo.org>
Message-ID: <053.a8c060a87725dc4025618f1da3689ac8@osgeo.org>

#565: Expose Delaunay triangulation to C-API
-------------------------+--------------------------------------------------
 Reporter:  strk         |        Owner:  geos-devel@?              
     Type:  enhancement  |       Status:  closed                    
 Priority:  major        |    Milestone:  3.4.0                     
Component:  Default      |      Version:  svn-trunk                 
 Severity:  Unassigned   |   Resolution:  fixed                     
 Keywords:  history      |  
-------------------------+--------------------------------------------------
Changes (by robe):

  * keywords:  => history


-- 
Ticket URL: <http://trac.osgeo.org/geos/ticket/565#comment:3>
GEOS <http://geos.refractions.net/>
GEOS (Geometry Engine - Open Source) is a C++ port of the Java Topology Suite (JTS).

From geos-trac at osgeo.org  Thu Jun 27 05:26:39 2013
From: geos-trac at osgeo.org (GEOS)
Date: Thu, 27 Jun 2013 12:26:39 -0000
Subject: [geos-devel] [GEOS] #570: Add Z support in delaunay
	triangulation
In-Reply-To: <044.d5c5461e9c1b474a48021531288bafc9@osgeo.org>
References: <044.d5c5461e9c1b474a48021531288bafc9@osgeo.org>
Message-ID: <053.81cde5a6064da9453d0fd766287558cb@osgeo.org>

#570: Add Z support in delaunay triangulation
------------------------+---------------------------------------------------
 Reporter:  strk        |        Owner:  geos-devel@?              
     Type:  defect      |       Status:  closed                    
 Priority:  major       |    Milestone:  3.4.0                     
Component:  Default     |      Version:  svn-trunk                 
 Severity:  Unassigned  |   Resolution:  fixed                     
 Keywords:  history     |  
------------------------+---------------------------------------------------
Changes (by robe):

  * keywords:  => history


-- 
Ticket URL: <http://trac.osgeo.org/geos/ticket/570#comment:6>
GEOS <http://geos.refractions.net/>
GEOS (Geometry Engine - Open Source) is a C++ port of the Java Topology Suite (JTS).

From geos-trac at osgeo.org  Thu Jun 27 05:31:36 2013
From: geos-trac at osgeo.org (GEOS)
Date: Thu, 27 Jun 2013 12:31:36 -0000
Subject: [geos-devel] [GEOS] #478:
 GeometryCollection::computeEnvelopInternal and
 GeometryCollection::compareToSameClass are marked virtual
In-Reply-To: <044.cbf22f0af9eaa6a0389aa94971b68826@osgeo.org>
References: <044.cbf22f0af9eaa6a0389aa94971b68826@osgeo.org>
Message-ID: <053.12a018b505cf80acb2db1f9f054b1053@osgeo.org>

#478: GeometryCollection::computeEnvelopInternal and
GeometryCollection::compareToSameClass are marked virtual
------------------------+---------------------------------------------------
 Reporter:  hobu        |        Owner:  geos-devel@?              
     Type:  defect      |       Status:  closed                    
 Priority:  trivial     |    Milestone:  3.4.0                     
Component:  Default     |      Version:  3.3.0                     
 Severity:  Unassigned  |   Resolution:  fixed                     
 Keywords:  history     |  
------------------------+---------------------------------------------------
Changes (by robe):

  * keywords:  => history


-- 
Ticket URL: <http://trac.osgeo.org/geos/ticket/478#comment:4>
GEOS <http://geos.refractions.net/>
GEOS (Geometry Engine - Open Source) is a C++ port of the Java Topology Suite (JTS).

From geos-trac at osgeo.org  Thu Jun 27 06:20:18 2013
From: geos-trac at osgeo.org (GEOS)
Date: Thu, 27 Jun 2013 13:20:18 -0000
Subject: [geos-devel] [GEOS] #578: NMake fails to build on Windows 8
	Release Preview
In-Reply-To: <045.8a5b0462ccf09707e7575cfb1ddf1537@osgeo.org>
References: <045.8a5b0462ccf09707e7575cfb1ddf1537@osgeo.org>
Message-ID: <054.20d28b4999ef89fc294c607f00bff979@osgeo.org>

#578: NMake fails to build on Windows 8 Release Preview
------------------------+---------------------------------------------------
 Reporter:  scook       |       Owner:  geos-devel@?                   
     Type:  defect      |      Status:  new                            
 Priority:  trivial     |   Milestone:  3.5.0                          
Component:  Default     |     Version:  svn-trunk                      
 Severity:  Unassigned  |    Keywords:  nmake, Window 8 Release Preview
------------------------+---------------------------------------------------
Changes (by robe):

  * milestone:  3.4.0 => 3.5.0


Comment:

 I'm pushing we just use CMake for windows builds.

-- 
Ticket URL: <http://trac.osgeo.org/geos/ticket/578#comment:3>
GEOS <http://geos.refractions.net/>
GEOS (Geometry Engine - Open Source) is a C++ port of the Java Topology Suite (JTS).

From geos-trac at osgeo.org  Thu Jun 27 06:22:03 2013
From: geos-trac at osgeo.org (GEOS)
Date: Thu, 27 Jun 2013 13:22:03 -0000
Subject: [geos-devel] [GEOS] #587: Memory leak in geos trunk
In-Reply-To: <045.f138e530aaa5bd099d4271b16879aa24@osgeo.org>
References: <045.f138e530aaa5bd099d4271b16879aa24@osgeo.org>
Message-ID: <054.ce4fba8c7885f9efffc89cc76ceae33a@osgeo.org>

#587: Memory leak in geos trunk
------------------------+---------------------------------------------------
 Reporter:  bradh       |       Owner:  geos-devel@?              
     Type:  defect      |      Status:  new                       
 Priority:  minor       |   Milestone:  3.5.0                     
Component:  Default     |     Version:  svn-trunk                 
 Severity:  Unassigned  |    Keywords:                            
------------------------+---------------------------------------------------
Changes (by robe):

  * milestone:  3.4.0 => 3.5.0


-- 
Ticket URL: <http://trac.osgeo.org/geos/ticket/587#comment:4>
GEOS <http://geos.refractions.net/>
GEOS (Geometry Engine - Open Source) is a C++ port of the Java Topology Suite (JTS).

From geos-trac at osgeo.org  Thu Jun 27 06:22:59 2013
From: geos-trac at osgeo.org (GEOS)
Date: Thu, 27 Jun 2013 13:22:59 -0000
Subject: [geos-devel] [GEOS] #567: Expose Delaunay triangulation to PHP
	API
In-Reply-To: <044.f7d851eae35d1369dffc6015d42098c7@osgeo.org>
References: <044.f7d851eae35d1369dffc6015d42098c7@osgeo.org>
Message-ID: <053.83560a7296c82d0663c7424724379fae@osgeo.org>

#567: Expose Delaunay triangulation to PHP API
-------------------------+--------------------------------------------------
 Reporter:  strk         |       Owner:  geos-devel@?              
     Type:  enhancement  |      Status:  new                       
 Priority:  major        |   Milestone:  3.4.0                     
Component:  Default      |     Version:  svn-trunk                 
 Severity:  Unassigned   |    Keywords:                            
-------------------------+--------------------------------------------------

Comment(by robe):

 how hard is this strk -- should we just push or a quick fix?

-- 
Ticket URL: <http://trac.osgeo.org/geos/ticket/567#comment:1>
GEOS <http://geos.refractions.net/>
GEOS (Geometry Engine - Open Source) is a C++ port of the Java Topology Suite (JTS).

From geos-trac at osgeo.org  Thu Jun 27 06:24:30 2013
From: geos-trac at osgeo.org (GEOS)
Date: Thu, 27 Jun 2013 13:24:30 -0000
Subject: [geos-devel] [GEOS] #572: Contains issue for complex
 LineStrings [JTS fails too]
In-Reply-To: <047.5caa9d29e19b13245ee7a3cbf4a4f89d@osgeo.org>
References: <047.5caa9d29e19b13245ee7a3cbf4a4f89d@osgeo.org>
Message-ID: <056.be64195361f3d1dacf01bfa06bffd100@osgeo.org>

#572: Contains issue for complex LineStrings [JTS fails too]
------------------------+---------------------------------------------------
 Reporter:  mwtoews     |       Owner:  geos-devel@?              
     Type:  defect      |      Status:  new                       
 Priority:  major       |   Milestone:  3.5.0                     
Component:  Default     |     Version:  3.3.4                     
 Severity:  Unassigned  |    Keywords:  jtsfail                   
------------------------+---------------------------------------------------
Changes (by robe):

  * milestone:  3.4.0 => 3.5.0


-- 
Ticket URL: <http://trac.osgeo.org/geos/ticket/572#comment:2>
GEOS <http://geos.refractions.net/>
GEOS (Geometry Engine - Open Source) is a C++ port of the Java Topology Suite (JTS).

From geos-trac at osgeo.org  Thu Jun 27 06:25:04 2013
From: geos-trac at osgeo.org (GEOS)
Date: Thu, 27 Jun 2013 13:25:04 -0000
Subject: [geos-devel] [GEOS] #589: GEOSBufferWithStyle with mitre style
	on LinearRing
In-Reply-To: <049.1bdc6779d5280e5e755d00414fcb0221@osgeo.org>
References: <049.1bdc6779d5280e5e755d00414fcb0221@osgeo.org>
Message-ID: <058.e268161208620bb66334ea5eed5a2582@osgeo.org>

#589: GEOSBufferWithStyle with mitre style on LinearRing
------------------------+---------------------------------------------------
 Reporter:  olivier80   |       Owner:  geos-devel@?              
     Type:  defect      |      Status:  new                       
 Priority:  major       |   Milestone:  3.5.0                     
Component:  Default     |     Version:  3.3.5                     
 Severity:  Unassigned  |    Keywords:  jtsfail                   
------------------------+---------------------------------------------------
Changes (by robe):

  * milestone:  3.4.0 => 3.5.0


-- 
Ticket URL: <http://trac.osgeo.org/geos/ticket/589#comment:5>
GEOS <http://geos.refractions.net/>
GEOS (Geometry Engine - Open Source) is a C++ port of the Java Topology Suite (JTS).

From geos-trac at osgeo.org  Thu Jun 27 06:27:53 2013
From: geos-trac at osgeo.org (GEOS)
Date: Thu, 27 Jun 2013 13:27:53 -0000
Subject: [geos-devel] [GEOS] #546: polygonize::EdgeRing::ptNotInList bug
	?
In-Reply-To: <044.ecbdcbaef3bc7fee7892bc6b530139c9@osgeo.org>
References: <044.ecbdcbaef3bc7fee7892bc6b530139c9@osgeo.org>
Message-ID: <053.c2e46b7304af916ad92587c98d41ec4a@osgeo.org>

#546: polygonize::EdgeRing::ptNotInList bug ?
------------------------+---------------------------------------------------
 Reporter:  strk        |       Owner:  geos-devel@?              
     Type:  defect      |      Status:  new                       
 Priority:  major       |   Milestone:  3.5.0                     
Component:  Default     |     Version:  3.3.3                     
 Severity:  Unassigned  |    Keywords:                            
------------------------+---------------------------------------------------
Changes (by robe):

  * milestone:  3.4.0 => 3.5.0


-- 
Ticket URL: <http://trac.osgeo.org/geos/ticket/546#comment:3>
GEOS <http://geos.refractions.net/>
GEOS (Geometry Engine - Open Source) is a C++ port of the Java Topology Suite (JTS).

From geos-trac at osgeo.org  Thu Jun 27 06:40:47 2013
From: geos-trac at osgeo.org (GEOS)
Date: Thu, 27 Jun 2013 13:40:47 -0000
Subject: [geos-devel] [GEOS] #627: Voronoi
In-Reply-To: <053.9b84df86fd600447989f345180a18338@osgeo.org>
References: <053.9b84df86fd600447989f345180a18338@osgeo.org>
Message-ID: <062.b011800f72d1d5fa5e8804bcea6caf0c@osgeo.org>

#627: Voronoi
---------------------------+------------------------------------------------
 Reporter:  smathermather  |       Owner:  geos-devel@?              
     Type:  enhancement    |      Status:  new                       
 Priority:  major          |   Milestone:  3.5.0                     
Component:  Default        |     Version:  3.3.8                     
 Severity:  Unassigned     |    Keywords:                            
---------------------------+------------------------------------------------
Changes (by robe):

  * milestone:  GEOS Future => 3.5.0


-- 
Ticket URL: <http://trac.osgeo.org/geos/ticket/627#comment:5>
GEOS <http://geos.refractions.net/>
GEOS (Geometry Engine - Open Source) is a C++ port of the Java Topology Suite (JTS).

From geos-trac at osgeo.org  Thu Jun 27 06:44:56 2013
From: geos-trac at osgeo.org (GEOS)
Date: Thu, 27 Jun 2013 13:44:56 -0000
Subject: [geos-devel] [GEOS] #627: Voronoi
In-Reply-To: <053.9b84df86fd600447989f345180a18338@osgeo.org>
References: <053.9b84df86fd600447989f345180a18338@osgeo.org>
Message-ID: <062.61797a9688e113f03277498434613984@osgeo.org>

#627: Voronoi
---------------------------+------------------------------------------------
 Reporter:  smathermather  |       Owner:  geos-devel@?              
     Type:  enhancement    |      Status:  new                       
 Priority:  major          |   Milestone:  3.5.0                     
Component:  Default        |     Version:  3.3.8                     
 Severity:  Unassigned     |    Keywords:                            
---------------------------+------------------------------------------------

Comment(by robe):

 this is currently being worked on by vishal tiwari (GSOC 2013)
  https://github.com/vishaltiwari/GSoC-GEOS

 Proposal details and project plan: https://google-
 melange.appspot.com/gsoc/proposal/review/google/gsoc2013/vishal_tiwari/13001

 progress reports: http://trac.osgeo.org/geos/wiki/GSoC

-- 
Ticket URL: <http://trac.osgeo.org/geos/ticket/627#comment:6>
GEOS <http://geos.refractions.net/>
GEOS (Geometry Engine - Open Source) is a C++ port of the Java Topology Suite (JTS).

From geos-trac at osgeo.org  Thu Jun 27 06:46:38 2013
From: geos-trac at osgeo.org (GEOS)
Date: Thu, 27 Jun 2013 13:46:38 -0000
Subject: [geos-devel] [GEOS] #390: Cascade Union Static Methods & More
	Qualified util
In-Reply-To: <049.a4c5007dfdf8cb74e7568fe6632c8845@osgeo.org>
References: <049.a4c5007dfdf8cb74e7568fe6632c8845@osgeo.org>
Message-ID: <058.e7b9afb059d24d8b8843228ad5ecb1a1@osgeo.org>

#390: Cascade Union Static Methods & More Qualified util
-------------------------+--------------------------------------------------
 Reporter:  tomatsafe    |       Owner:  geos-devel@?              
     Type:  enhancement  |      Status:  new                       
 Priority:  trivial      |   Milestone:  GEOS Future               
Component:  Default      |     Version:  3.0.3                     
 Severity:  Unassigned   |    Keywords:                            
-------------------------+--------------------------------------------------
Changes (by robe):

 * cc: tomatsafe (added)


Comment:

 this has sat here for a while.  I'm tempted to close this out. tomatsafe
 please respond to strk's aged question.

-- 
Ticket URL: <http://trac.osgeo.org/geos/ticket/390#comment:3>
GEOS <http://geos.refractions.net/>
GEOS (Geometry Engine - Open Source) is a C++ port of the Java Topology Suite (JTS).

From geos-trac at osgeo.org  Thu Jun 27 06:48:19 2013
From: geos-trac at osgeo.org (GEOS)
Date: Thu, 27 Jun 2013 13:48:19 -0000
Subject: [geos-devel] [GEOS] #440: xmltester failures under MingW 32 bit
In-Reply-To: <044.b5b5d7c77ab409e94004c3022f75d749@osgeo.org>
References: <044.b5b5d7c77ab409e94004c3022f75d749@osgeo.org>
Message-ID: <053.1f348132994743b6024010207117aa40@osgeo.org>

#440: xmltester failures under MingW 32 bit
------------------------+---------------------------------------------------
 Reporter:  robe        |        Owner:  geos-devel@?              
     Type:  defect      |       Status:  closed                    
 Priority:  major       |    Milestone:  GEOS Future               
Component:  Default     |      Version:  svn-trunk                 
 Severity:  Unassigned  |   Resolution:  wontfix                   
 Keywords:  mingw       |  
------------------------+---------------------------------------------------
Changes (by robe):

  * status:  new => closed
  * resolution:  => wontfix


Comment:

 3.4.5 is pretty much dead.  I think this is moot and doesn't affect my
 mingw64-w32 chain.

-- 
Ticket URL: <http://trac.osgeo.org/geos/ticket/440#comment:10>
GEOS <http://geos.refractions.net/>
GEOS (Geometry Engine - Open Source) is a C++ port of the Java Topology Suite (JTS).

From hi.vishal123 at gmail.com  Thu Jun 27 12:57:34 2013
From: hi.vishal123 at gmail.com (vishal tiwari)
Date: Fri, 28 Jun 2013 01:27:34 +0530
Subject: [geos-devel] c++0x and Makefile.am (was: Doubts)
In-Reply-To: <20130627114950.GB22393@gnash>
References: <CAJW9wou_s_=D7NMhSk+udGyPukURC9vKm0j7RqTu04_cD=oc=w@mail.gmail.com>
	<20130619130616.GC10626@gnash>
	<CAJW9wou_1cECnz0b40q_ywMvijPahONHve7QFxDOeUHDbYyL2g@mail.gmail.com>
	<20130621130940.GF3491@gnash>
	<CAJW9wovDH_7mug9W=ZGCR9-rd=G7upqUJFWmT_BYQgu325MwJw@mail.gmail.com>
	<CAJW9wot-p4cpeA0EYaO99O_qxG2GVe9J8xEpZfd65XTqXNTbwA@mail.gmail.com>
	<20130624152901.GA26942@gnash>
	<CAJW9wos1w2WrP8=yDFnjXdc+vXwT_qzD4n+69ZR1xBwu4wFmKw@mail.gmail.com>
	<20130627114950.GB22393@gnash>
Message-ID: <CAJW9wot+7qEcw40Tnm=PgKG1RjHygYFcp4D6tWonHfOUvg+2Cw@mail.gmail.com>

I think i can avoid using unordered_set.

Thanks,

On 27 June 2013 17:19, Sandro Santilli <strk at keybit.net> wrote:

> On Thu, Jun 27, 2013 at 04:55:09PM +0530, vishal tiwari wrote:
> > Hey,
> > I want to use unordered_set STL in one of my methods, but in order to use
> > it, i need to add -std=c++0x as a compilation option. I want to know
> where
> > should i add it in the makefile.
>
> Requiring a c++0x capable compiler would be a big change, can you avoid it
> ?


> > Also if i add a new file, how do i add it in a makefile? I have tried to
> > add its name in "lib[something]_la_SOURCES = " of Makefile.am , but i
> don't
> > see the corresponding .o or .lo files created.
>
> For a new file in an existing lib you just add to the existing
> [whatever]_la_SOURCES variable of Makefile.am, only you must
> be sure to run ./autogen.sh afterwards, and then ./configure again.
>
>    Thanks

> --strk;
> _______________________________________________
> geos-devel mailing list
> geos-devel at lists.osgeo.org
> http://lists.osgeo.org/mailman/listinfo/geos-devel
>



-- 
Vishal Tiwari
Undergraduate
Computer Science and Engineering
Lab for Spatial Informatics
IIIT-Hyderabad
-------------- next part --------------
An HTML attachment was scrubbed...
URL: <http://lists.osgeo.org/pipermail/geos-devel/attachments/20130628/70d1aecb/attachment.html>

From hi.vishal123 at gmail.com  Fri Jun 28 02:01:08 2013
From: hi.vishal123 at gmail.com (vishal tiwari)
Date: Fri, 28 Jun 2013 14:31:08 +0530
Subject: [geos-devel] GSoC Weekly Report
In-Reply-To: <20130626164032.GC11385@gnash>
References: <CAJW9wovGTSDu-RewjNMZK9hPLG-iv2J7edMF-1b_UgRMjgwoyg@mail.gmail.com>
	<20130626164032.GC11385@gnash>
Message-ID: <CAJW9wovygJSBgzqEsH5atxgCO1ZWgC_1TUwynbYv=itgzBs1ug@mail.gmail.com>

Hey,
I have ported a part of VoronoiDiagramBuilder class. It will be over soon.
So, I will start writing the test cases for the methods and classes that i
have ported so far, in the next week.

Thanks,


On 26 June 2013 22:10, Sandro Santilli <strk at keybit.net> wrote:

> Thanks for the report Vishal.
>
> One thing: before porting more classes I suggest you port or write
> the unit tests associated with each class you ported already.
>
> Same thing for new methods (possibly easier as a unit test for the
> class may already be available).
>
> Every portion of code + docs (doxygen) + test is a good candidate for
> merging into the official repository.
>
> I'm a fan of incremental work :)
>
> --strk;
>
> On Sat, Jun 22, 2013 at 12:17:52AM +0530, vishal tiwari wrote:
> > *Week 1*
> >
> > *1. Work Done :*
> >
> >    - Have ported the methods that are in
> >    geos/triangualte/quadedge/QuadEdgeSubdivion.cpp. The methods are as
> such:
> >       - getVoronoiDiagram : Gets the cells in the Voronoi diagram for a
> >       triangulation.
> >       - getVoronoiCellPolygons : Gets the polygons for the Voronoi Cells
> >       for a triangulation.
> >       - getVoronoiCellPolygon : Gets the Voronoi cell around a site
> >       specified by the origin of a
> > QuadEdge?<http://trac.osgeo.org/geos/wiki/QuadEdge>
> >       .
> >       - getVertexUniqueEdges : Gets a collection of
> > QuadEdges?<http://trac.osgeo.org/geos/wiki/QuadEdges> whose
> >       origin vertices are a unique set which includes all vertices in the
> >       subdivision. The frame vertices can be included if required.
> >    - Class TriangleCircumcentreVisitor?<
> http://trac.osgeo.org/geos/wiki/TriangleCircumcentreVisitor>
> > was
> >    also ported.
> >    - More methods like geos::geom::Triangle::circumcentre, and
> >    geos::geom::closeRing that were required in the above functions were
> also
> >    ported.
> >
> > *2. Problem Faced :*
> >
> >    - I am having some silly problems during compilation which i am
> working
> >    out with strk, it will be solved soon.
> >
> > *3. Work to be done in the next week :*
> >
> >    - Solve the errors that are coming as of now.
> >    - Port the classes left, and see the working of the methods ported.
> >    - Start with the port of class
> > VoronoiDiagramBuilder?<
> http://trac.osgeo.org/geos/wiki/VoronoiDiagramBuilder>
> >    .
> >
> >
> > Regards,
> _______________________________________________
> geos-devel mailing list
> geos-devel at lists.osgeo.org
> http://lists.osgeo.org/mailman/listinfo/geos-devel
>



-- 
Vishal Tiwari
Undergraduate
Computer Science and Engineering
Lab for Spatial Informatics
IIIT-Hyderabad
-------------- next part --------------
An HTML attachment was scrubbed...
URL: <http://lists.osgeo.org/pipermail/geos-devel/attachments/20130628/c8715a21/attachment.html>

From strk at keybit.net  Fri Jun 28 02:14:51 2013
From: strk at keybit.net (Sandro Santilli)
Date: Fri, 28 Jun 2013 11:14:51 +0200
Subject: [geos-devel] GSoC Weekly Report
In-Reply-To: <CAJW9wovygJSBgzqEsH5atxgCO1ZWgC_1TUwynbYv=itgzBs1ug@mail.gmail.com>
References: <CAJW9wovGTSDu-RewjNMZK9hPLG-iv2J7edMF-1b_UgRMjgwoyg@mail.gmail.com>
	<20130626164032.GC11385@gnash>
	<CAJW9wovygJSBgzqEsH5atxgCO1ZWgC_1TUwynbYv=itgzBs1ug@mail.gmail.com>
Message-ID: <20130628091451.GB28918@gnash>

On Fri, Jun 28, 2013 at 02:31:08PM +0530, vishal tiwari wrote:
> Hey,
> I have ported a part of VoronoiDiagramBuilder class. It will be over soon.
> So, I will start writing the test cases for the methods and classes that i
> have ported so far, in the next week.

Great, thanks for the heads up.

--strk;

From geos-trac at osgeo.org  Fri Jun 28 04:50:21 2013
From: geos-trac at osgeo.org (GEOS)
Date: Fri, 28 Jun 2013 11:50:21 -0000
Subject: [geos-devel] [GEOS] #531: UnaryUnion of an line collapsed to a
 point returns EMPTY
In-Reply-To: <044.1f55e533a01c1b3e0babb3fe44b3d40b@osgeo.org>
References: <044.1f55e533a01c1b3e0babb3fe44b3d40b@osgeo.org>
Message-ID: <053.5e7d6f2d0dfe5a8cf7bf3d1548b9afc7@osgeo.org>

#531: UnaryUnion of an line collapsed to a point returns EMPTY
------------------------+---------------------------------------------------
 Reporter:  strk        |       Owner:  geos-devel@?              
     Type:  defect      |      Status:  new                       
 Priority:  major       |   Milestone:  3.5.0                     
Component:  Default     |     Version:  3.3.3                     
 Severity:  Unassigned  |    Keywords:                            
------------------------+---------------------------------------------------
Changes (by robe):

  * milestone:  3.4.0 => 3.5.0


Comment:

 still a problem but doesn't seem that important to me -- the linestring is
 flawed - push

-- 
Ticket URL: <http://trac.osgeo.org/geos/ticket/531#comment:2>
GEOS <http://geos.refractions.net/>
GEOS (Geometry Engine - Open Source) is a C++ port of the Java Topology Suite (JTS).

From geos-trac at osgeo.org  Fri Jun 28 05:06:10 2013
From: geos-trac at osgeo.org (GEOS)
Date: Fri, 28 Jun 2013 12:06:10 -0000
Subject: [geos-devel] [GEOS] #532: Extend GEOSGetCentroid for Z dimension
In-Reply-To: <047.12dca32e8865b08fd6731bd85c1d47c4@osgeo.org>
References: <047.12dca32e8865b08fd6731bd85c1d47c4@osgeo.org>
Message-ID: <056.3190b1f08f81382aa55744ee2f819319@osgeo.org>

#532: Extend GEOSGetCentroid for Z dimension
-------------------------+--------------------------------------------------
 Reporter:  mwtoews      |       Owner:  geos-devel@?              
     Type:  enhancement  |      Status:  new                       
 Priority:  major        |   Milestone:  3.5.0                     
Component:  Default      |     Version:  svn-trunk                 
 Severity:  Unassigned   |    Keywords:                            
-------------------------+--------------------------------------------------
Changes (by robe):

  * milestone:  3.4.0 => 3.5.0


-- 
Ticket URL: <http://trac.osgeo.org/geos/ticket/532#comment:3>
GEOS <http://geos.refractions.net/>
GEOS (Geometry Engine - Open Source) is a C++ port of the Java Topology Suite (JTS).

From geos-trac at osgeo.org  Fri Jun 28 05:06:52 2013
From: geos-trac at osgeo.org (GEOS)
Date: Fri, 28 Jun 2013 12:06:52 -0000
Subject: [geos-devel] [GEOS] #544: Port JTS bugfix and testcases for
 MCIndexSnapRounder / GeometryNoder
In-Reply-To: <044.6061adbad1d82050cfe07c3617f61255@osgeo.org>
References: <044.6061adbad1d82050cfe07c3617f61255@osgeo.org>
Message-ID: <053.2a28a28552184ba1d22309d0752f15d3@osgeo.org>

#544: Port JTS bugfix and testcases for MCIndexSnapRounder / GeometryNoder
------------------------+---------------------------------------------------
 Reporter:  strk        |       Owner:  geos-devel@?              
     Type:  defect      |      Status:  new                       
 Priority:  major       |   Milestone:  3.5.0                     
Component:  Default     |     Version:  3.3.3                     
 Severity:  Unassigned  |    Keywords:                            
------------------------+---------------------------------------------------
Changes (by robe):

  * milestone:  3.4.0 => 3.5.0


-- 
Ticket URL: <http://trac.osgeo.org/geos/ticket/544#comment:4>
GEOS <http://geos.refractions.net/>
GEOS (Geometry Engine - Open Source) is a C++ port of the Java Topology Suite (JTS).

From geos-trac at osgeo.org  Fri Jun 28 05:07:48 2013
From: geos-trac at osgeo.org (GEOS)
Date: Fri, 28 Jun 2013 12:07:48 -0000
Subject: [geos-devel] [GEOS] #460: Add 'M' EWKB support to WKBReader
In-Reply-To: <044.52b3cedee2fb09243c37de0f34190f70@osgeo.org>
References: <044.52b3cedee2fb09243c37de0f34190f70@osgeo.org>
Message-ID: <053.c6daf90d0e8f9f357a5fed7ee2e333e8@osgeo.org>

#460: Add 'M' EWKB support to WKBReader
-------------------------+--------------------------------------------------
 Reporter:  strk         |       Owner:  geos-devel@?              
     Type:  enhancement  |      Status:  new                       
 Priority:  major        |   Milestone:  3.5.0                     
Component:  Default      |     Version:  svn-trunk                 
 Severity:  Unassigned   |    Keywords:                            
-------------------------+--------------------------------------------------
Changes (by robe):

  * milestone:  3.4.0 => 3.5.0


-- 
Ticket URL: <http://trac.osgeo.org/geos/ticket/460#comment:2>
GEOS <http://geos.refractions.net/>
GEOS (Geometry Engine - Open Source) is a C++ port of the Java Topology Suite (JTS).

From hi.vishal123 at gmail.com  Fri Jun 28 11:55:55 2013
From: hi.vishal123 at gmail.com (vishal tiwari)
Date: Sat, 29 Jun 2013 00:25:55 +0530
Subject: [geos-devel] Weekly Report 2 - "Adding Voronoi Diagram to GEOS"
Message-ID: <CAJW9wou8rHk8bVy9V86xXcVRGBAxmHx6kczNv1L12mhg_30W7w@mail.gmail.com>

*1. Work Done:*

   - I have fixed the problems that i was facing the previous week.
   - I have ported all the methods and classes that are required
   for VoronoiDiagramBuilder.
   - I have started the port of VoronoiDiagramBuilder class.

*2. Problems Faced :*

   - During the port of one of the methods i was stuck with some C++ STL
   data structure, which required a different compiler, but it was solved, as
   i used a different STL data structure. It was not much of an issue.

*3. Work to be done in the next week:*

   - Finish the port of VoronoiDiagramBuilder class.
   - Write the testcases for QuadEdgeSubdivision class, and related methods
   that i have ported earlier.

Report link: http://trac.osgeo.org/geos/wiki/Reports#Week2Report

Regards,
-- 
Vishal Tiwari
Undergraduate
Computer Science and Engineering
Lab for Spatial Informatics
IIIT-Hyderabad
-------------- next part --------------
An HTML attachment was scrubbed...
URL: <http://lists.osgeo.org/pipermail/geos-devel/attachments/20130629/aa24072f/attachment.html>

From geos-trac at osgeo.org  Sun Jun 30 13:46:08 2013
From: geos-trac at osgeo.org (GEOS)
Date: Sun, 30 Jun 2013 20:46:08 -0000
Subject: [geos-devel] [GEOS] #459: Union fails to fully node input
	linework
In-Reply-To: <044.a0edbb62f48168614e309db04bc20760@osgeo.org>
References: <044.a0edbb62f48168614e309db04bc20760@osgeo.org>
Message-ID: <053.3922a18858d76a1a41dd05bc2f0c4f21@osgeo.org>

#459: Union fails to fully node input linework
------------------------+---------------------------------------------------
 Reporter:  strk        |       Owner:  geos-devel@?              
     Type:  defect      |      Status:  new                       
 Priority:  major       |   Milestone:  3.4.0                     
Component:  Default     |     Version:  3.3.0                     
 Severity:  Unassigned  |    Keywords:                            
------------------------+---------------------------------------------------

Comment(by robe):

 strk is this easily doable or can should we punt to 3.5?

-- 
Ticket URL: <http://trac.osgeo.org/geos/ticket/459#comment:3>
GEOS <http://geos.refractions.net/>
GEOS (Geometry Engine - Open Source) is a C++ port of the Java Topology Suite (JTS).

From geos-trac at osgeo.org  Sun Jun 30 13:47:48 2013
From: geos-trac at osgeo.org (GEOS)
Date: Sun, 30 Jun 2013 20:47:48 -0000
Subject: [geos-devel] [GEOS] #497: geos-config is a bit confused
In-Reply-To: <047.8bdf20e37575c770c165d42bfd9b85ea@osgeo.org>
References: <047.8bdf20e37575c770c165d42bfd9b85ea@osgeo.org>
Message-ID: <056.1d321b58b317cbdf12c37a16ab78bb11@osgeo.org>

#497: geos-config is a bit confused
-----------------------+----------------------------------------------------
 Reporter:  frankie    |       Owner:  geos-devel@?              
     Type:  defect     |      Status:  new                       
 Priority:  major      |   Milestone:  3.5.0                     
Component:  Default    |     Version:  svn-trunk                 
 Severity:  Annoyance  |    Keywords:                            
-----------------------+----------------------------------------------------
Changes (by robe):

  * milestone:  3.4.0 => 3.5.0


Comment:

 strk push back if you think you are going to get to this.

-- 
Ticket URL: <http://trac.osgeo.org/geos/ticket/497#comment:3>
GEOS <http://geos.refractions.net/>
GEOS (Geometry Engine - Open Source) is a C++ port of the Java Topology Suite (JTS).

From geos-trac at osgeo.org  Sun Jun 30 14:06:36 2013
From: geos-trac at osgeo.org (GEOS)
Date: Sun, 30 Jun 2013 21:06:36 -0000
Subject: [geos-devel] [GEOS] #568: mingw64 chain compiling win32 regress
	failure
In-Reply-To: <044.2eb834ea98a3c8068de517ea53ebe66c@osgeo.org>
References: <044.2eb834ea98a3c8068de517ea53ebe66c@osgeo.org>
Message-ID: <053.64709cead8a01c8c4f9c5920fd5228cb@osgeo.org>

#568: mingw64 chain compiling win32 regress failure
------------------------+---------------------------------------------------
 Reporter:  robe        |       Owner:  geos-devel@?              
     Type:  defect      |      Status:  new                       
 Priority:  major       |   Milestone:  3.4.0                     
Component:  Default     |     Version:  svn-trunk                 
 Severity:  Unassigned  |    Keywords:                            
------------------------+---------------------------------------------------

Comment(by robe):

 configure is an autogenerated file. I see the section you are talking
 about in acsite.m4 though.  Unfortunately I don't seem to have the
 permssions to commit.

-- 
Ticket URL: <http://trac.osgeo.org/geos/ticket/568#comment:3>
GEOS <http://geos.refractions.net/>
GEOS (Geometry Engine - Open Source) is a C++ port of the Java Topology Suite (JTS).

From geos-trac at osgeo.org  Sun Jun 30 14:29:35 2013
From: geos-trac at osgeo.org (GEOS)
Date: Sun, 30 Jun 2013 21:29:35 -0000
Subject: [geos-devel] [GEOS] #554: Artifacts and limitations of
	bufferLineSingleSided
In-Reply-To: <044.262edb8eabef8716bd87579fea43d23d@osgeo.org>
References: <044.262edb8eabef8716bd87579fea43d23d@osgeo.org>
Message-ID: <053.3cdc96747ef964777687a4dcdb459098@osgeo.org>

#554: Artifacts and limitations of bufferLineSingleSided
------------------------+---------------------------------------------------
 Reporter:  ylan        |       Owner:  geos-devel@?              
     Type:  defect      |      Status:  new                       
 Priority:  major       |   Milestone:  3.4.0                     
Component:  Default     |     Version:  svn-trunk                 
 Severity:  Unassigned  |    Keywords:                            
------------------------+---------------------------------------------------
Changes (by robe):

 * cc: ylan (added)


Comment:

 Are you still having issue with this?  Looks fine to me with my latest
 GEOS 3.4. under PostGIS 2.1.


 {{{
 SELECT ST_OffsetCurve(wkb,3);
 original in center
 SELECT ST_OffsetCurve(wkb, -3);
 }}}

 See attached openjump image

-- 
Ticket URL: <http://trac.osgeo.org/geos/ticket/554#comment:7>
GEOS <http://geos.refractions.net/>
GEOS (Geometry Engine - Open Source) is a C++ port of the Java Topology Suite (JTS).

