From geos-trac at osgeo.org  Mon Feb  1 13:52:17 2021
From: geos-trac at osgeo.org (GEOS)
Date: Mon, 01 Feb 2021 21:52:17 -0000
Subject: [geos-devel] [GEOS] #1099: Polygon compareToSameClass does not
 account for holes
Message-ID: <044.6e0e14905f6615fd32d7d9d5c39cb20b@osgeo.org>

#1099: Polygon compareToSameClass does not account for holes
--------------------------+--------------------------
 Reporter:  Brendan Ward  |      Owner:  geos-devel@?
     Type:  defect        |     Status:  new
 Priority:  major         |  Milestone:  3.9.1
Component:  Default       |    Version:  3.9.0
 Severity:  Unassigned    |   Keywords:
--------------------------+--------------------------
 This function returns true even if holes are different between polygons.

 Only the outer shell is compared:
 https://github.com/libgeos/geos/blob/3.9/src/geom/Polygon.cpp#L329-L333


 This looks like it is also the same case in JTS:
 https://github.com/locationtech/jts/blob/jts-1.18.0/modules/core/src/main/java/org/locationtech/jts/geom/Polygon.java#L369-L396

 (only the second variant compares holes)


 Looks like the fix here is to use a similar approach as the second
 function above in GEOS.  Working up a PR per that approach now.

-- 
Ticket URL: <https://trac.osgeo.org/geos/ticket/1099>
GEOS <http://trac.osgeo.org/geos>
GEOS (Geometry Engine - Open Source) is a C++ port of the Java Topology Suite (JTS).

From geos-trac at osgeo.org  Mon Feb  1 18:43:01 2021
From: geos-trac at osgeo.org (GEOS)
Date: Tue, 02 Feb 2021 02:43:01 -0000
Subject: [geos-devel] [GEOS] #1099: Polygon compareToSameClass does not
 account for holes
In-Reply-To: <044.6e0e14905f6615fd32d7d9d5c39cb20b@osgeo.org>
References: <044.6e0e14905f6615fd32d7d9d5c39cb20b@osgeo.org>
Message-ID: <059.f861c96f970f566641a9a520cc7798e1@osgeo.org>

#1099: Polygon compareToSameClass does not account for holes
--------------------------+---------------------------
 Reporter:  Brendan Ward  |       Owner:  geos-devel@?
     Type:  defect        |      Status:  new
 Priority:  major         |   Milestone:  3.9.1
Component:  Default       |     Version:  3.9.0
 Severity:  Unassigned    |  Resolution:
 Keywords:                |
--------------------------+---------------------------

Comment (by mdavis):

 Dang, that's a bit egregious.  Definitely needs to be fixed.

-- 
Ticket URL: <https://trac.osgeo.org/geos/ticket/1099#comment:1>
GEOS <http://trac.osgeo.org/geos>
GEOS (Geometry Engine - Open Source) is a C++ port of the Java Topology Suite (JTS).

From geos-trac at osgeo.org  Tue Feb  2 14:46:11 2021
From: geos-trac at osgeo.org (GEOS)
Date: Tue, 02 Feb 2021 22:46:11 -0000
Subject: [geos-devel] [GEOS] #1099: Polygon compareToSameClass does not
 account for holes
In-Reply-To: <044.6e0e14905f6615fd32d7d9d5c39cb20b@osgeo.org>
References: <044.6e0e14905f6615fd32d7d9d5c39cb20b@osgeo.org>
Message-ID: <059.e19a847c9c144e264499cf012a425a45@osgeo.org>

#1099: Polygon compareToSameClass does not account for holes
--------------------------+---------------------------
 Reporter:  Brendan Ward  |       Owner:  geos-devel@?
     Type:  defect        |      Status:  new
 Priority:  major         |   Milestone:  3.9.1
Component:  Default       |     Version:  3.9.0
 Severity:  Unassigned    |  Resolution:
 Keywords:                |
--------------------------+---------------------------

Comment (by mdavis):

 Fixed in JTS by [https://github.com/locationtech/jts/pull/678 PR 678]

-- 
Ticket URL: <https://trac.osgeo.org/geos/ticket/1099#comment:2>
GEOS <http://trac.osgeo.org/geos>
GEOS (Geometry Engine - Open Source) is a C++ port of the Java Topology Suite (JTS).

From geos-trac at osgeo.org  Wed Feb  3 16:58:01 2021
From: geos-trac at osgeo.org (GEOS)
Date: Thu, 04 Feb 2021 00:58:01 -0000
Subject: [geos-devel] [GEOS] #1081: TopologyPreservingSimplifier /
 GEOSTopologyPreserveSimplify on Windows
In-Reply-To: <045.7f686efbeb0e60cc98e5d27eafa53a8c@osgeo.org>
References: <045.7f686efbeb0e60cc98e5d27eafa53a8c@osgeo.org>
Message-ID: <060.201fb38034ed2185c46f160854dedc2a@osgeo.org>

#1081: TopologyPreservingSimplifier / GEOSTopologyPreserveSimplify on Windows
------------------------+---------------------------
 Reporter:  Mike Taves  |       Owner:  geos-devel@?
     Type:  defect      |      Status:  new
 Priority:  blocker     |   Milestone:  3.10.0
Component:  Unit Tests  |     Version:  master
 Severity:  Unassigned  |  Resolution:
 Keywords:              |
------------------------+---------------------------

Comment (by mdavis):

 Fixed by [changeset:"efe09d6e53ad5e6a7a43747af24f28c6876c6c72/git"
 efe09d6/git]

 See also #732

-- 
Ticket URL: <https://trac.osgeo.org/geos/ticket/1081#comment:5>
GEOS <http://trac.osgeo.org/geos>
GEOS (Geometry Engine - Open Source) is a C++ port of the Java Topology Suite (JTS).

From geos-trac at osgeo.org  Wed Feb  3 16:58:11 2021
From: geos-trac at osgeo.org (GEOS)
Date: Thu, 04 Feb 2021 00:58:11 -0000
Subject: [geos-devel] [GEOS] #1081: TopologyPreservingSimplifier /
 GEOSTopologyPreserveSimplify on Windows
In-Reply-To: <045.7f686efbeb0e60cc98e5d27eafa53a8c@osgeo.org>
References: <045.7f686efbeb0e60cc98e5d27eafa53a8c@osgeo.org>
Message-ID: <060.68d4073abdf683d6e9182943bd50aead@osgeo.org>

#1081: TopologyPreservingSimplifier / GEOSTopologyPreserveSimplify on Windows
------------------------+---------------------------
 Reporter:  Mike Taves  |       Owner:  geos-devel@?
     Type:  defect      |      Status:  closed
 Priority:  blocker     |   Milestone:  3.10.0
Component:  Unit Tests  |     Version:  master
 Severity:  Unassigned  |  Resolution:  fixed
 Keywords:              |
------------------------+---------------------------
Changes (by mdavis):

 * status:  new => closed
 * resolution:   => fixed


-- 
Ticket URL: <https://trac.osgeo.org/geos/ticket/1081#comment:6>
GEOS <http://trac.osgeo.org/geos>
GEOS (Geometry Engine - Open Source) is a C++ port of the Java Topology Suite (JTS).

From geos-trac at osgeo.org  Wed Feb  3 16:58:56 2021
From: geos-trac at osgeo.org (GEOS)
Date: Thu, 04 Feb 2021 00:58:56 -0000
Subject: [geos-devel] [GEOS] #1004: Simplify method provides wrong result
In-Reply-To: <044.b710fdc1615fbea305f948e78402126b@osgeo.org>
References: <044.b710fdc1615fbea305f948e78402126b@osgeo.org>
Message-ID: <059.32d4c61f1648d2164873d9f4979ecf97@osgeo.org>

#1004: Simplify method provides wrong result
------------------------+---------------------------
 Reporter:  kamad3      |       Owner:  geos-devel@?
     Type:  defect      |      Status:  closed
 Priority:  minor       |   Milestone:  3.10.0
Component:  Default     |     Version:  3.8.0
 Severity:  Unassigned  |  Resolution:  fixed
 Keywords:  simplify    |
------------------------+---------------------------
Changes (by mdavis):

 * status:  new => closed
 * resolution:   => fixed


Comment:

 Fixed by [changeset:"efe09d6e53ad5e6a7a43747af24f28c6876c6c72/git"
 efe09d6/git]

 See also #732

-- 
Ticket URL: <https://trac.osgeo.org/geos/ticket/1004#comment:6>
GEOS <http://trac.osgeo.org/geos>
GEOS (Geometry Engine - Open Source) is a C++ port of the Java Topology Suite (JTS).

From geos-trac at osgeo.org  Wed Feb  3 16:59:21 2021
From: geos-trac at osgeo.org (GEOS)
Date: Thu, 04 Feb 2021 00:59:21 -0000
Subject: [geos-devel] [GEOS] #1081: TopologyPreservingSimplifier /
 GEOSTopologyPreserveSimplify on Windows
In-Reply-To: <045.7f686efbeb0e60cc98e5d27eafa53a8c@osgeo.org>
References: <045.7f686efbeb0e60cc98e5d27eafa53a8c@osgeo.org>
Message-ID: <060.8459664d4e15509089edf1405ae5dc62@osgeo.org>

#1081: TopologyPreservingSimplifier / GEOSTopologyPreserveSimplify on Windows
------------------------+---------------------------
 Reporter:  Mike Taves  |       Owner:  geos-devel@?
     Type:  defect      |      Status:  reopened
 Priority:  blocker     |   Milestone:  3.10.0
Component:  Unit Tests  |     Version:  master
 Severity:  Unassigned  |  Resolution:
 Keywords:              |
------------------------+---------------------------
Changes (by mdavis):

 * status:  closed => reopened
 * resolution:  fixed =>


-- 
Ticket URL: <https://trac.osgeo.org/geos/ticket/1081#comment:7>
GEOS <http://trac.osgeo.org/geos>
GEOS (Geometry Engine - Open Source) is a C++ port of the Java Topology Suite (JTS).

From geos-trac at osgeo.org  Thu Feb  4 11:38:47 2021
From: geos-trac at osgeo.org (GEOS)
Date: Thu, 04 Feb 2021 19:38:47 -0000
Subject: [geos-devel] [GEOS] #996: Windows CMake Mingw64 32-bit gcc 8.1.0
In-Reply-To: <042.996e9ec0bbdeef3e7bad3688e9ca818c@osgeo.org>
References: <042.996e9ec0bbdeef3e7bad3688e9ca818c@osgeo.org>
Message-ID: <057.4f81829b8eb9beff92731e37972316e1@osgeo.org>

#996: Windows CMake Mingw64 32-bit gcc 8.1.0
-------------------------+---------------------------
 Reporter:  robe         |       Owner:  geos-devel@?
     Type:  defect       |      Status:  new
 Priority:  minor        |   Milestone:  3.10.0
Component:  Default      |     Version:  master
 Severity:  Significant  |  Resolution:
 Keywords:               |
-------------------------+---------------------------
Changes (by robe):

 * milestone:  3.8.2 => 3.10.0


Comment:

 wow it's working now :)  Not sure what changed:


 {{{
 -- Install configuration: "Release"
 -- Installing: E:/jenkins/geos/rel-3.10w32gcc81/lib/libgeos.dll.a
 -- Installing: E:/jenkins/geos/rel-3.10w32gcc81/bin/libgeos.dll
 -- Installing: E:/jenkins/geos/rel-3.10w32gcc81/lib/libgeos_c.dll.a
 -- Installing: E:/jenkins/geos/rel-3.10w32gcc81/bin/libgeos_c.dll
 -- Installing: E:/jenkins/geos/rel-3.10w32gcc81/lib/cmake/GEOS/geos-
 targets.cmake
 -- Installing: E:/jenkins/geos/rel-3.10w32gcc81/lib/cmake/GEOS/geos-
 targets-release.cmake
 -- Installing: E:/jenkins/geos/rel-3.10w32gcc81/lib/cmake/GEOS/geos-
 config.cmake
 -- Installing: E:/jenkins/geos/rel-3.10w32gcc81/lib/cmake/GEOS/geos-
 config-version.cmake
 -- Up-to-date: E:/jenkins/geos/rel-3.10w32gcc81/include/geos
 -- Up-to-date: E:/jenkins/geos/rel-3.10w32gcc81/include/geos/algorithm
 -- Up-to-date:
 E:/jenkins/geos/rel-3.10w32gcc81/include/geos/algorithm/Angle.h
 -- Up-to-date:
 E:/jenkins/geos/rel-3.10w32gcc81/include/geos/algorithm/Area.h
 -- Up-to-date:
 E:/jenkins/geos/rel-3.10w32gcc81/include/geos/algorithm/BoundaryNodeRule.h
 -- Up-to-date:
 E:/jenkins/geos/rel-3.10w32gcc81/include/geos/algorithm/CentralEndpointIntersector.h
 -- Up-to-date:
 E:/jenkins/geos/rel-3.10w32gcc81/include/geos/algorithm/Centroid.h
 -- Up-to-date:
 E:/jenkins/geos/rel-3.10w32gcc81/include/geos/algorithm/CGAlgorithmsDD.h
 -- Up-to-date:
 E:/jenkins/geos/rel-3.10w32gcc81/include/geos/algorithm/construct
 -- Up-to-date:
 E:/jenkins/geos/rel-3.10w32gcc81/include/geos/algorithm/construct/LargestEmptyCircle.h
 -- Up-to-date:
 E:/jenkins/geos/rel-3.10w32gcc81/include/geos/algorithm/construct/MaximumInscribedCircle.h
 -- Up-to-date:
 E:/jenkins/geos/rel-3.10w32gcc81/include/geos/algorithm/ConvexHull.h
 -- Up-to-date:
 E:/jenkins/geos/rel-3.10w32gcc81/include/geos/algorithm/distance
 -- Up-to-date:
 E:/jenkins/geos/rel-3.10w32gcc81/include/geos/algorithm/distance/DiscreteFrechetDistance.h
 -- Up-to-date:
 E:/jenkins/geos/rel-3.10w32gcc81/include/geos/algorithm/distance/DiscreteHausdorffDistance.h
 -- Up-to-date:
 E:/jenkins/geos/rel-3.10w32gcc81/include/geos/algorithm/distance/DistanceToPoint.h
 -- Up-to-date:
 E:/jenkins/geos/rel-3.10w32gcc81/include/geos/algorithm/distance/PointPairDistance.h
 -- Up-to-date:
 E:/jenkins/geos/rel-3.10w32gcc81/include/geos/algorithm/Distance.h
 -- Up-to-date:
 E:/jenkins/geos/rel-3.10w32gcc81/include/geos/algorithm/HCoordinate.h
 -- Up-to-date:
 E:/jenkins/geos/rel-3.10w32gcc81/include/geos/algorithm/InteriorPointArea.h
 -- Up-to-date:
 E:/jenkins/geos/rel-3.10w32gcc81/include/geos/algorithm/InteriorPointLine.h
 -- Up-to-date:
 E:/jenkins/geos/rel-3.10w32gcc81/include/geos/algorithm/InteriorPointPoint.h
 -- Up-to-date:
 E:/jenkins/geos/rel-3.10w32gcc81/include/geos/algorithm/Intersection.h
 -- Up-to-date:
 E:/jenkins/geos/rel-3.10w32gcc81/include/geos/algorithm/Length.h
 -- Up-to-date:
 E:/jenkins/geos/rel-3.10w32gcc81/include/geos/algorithm/LineIntersector.h
 -- Up-to-date:
 E:/jenkins/geos/rel-3.10w32gcc81/include/geos/algorithm/locate
 -- Up-to-date:
 E:/jenkins/geos/rel-3.10w32gcc81/include/geos/algorithm/locate/IndexedPointInAreaLocator.h
 -- Up-to-date:
 E:/jenkins/geos/rel-3.10w32gcc81/include/geos/algorithm/locate/PointOnGeometryLocator.h
 -- Up-to-date:
 E:/jenkins/geos/rel-3.10w32gcc81/include/geos/algorithm/locate/SimplePointInAreaLocator.h
 -- Up-to-date:
 E:/jenkins/geos/rel-3.10w32gcc81/include/geos/algorithm/MinimumBoundingCircle.h
 -- Up-to-date:
 E:/jenkins/geos/rel-3.10w32gcc81/include/geos/algorithm/MinimumDiameter.h
 -- Up-to-date:
 E:/jenkins/geos/rel-3.10w32gcc81/include/geos/algorithm/NotRepresentableException.h
 -- Up-to-date:
 E:/jenkins/geos/rel-3.10w32gcc81/include/geos/algorithm/Orientation.h
 -- Up-to-date:
 E:/jenkins/geos/rel-3.10w32gcc81/include/geos/algorithm/PointInRing.h
 -- Up-to-date:
 E:/jenkins/geos/rel-3.10w32gcc81/include/geos/algorithm/PointLocation.h
 -- Up-to-date:
 E:/jenkins/geos/rel-3.10w32gcc81/include/geos/algorithm/PointLocator.h
 -- Up-to-date:
 E:/jenkins/geos/rel-3.10w32gcc81/include/geos/algorithm/RayCrossingCounter.h
 -- Up-to-date:
 E:/jenkins/geos/rel-3.10w32gcc81/include/geos/algorithm/RayCrossingCounterDD.h
 -- Up-to-date:
 E:/jenkins/geos/rel-3.10w32gcc81/include/geos/algorithm/RobustDeterminant.h
 -- Up-to-date:
 E:/jenkins/geos/rel-3.10w32gcc81/include/geos/algorithm/SimplePointInRing.h
 -- Up-to-date: E:/jenkins/geos/rel-3.10w32gcc81/include/geos/constants.h
 -- Up-to-date: E:/jenkins/geos/rel-3.10w32gcc81/include/geos/edgegraph
 -- Up-to-date:
 E:/jenkins/geos/rel-3.10w32gcc81/include/geos/edgegraph/EdgeGraph.h
 -- Up-to-date:
 E:/jenkins/geos/rel-3.10w32gcc81/include/geos/edgegraph/EdgeGraphBuilder.h
 -- Up-to-date:
 E:/jenkins/geos/rel-3.10w32gcc81/include/geos/edgegraph/HalfEdge.h
 -- Up-to-date:
 E:/jenkins/geos/rel-3.10w32gcc81/include/geos/edgegraph/MarkHalfEdge.h
 -- Up-to-date: E:/jenkins/geos/rel-3.10w32gcc81/include/geos/export.h
 -- Up-to-date: E:/jenkins/geos/rel-3.10w32gcc81/include/geos/geom
 -- Up-to-date:
 E:/jenkins/geos/rel-3.10w32gcc81/include/geos/geom/Coordinate.h
 -- Up-to-date:
 E:/jenkins/geos/rel-3.10w32gcc81/include/geos/geom/CoordinateArraySequence.h
 -- Up-to-date:
 E:/jenkins/geos/rel-3.10w32gcc81/include/geos/geom/CoordinateArraySequenceFactory.h
 -- Up-to-date:
 E:/jenkins/geos/rel-3.10w32gcc81/include/geos/geom/CoordinateFilter.h
 -- Up-to-date:
 E:/jenkins/geos/rel-3.10w32gcc81/include/geos/geom/CoordinateList.h
 -- Up-to-date:
 E:/jenkins/geos/rel-3.10w32gcc81/include/geos/geom/CoordinateSequence.h
 -- Up-to-date:
 E:/jenkins/geos/rel-3.10w32gcc81/include/geos/geom/CoordinateSequenceFactory.h
 -- Up-to-date:
 E:/jenkins/geos/rel-3.10w32gcc81/include/geos/geom/CoordinateSequenceFilter.h
 -- Up-to-date:
 E:/jenkins/geos/rel-3.10w32gcc81/include/geos/geom/DefaultCoordinateSequenceFactory.h
 -- Up-to-date:
 E:/jenkins/geos/rel-3.10w32gcc81/include/geos/geom/Dimension.h
 -- Up-to-date:
 E:/jenkins/geos/rel-3.10w32gcc81/include/geos/geom/Envelope.h
 -- Up-to-date:
 E:/jenkins/geos/rel-3.10w32gcc81/include/geos/geom/FixedSizeCoordinateSequence.h
 -- Up-to-date:
 E:/jenkins/geos/rel-3.10w32gcc81/include/geos/geom/Geometry.h
 -- Up-to-date:
 E:/jenkins/geos/rel-3.10w32gcc81/include/geos/geom/GeometryCollection.h
 -- Up-to-date:
 E:/jenkins/geos/rel-3.10w32gcc81/include/geos/geom/GeometryComponentFilter.h
 -- Up-to-date:
 E:/jenkins/geos/rel-3.10w32gcc81/include/geos/geom/GeometryFactory.h
 -- Up-to-date:
 E:/jenkins/geos/rel-3.10w32gcc81/include/geos/geom/GeometryFilter.h
 -- Up-to-date:
 E:/jenkins/geos/rel-3.10w32gcc81/include/geos/geom/HeuristicOverlay.h
 -- Up-to-date:
 E:/jenkins/geos/rel-3.10w32gcc81/include/geos/geom/IntersectionMatrix.h
 -- Up-to-date:
 E:/jenkins/geos/rel-3.10w32gcc81/include/geos/geom/LinearRing.h
 -- Up-to-date:
 E:/jenkins/geos/rel-3.10w32gcc81/include/geos/geom/LineSegment.h
 -- Up-to-date:
 E:/jenkins/geos/rel-3.10w32gcc81/include/geos/geom/LineString.h
 -- Up-to-date:
 E:/jenkins/geos/rel-3.10w32gcc81/include/geos/geom/Location.h
 -- Up-to-date:
 E:/jenkins/geos/rel-3.10w32gcc81/include/geos/geom/MultiLineString.h
 -- Up-to-date:
 E:/jenkins/geos/rel-3.10w32gcc81/include/geos/geom/MultiPoint.h
 -- Up-to-date:
 E:/jenkins/geos/rel-3.10w32gcc81/include/geos/geom/MultiPolygon.h
 -- Up-to-date: E:/jenkins/geos/rel-3.10w32gcc81/include/geos/geom/Point.h
 -- Up-to-date:
 E:/jenkins/geos/rel-3.10w32gcc81/include/geos/geom/Polygon.h
 -- Up-to-date:
 E:/jenkins/geos/rel-3.10w32gcc81/include/geos/geom/Position.h
 -- Up-to-date:
 E:/jenkins/geos/rel-3.10w32gcc81/include/geos/geom/PrecisionModel.h
 -- Up-to-date: E:/jenkins/geos/rel-3.10w32gcc81/include/geos/geom/prep
 -- Up-to-date:
 E:/jenkins/geos/rel-3.10w32gcc81/include/geos/geom/prep/AbstractPreparedPolygonContains.h
 -- Up-to-date:
 E:/jenkins/geos/rel-3.10w32gcc81/include/geos/geom/prep/BasicPreparedGeometry.h
 -- Up-to-date:
 E:/jenkins/geos/rel-3.10w32gcc81/include/geos/geom/prep/PreparedGeometry.h
 -- Up-to-date:
 E:/jenkins/geos/rel-3.10w32gcc81/include/geos/geom/prep/PreparedGeometryFactory.h
 -- Up-to-date:
 E:/jenkins/geos/rel-3.10w32gcc81/include/geos/geom/prep/PreparedLineString.h
 -- Up-to-date:
 E:/jenkins/geos/rel-3.10w32gcc81/include/geos/geom/prep/PreparedLineStringDistance.h
 -- Up-to-date:
 E:/jenkins/geos/rel-3.10w32gcc81/include/geos/geom/prep/PreparedLineStringIntersects.h
 -- Up-to-date:
 E:/jenkins/geos/rel-3.10w32gcc81/include/geos/geom/prep/PreparedLineStringNearestPoints.h
 -- Up-to-date:
 E:/jenkins/geos/rel-3.10w32gcc81/include/geos/geom/prep/PreparedPoint.h
 -- Up-to-date:
 E:/jenkins/geos/rel-3.10w32gcc81/include/geos/geom/prep/PreparedPolygon.h
 -- Up-to-date:
 E:/jenkins/geos/rel-3.10w32gcc81/include/geos/geom/prep/PreparedPolygonContains.h
 -- Up-to-date:
 E:/jenkins/geos/rel-3.10w32gcc81/include/geos/geom/prep/PreparedPolygonContainsProperly.h
 -- Up-to-date:
 E:/jenkins/geos/rel-3.10w32gcc81/include/geos/geom/prep/PreparedPolygonCovers.h
 -- Up-to-date:
 E:/jenkins/geos/rel-3.10w32gcc81/include/geos/geom/prep/PreparedPolygonDistance.h
 -- Up-to-date:
 E:/jenkins/geos/rel-3.10w32gcc81/include/geos/geom/prep/PreparedPolygonIntersects.h
 -- Up-to-date:
 E:/jenkins/geos/rel-3.10w32gcc81/include/geos/geom/prep/PreparedPolygonPredicate.h
 -- Up-to-date:
 E:/jenkins/geos/rel-3.10w32gcc81/include/geos/geom/Quadrant.h
 -- Up-to-date:
 E:/jenkins/geos/rel-3.10w32gcc81/include/geos/geom/Triangle.h
 -- Up-to-date: E:/jenkins/geos/rel-3.10w32gcc81/include/geos/geom/util
 -- Up-to-date:
 E:/jenkins/geos/rel-3.10w32gcc81/include/geos/geom/util/ComponentCoordinateExtracter.h
 -- Up-to-date:
 E:/jenkins/geos/rel-3.10w32gcc81/include/geos/geom/util/CoordinateOperation.h
 -- Up-to-date:
 E:/jenkins/geos/rel-3.10w32gcc81/include/geos/geom/util/Densifier.h
 -- Up-to-date:
 E:/jenkins/geos/rel-3.10w32gcc81/include/geos/geom/util/GeometryCombiner.h
 -- Up-to-date:
 E:/jenkins/geos/rel-3.10w32gcc81/include/geos/geom/util/GeometryEditor.h
 -- Up-to-date:
 E:/jenkins/geos/rel-3.10w32gcc81/include/geos/geom/util/GeometryEditorOperation.h
 -- Up-to-date:
 E:/jenkins/geos/rel-3.10w32gcc81/include/geos/geom/util/GeometryExtracter.h
 -- Up-to-date:
 E:/jenkins/geos/rel-3.10w32gcc81/include/geos/geom/util/GeometryTransformer.h
 -- Up-to-date:
 E:/jenkins/geos/rel-3.10w32gcc81/include/geos/geom/util/LinearComponentExtracter.h
 -- Up-to-date:
 E:/jenkins/geos/rel-3.10w32gcc81/include/geos/geom/util/PointExtracter.h
 -- Up-to-date:
 E:/jenkins/geos/rel-3.10w32gcc81/include/geos/geom/util/PolygonExtracter.h
 -- Up-to-date:
 E:/jenkins/geos/rel-3.10w32gcc81/include/geos/geom/util/ShortCircuitedGeometryVisitor.h
 -- Up-to-date:
 E:/jenkins/geos/rel-3.10w32gcc81/include/geos/geom/util/SineStarFactory.h
 -- Up-to-date: E:/jenkins/geos/rel-3.10w32gcc81/include/geos/geom.h
 -- Up-to-date: E:/jenkins/geos/rel-3.10w32gcc81/include/geos/geomgraph
 -- Up-to-date:
 E:/jenkins/geos/rel-3.10w32gcc81/include/geos/geomgraph/Depth.h
 -- Up-to-date:
 E:/jenkins/geos/rel-3.10w32gcc81/include/geos/geomgraph/DirectedEdge.h
 -- Up-to-date:
 E:/jenkins/geos/rel-3.10w32gcc81/include/geos/geomgraph/DirectedEdgeStar.h
 -- Up-to-date:
 E:/jenkins/geos/rel-3.10w32gcc81/include/geos/geomgraph/Edge.h
 -- Up-to-date:
 E:/jenkins/geos/rel-3.10w32gcc81/include/geos/geomgraph/EdgeEnd.h
 -- Up-to-date:
 E:/jenkins/geos/rel-3.10w32gcc81/include/geos/geomgraph/EdgeEndStar.h
 -- Up-to-date:
 E:/jenkins/geos/rel-3.10w32gcc81/include/geos/geomgraph/EdgeIntersection.h
 -- Up-to-date:
 E:/jenkins/geos/rel-3.10w32gcc81/include/geos/geomgraph/EdgeIntersectionList.h
 -- Up-to-date:
 E:/jenkins/geos/rel-3.10w32gcc81/include/geos/geomgraph/EdgeList.h
 -- Up-to-date:
 E:/jenkins/geos/rel-3.10w32gcc81/include/geos/geomgraph/EdgeNodingValidator.h
 -- Up-to-date:
 E:/jenkins/geos/rel-3.10w32gcc81/include/geos/geomgraph/EdgeRing.h
 -- Up-to-date:
 E:/jenkins/geos/rel-3.10w32gcc81/include/geos/geomgraph/GeometryGraph.h
 -- Up-to-date:
 E:/jenkins/geos/rel-3.10w32gcc81/include/geos/geomgraph/GraphComponent.h
 -- Up-to-date:
 E:/jenkins/geos/rel-3.10w32gcc81/include/geos/geomgraph/index
 -- Up-to-date:
 E:/jenkins/geos/rel-3.10w32gcc81/include/geos/geomgraph/index/EdgeSetIntersector.h
 -- Up-to-date:
 E:/jenkins/geos/rel-3.10w32gcc81/include/geos/geomgraph/index/MonotoneChain.h
 -- Up-to-date:
 E:/jenkins/geos/rel-3.10w32gcc81/include/geos/geomgraph/index/MonotoneChainEdge.h
 -- Up-to-date:
 E:/jenkins/geos/rel-3.10w32gcc81/include/geos/geomgraph/index/MonotoneChainIndexer.h
 -- Up-to-date:
 E:/jenkins/geos/rel-3.10w32gcc81/include/geos/geomgraph/index/SegmentIntersector.h
 -- Up-to-date:
 E:/jenkins/geos/rel-3.10w32gcc81/include/geos/geomgraph/index/SimpleEdgeSetIntersector.h
 -- Up-to-date:
 E:/jenkins/geos/rel-3.10w32gcc81/include/geos/geomgraph/index/SimpleMCSweepLineIntersector.h
 -- Up-to-date:
 E:/jenkins/geos/rel-3.10w32gcc81/include/geos/geomgraph/index/SimpleSweepLineIntersector.h
 -- Up-to-date:
 E:/jenkins/geos/rel-3.10w32gcc81/include/geos/geomgraph/index/SweepLineEvent.h
 -- Up-to-date:
 E:/jenkins/geos/rel-3.10w32gcc81/include/geos/geomgraph/index/SweepLineEventObj.h
 -- Up-to-date:
 E:/jenkins/geos/rel-3.10w32gcc81/include/geos/geomgraph/index/SweepLineSegment.h
 -- Up-to-date:
 E:/jenkins/geos/rel-3.10w32gcc81/include/geos/geomgraph/Label.h
 -- Up-to-date:
 E:/jenkins/geos/rel-3.10w32gcc81/include/geos/geomgraph/Node.h
 -- Up-to-date:
 E:/jenkins/geos/rel-3.10w32gcc81/include/geos/geomgraph/NodeFactory.h
 -- Up-to-date:
 E:/jenkins/geos/rel-3.10w32gcc81/include/geos/geomgraph/NodeMap.h
 -- Up-to-date:
 E:/jenkins/geos/rel-3.10w32gcc81/include/geos/geomgraph/PlanarGraph.h
 -- Up-to-date:
 E:/jenkins/geos/rel-3.10w32gcc81/include/geos/geomgraph/TopologyLocation.h
 -- Up-to-date: E:/jenkins/geos/rel-3.10w32gcc81/include/geos/index
 -- Up-to-date: E:/jenkins/geos/rel-3.10w32gcc81/include/geos/index/bintree
 -- Up-to-date:
 E:/jenkins/geos/rel-3.10w32gcc81/include/geos/index/bintree/Bintree.h
 -- Up-to-date:
 E:/jenkins/geos/rel-3.10w32gcc81/include/geos/index/bintree/Interval.h
 -- Up-to-date:
 E:/jenkins/geos/rel-3.10w32gcc81/include/geos/index/bintree/Key.h
 -- Up-to-date:
 E:/jenkins/geos/rel-3.10w32gcc81/include/geos/index/bintree/Node.h
 -- Up-to-date:
 E:/jenkins/geos/rel-3.10w32gcc81/include/geos/index/bintree/NodeBase.h
 -- Up-to-date:
 E:/jenkins/geos/rel-3.10w32gcc81/include/geos/index/bintree/Root.h
 -- Up-to-date: E:/jenkins/geos/rel-3.10w32gcc81/include/geos/index/chain
 -- Up-to-date:
 E:/jenkins/geos/rel-3.10w32gcc81/include/geos/index/chain/MonotoneChain.h
 -- Up-to-date:
 E:/jenkins/geos/rel-3.10w32gcc81/include/geos/index/chain/MonotoneChainBuilder.h
 -- Up-to-date:
 E:/jenkins/geos/rel-3.10w32gcc81/include/geos/index/chain/MonotoneChainOverlapAction.h
 -- Up-to-date:
 E:/jenkins/geos/rel-3.10w32gcc81/include/geos/index/chain/MonotoneChainSelectAction.h
 -- Up-to-date:
 E:/jenkins/geos/rel-3.10w32gcc81/include/geos/index/intervalrtree
 -- Up-to-date:
 E:/jenkins/geos/rel-3.10w32gcc81/include/geos/index/intervalrtree/IntervalRTreeBranchNode.h
 -- Up-to-date:
 E:/jenkins/geos/rel-3.10w32gcc81/include/geos/index/intervalrtree/IntervalRTreeLeafNode.h
 -- Up-to-date:
 E:/jenkins/geos/rel-3.10w32gcc81/include/geos/index/intervalrtree/IntervalRTreeNode.h
 -- Up-to-date:
 E:/jenkins/geos/rel-3.10w32gcc81/include/geos/index/intervalrtree/SortedPackedIntervalRTree.h
 -- Up-to-date:
 E:/jenkins/geos/rel-3.10w32gcc81/include/geos/index/ItemVisitor.h
 -- Up-to-date: E:/jenkins/geos/rel-3.10w32gcc81/include/geos/index/kdtree
 -- Up-to-date:
 E:/jenkins/geos/rel-3.10w32gcc81/include/geos/index/kdtree/KdNode.h
 -- Up-to-date:
 E:/jenkins/geos/rel-3.10w32gcc81/include/geos/index/kdtree/KdNodeVisitor.h
 -- Up-to-date:
 E:/jenkins/geos/rel-3.10w32gcc81/include/geos/index/kdtree/KdTree.h
 -- Up-to-date:
 E:/jenkins/geos/rel-3.10w32gcc81/include/geos/index/quadtree
 -- Up-to-date:
 E:/jenkins/geos/rel-3.10w32gcc81/include/geos/index/quadtree/IntervalSize.h
 -- Up-to-date:
 E:/jenkins/geos/rel-3.10w32gcc81/include/geos/index/quadtree/Key.h
 -- Up-to-date:
 E:/jenkins/geos/rel-3.10w32gcc81/include/geos/index/quadtree/Node.h
 -- Up-to-date:
 E:/jenkins/geos/rel-3.10w32gcc81/include/geos/index/quadtree/NodeBase.h
 -- Up-to-date:
 E:/jenkins/geos/rel-3.10w32gcc81/include/geos/index/quadtree/Quadtree.h
 -- Up-to-date:
 E:/jenkins/geos/rel-3.10w32gcc81/include/geos/index/quadtree/Root.h
 -- Up-to-date:
 E:/jenkins/geos/rel-3.10w32gcc81/include/geos/index/SpatialIndex.h
 -- Up-to-date: E:/jenkins/geos/rel-3.10w32gcc81/include/geos/index/strtree
 -- Up-to-date:
 E:/jenkins/geos/rel-3.10w32gcc81/include/geos/index/strtree/AbstractNode.h
 -- Up-to-date:
 E:/jenkins/geos/rel-3.10w32gcc81/include/geos/index/strtree/AbstractSTRtree.h
 -- Up-to-date:
 E:/jenkins/geos/rel-3.10w32gcc81/include/geos/index/strtree/Boundable.h
 -- Up-to-date:
 E:/jenkins/geos/rel-3.10w32gcc81/include/geos/index/strtree/BoundablePair.h
 -- Up-to-date:
 E:/jenkins/geos/rel-3.10w32gcc81/include/geos/index/strtree/EnvelopeUtil.h
 -- Up-to-date:
 E:/jenkins/geos/rel-3.10w32gcc81/include/geos/index/strtree/GeometryItemDistance.h
 -- Up-to-date:
 E:/jenkins/geos/rel-3.10w32gcc81/include/geos/index/strtree/Interval.h
 -- Up-to-date:
 E:/jenkins/geos/rel-3.10w32gcc81/include/geos/index/strtree/ItemBoundable.h
 -- Up-to-date:
 E:/jenkins/geos/rel-3.10w32gcc81/include/geos/index/strtree/ItemDistance.h
 -- Up-to-date:
 E:/jenkins/geos/rel-3.10w32gcc81/include/geos/index/strtree/SimpleSTRdistance.h
 -- Up-to-date:
 E:/jenkins/geos/rel-3.10w32gcc81/include/geos/index/strtree/SimpleSTRnode.h
 -- Up-to-date:
 E:/jenkins/geos/rel-3.10w32gcc81/include/geos/index/strtree/SimpleSTRtree.h
 -- Up-to-date:
 E:/jenkins/geos/rel-3.10w32gcc81/include/geos/index/strtree/SIRtree.h
 -- Up-to-date:
 E:/jenkins/geos/rel-3.10w32gcc81/include/geos/index/strtree/STRtree.h
 -- Up-to-date:
 E:/jenkins/geos/rel-3.10w32gcc81/include/geos/index/sweepline
 -- Up-to-date:
 E:/jenkins/geos/rel-3.10w32gcc81/include/geos/index/sweepline/SweepLineEvent.h
 -- Up-to-date:
 E:/jenkins/geos/rel-3.10w32gcc81/include/geos/index/sweepline/SweepLineIndex.h
 -- Up-to-date:
 E:/jenkins/geos/rel-3.10w32gcc81/include/geos/index/sweepline/SweepLineInterval.h
 -- Up-to-date:
 E:/jenkins/geos/rel-3.10w32gcc81/include/geos/index/sweepline/SweepLineOverlapAction.h
 -- Up-to-date: E:/jenkins/geos/rel-3.10w32gcc81/include/geos/inline.h
 -- Up-to-date: E:/jenkins/geos/rel-3.10w32gcc81/include/geos/io
 -- Up-to-date:
 E:/jenkins/geos/rel-3.10w32gcc81/include/geos/io/ByteOrderDataInStream.h
 -- Up-to-date:
 E:/jenkins/geos/rel-3.10w32gcc81/include/geos/io/ByteOrderValues.h
 -- Up-to-date:
 E:/jenkins/geos/rel-3.10w32gcc81/include/geos/io/CLocalizer.h
 -- Up-to-date:
 E:/jenkins/geos/rel-3.10w32gcc81/include/geos/io/ParseException.h
 -- Up-to-date:
 E:/jenkins/geos/rel-3.10w32gcc81/include/geos/io/StringTokenizer.h
 -- Up-to-date:
 E:/jenkins/geos/rel-3.10w32gcc81/include/geos/io/WKBConstants.h
 -- Up-to-date:
 E:/jenkins/geos/rel-3.10w32gcc81/include/geos/io/WKBReader.h
 -- Up-to-date:
 E:/jenkins/geos/rel-3.10w32gcc81/include/geos/io/WKBWriter.h
 -- Up-to-date:
 E:/jenkins/geos/rel-3.10w32gcc81/include/geos/io/WKTReader.h
 -- Up-to-date:
 E:/jenkins/geos/rel-3.10w32gcc81/include/geos/io/WKTWriter.h
 -- Up-to-date: E:/jenkins/geos/rel-3.10w32gcc81/include/geos/io/Writer.h
 -- Up-to-date: E:/jenkins/geos/rel-3.10w32gcc81/include/geos/linearref
 -- Up-to-date:
 E:/jenkins/geos/rel-3.10w32gcc81/include/geos/linearref/ExtractLineByLocation.h
 -- Up-to-date:
 E:/jenkins/geos/rel-3.10w32gcc81/include/geos/linearref/LengthIndexedLine.h
 -- Up-to-date:
 E:/jenkins/geos/rel-3.10w32gcc81/include/geos/linearref/LengthIndexOfPoint.h
 -- Up-to-date:
 E:/jenkins/geos/rel-3.10w32gcc81/include/geos/linearref/LengthLocationMap.h
 -- Up-to-date:
 E:/jenkins/geos/rel-3.10w32gcc81/include/geos/linearref/LinearGeometryBuilder.h
 -- Up-to-date:
 E:/jenkins/geos/rel-3.10w32gcc81/include/geos/linearref/LinearIterator.h
 -- Up-to-date:
 E:/jenkins/geos/rel-3.10w32gcc81/include/geos/linearref/LinearLocation.h
 -- Up-to-date:
 E:/jenkins/geos/rel-3.10w32gcc81/include/geos/linearref/LocationIndexedLine.h
 -- Up-to-date:
 E:/jenkins/geos/rel-3.10w32gcc81/include/geos/linearref/LocationIndexOfLine.h
 -- Up-to-date:
 E:/jenkins/geos/rel-3.10w32gcc81/include/geos/linearref/LocationIndexOfPoint.h
 -- Up-to-date: E:/jenkins/geos/rel-3.10w32gcc81/include/geos/math
 -- Up-to-date: E:/jenkins/geos/rel-3.10w32gcc81/include/geos/math/DD.h
 -- Up-to-date: E:/jenkins/geos/rel-3.10w32gcc81/include/geos/namespaces.h
 -- Up-to-date: E:/jenkins/geos/rel-3.10w32gcc81/include/geos/noding
 -- Up-to-date:
 E:/jenkins/geos/rel-3.10w32gcc81/include/geos/noding/BasicSegmentString.h
 -- Up-to-date:
 E:/jenkins/geos/rel-3.10w32gcc81/include/geos/noding/FastNodingValidator.h
 -- Up-to-date:
 E:/jenkins/geos/rel-3.10w32gcc81/include/geos/noding/FastSegmentSetIntersectionFinder.h
 -- Up-to-date:
 E:/jenkins/geos/rel-3.10w32gcc81/include/geos/noding/GeometryNoder.h
 -- Up-to-date:
 E:/jenkins/geos/rel-3.10w32gcc81/include/geos/noding/IntersectionAdder.h
 -- Up-to-date:
 E:/jenkins/geos/rel-3.10w32gcc81/include/geos/noding/IntersectionFinderAdder.h
 -- Up-to-date:
 E:/jenkins/geos/rel-3.10w32gcc81/include/geos/noding/IteratedNoder.h
 -- Up-to-date:
 E:/jenkins/geos/rel-3.10w32gcc81/include/geos/noding/MCIndexNoder.h
 -- Up-to-date:
 E:/jenkins/geos/rel-3.10w32gcc81/include/geos/noding/MCIndexSegmentSetMutualIntersector.h
 -- Up-to-date:
 E:/jenkins/geos/rel-3.10w32gcc81/include/geos/noding/NodableSegmentString.h
 -- Up-to-date:
 E:/jenkins/geos/rel-3.10w32gcc81/include/geos/noding/NodedSegmentString.h
 -- Up-to-date:
 E:/jenkins/geos/rel-3.10w32gcc81/include/geos/noding/Noder.h
 -- Up-to-date:
 E:/jenkins/geos/rel-3.10w32gcc81/include/geos/noding/NodingIntersectionFinder.h
 -- Up-to-date:
 E:/jenkins/geos/rel-3.10w32gcc81/include/geos/noding/NodingValidator.h
 -- Up-to-date:
 E:/jenkins/geos/rel-3.10w32gcc81/include/geos/noding/Octant.h
 -- Up-to-date:
 E:/jenkins/geos/rel-3.10w32gcc81/include/geos/noding/OrientedCoordinateArray.h
 -- Up-to-date:
 E:/jenkins/geos/rel-3.10w32gcc81/include/geos/noding/ScaledNoder.h
 -- Up-to-date:
 E:/jenkins/geos/rel-3.10w32gcc81/include/geos/noding/SegmentIntersectionDetector.h
 -- Up-to-date:
 E:/jenkins/geos/rel-3.10w32gcc81/include/geos/noding/SegmentIntersector.h
 -- Up-to-date:
 E:/jenkins/geos/rel-3.10w32gcc81/include/geos/noding/SegmentNode.h
 -- Up-to-date:
 E:/jenkins/geos/rel-3.10w32gcc81/include/geos/noding/SegmentNodeList.h
 -- Up-to-date:
 E:/jenkins/geos/rel-3.10w32gcc81/include/geos/noding/SegmentPointComparator.h
 -- Up-to-date:
 E:/jenkins/geos/rel-3.10w32gcc81/include/geos/noding/SegmentSetMutualIntersector.h
 -- Up-to-date:
 E:/jenkins/geos/rel-3.10w32gcc81/include/geos/noding/SegmentString.h
 -- Up-to-date:
 E:/jenkins/geos/rel-3.10w32gcc81/include/geos/noding/SegmentStringUtil.h
 -- Up-to-date:
 E:/jenkins/geos/rel-3.10w32gcc81/include/geos/noding/SimpleNoder.h
 -- Up-to-date:
 E:/jenkins/geos/rel-3.10w32gcc81/include/geos/noding/SinglePassNoder.h
 -- Up-to-date: E:/jenkins/geos/rel-3.10w32gcc81/include/geos/noding/snap
 -- Up-to-date:
 E:/jenkins/geos/rel-3.10w32gcc81/include/geos/noding/snap/SnappingIntersectionAdder.h
 -- Up-to-date:
 E:/jenkins/geos/rel-3.10w32gcc81/include/geos/noding/snap/SnappingNoder.h
 -- Up-to-date:
 E:/jenkins/geos/rel-3.10w32gcc81/include/geos/noding/snap/SnappingPointIndex.h
 -- Up-to-date:
 E:/jenkins/geos/rel-3.10w32gcc81/include/geos/noding/snapround
 -- Up-to-date:
 E:/jenkins/geos/rel-3.10w32gcc81/include/geos/noding/snapround/HotPixel.h
 -- Up-to-date:
 E:/jenkins/geos/rel-3.10w32gcc81/include/geos/noding/snapround/HotPixelIndex.h
 -- Up-to-date:
 E:/jenkins/geos/rel-3.10w32gcc81/include/geos/noding/snapround/MCIndexPointSnapper.h
 -- Up-to-date:
 E:/jenkins/geos/rel-3.10w32gcc81/include/geos/noding/snapround/MCIndexSnapRounder.h
 -- Up-to-date:
 E:/jenkins/geos/rel-3.10w32gcc81/include/geos/noding/snapround/SnapRoundingIntersectionAdder.h
 -- Up-to-date:
 E:/jenkins/geos/rel-3.10w32gcc81/include/geos/noding/snapround/SnapRoundingNoder.h
 -- Up-to-date:
 E:/jenkins/geos/rel-3.10w32gcc81/include/geos/noding/ValidatingNoder.h
 -- Up-to-date: E:/jenkins/geos/rel-3.10w32gcc81/include/geos/operation
 -- Up-to-date:
 E:/jenkins/geos/rel-3.10w32gcc81/include/geos/operation/buffer
 -- Up-to-date:
 E:/jenkins/geos/rel-3.10w32gcc81/include/geos/operation/buffer/BufferBuilder.h
 -- Up-to-date:
 E:/jenkins/geos/rel-3.10w32gcc81/include/geos/operation/buffer/BufferInputLineSimplifier.h
 -- Up-to-date:
 E:/jenkins/geos/rel-3.10w32gcc81/include/geos/operation/buffer/BufferOp.h
 -- Up-to-date:
 E:/jenkins/geos/rel-3.10w32gcc81/include/geos/operation/buffer/BufferParameters.h
 -- Up-to-date:
 E:/jenkins/geos/rel-3.10w32gcc81/include/geos/operation/buffer/BufferSubgraph.h
 -- Up-to-date:
 E:/jenkins/geos/rel-3.10w32gcc81/include/geos/operation/buffer/OffsetCurveBuilder.h
 -- Up-to-date:
 E:/jenkins/geos/rel-3.10w32gcc81/include/geos/operation/buffer/OffsetCurveSetBuilder.h
 -- Up-to-date:
 E:/jenkins/geos/rel-3.10w32gcc81/include/geos/operation/buffer/OffsetSegmentGenerator.h
 -- Up-to-date:
 E:/jenkins/geos/rel-3.10w32gcc81/include/geos/operation/buffer/OffsetSegmentString.h
 -- Up-to-date:
 E:/jenkins/geos/rel-3.10w32gcc81/include/geos/operation/buffer/RightmostEdgeFinder.h
 -- Up-to-date:
 E:/jenkins/geos/rel-3.10w32gcc81/include/geos/operation/buffer/SubgraphDepthLocater.h
 -- Up-to-date:
 E:/jenkins/geos/rel-3.10w32gcc81/include/geos/operation/distance
 -- Up-to-date:
 E:/jenkins/geos/rel-3.10w32gcc81/include/geos/operation/distance/ConnectedElementLocationFilter.h
 -- Up-to-date:
 E:/jenkins/geos/rel-3.10w32gcc81/include/geos/operation/distance/ConnectedElementPointFilter.h
 -- Up-to-date:
 E:/jenkins/geos/rel-3.10w32gcc81/include/geos/operation/distance/DistanceOp.h
 -- Up-to-date:
 E:/jenkins/geos/rel-3.10w32gcc81/include/geos/operation/distance/FacetSequence.h
 -- Up-to-date:
 E:/jenkins/geos/rel-3.10w32gcc81/include/geos/operation/distance/FacetSequenceTreeBuilder.h
 -- Up-to-date:
 E:/jenkins/geos/rel-3.10w32gcc81/include/geos/operation/distance/GeometryLocation.h
 -- Up-to-date:
 E:/jenkins/geos/rel-3.10w32gcc81/include/geos/operation/distance/IndexedFacetDistance.h
 -- Up-to-date:
 E:/jenkins/geos/rel-3.10w32gcc81/include/geos/operation/GeometryGraphOperation.h
 -- Up-to-date:
 E:/jenkins/geos/rel-3.10w32gcc81/include/geos/operation/intersection
 -- Up-to-date:
 E:/jenkins/geos/rel-3.10w32gcc81/include/geos/operation/intersection/Rectangle.h
 -- Up-to-date:
 E:/jenkins/geos/rel-3.10w32gcc81/include/geos/operation/intersection/RectangleIntersection.h
 -- Up-to-date:
 E:/jenkins/geos/rel-3.10w32gcc81/include/geos/operation/intersection/RectangleIntersectionBuilder.h
 -- Up-to-date:
 E:/jenkins/geos/rel-3.10w32gcc81/include/geos/operation/IsSimpleOp.h
 -- Up-to-date:
 E:/jenkins/geos/rel-3.10w32gcc81/include/geos/operation/linemerge
 -- Up-to-date:
 E:/jenkins/geos/rel-3.10w32gcc81/include/geos/operation/linemerge/EdgeString.h
 -- Up-to-date:
 E:/jenkins/geos/rel-3.10w32gcc81/include/geos/operation/linemerge/LineMergeDirectedEdge.h
 -- Up-to-date:
 E:/jenkins/geos/rel-3.10w32gcc81/include/geos/operation/linemerge/LineMergeEdge.h
 -- Up-to-date:
 E:/jenkins/geos/rel-3.10w32gcc81/include/geos/operation/linemerge/LineMergeGraph.h
 -- Up-to-date:
 E:/jenkins/geos/rel-3.10w32gcc81/include/geos/operation/linemerge/LineMerger.h
 -- Up-to-date:
 E:/jenkins/geos/rel-3.10w32gcc81/include/geos/operation/linemerge/LineSequencer.h
 -- Up-to-date:
 E:/jenkins/geos/rel-3.10w32gcc81/include/geos/operation/overlay
 -- Up-to-date:
 E:/jenkins/geos/rel-3.10w32gcc81/include/geos/operation/overlay/EdgeSetNoder.h
 -- Up-to-date:
 E:/jenkins/geos/rel-3.10w32gcc81/include/geos/operation/overlay/ElevationMatrix.h
 -- Up-to-date:
 E:/jenkins/geos/rel-3.10w32gcc81/include/geos/operation/overlay/ElevationMatrixCell.h
 -- Up-to-date:
 E:/jenkins/geos/rel-3.10w32gcc81/include/geos/operation/overlay/LineBuilder.h
 -- Up-to-date:
 E:/jenkins/geos/rel-3.10w32gcc81/include/geos/operation/overlay/MaximalEdgeRing.h
 -- Up-to-date:
 E:/jenkins/geos/rel-3.10w32gcc81/include/geos/operation/overlay/MinimalEdgeRing.h
 -- Up-to-date:
 E:/jenkins/geos/rel-3.10w32gcc81/include/geos/operation/overlay/OverlayNodeFactory.h
 -- Up-to-date:
 E:/jenkins/geos/rel-3.10w32gcc81/include/geos/operation/overlay/OverlayOp.h
 -- Up-to-date:
 E:/jenkins/geos/rel-3.10w32gcc81/include/geos/operation/overlay/PointBuilder.h
 -- Up-to-date:
 E:/jenkins/geos/rel-3.10w32gcc81/include/geos/operation/overlay/PolygonBuilder.h
 -- Up-to-date:
 E:/jenkins/geos/rel-3.10w32gcc81/include/geos/operation/overlay/snap
 -- Up-to-date:
 E:/jenkins/geos/rel-3.10w32gcc81/include/geos/operation/overlay/snap/GeometrySnapper.h
 -- Up-to-date:
 E:/jenkins/geos/rel-3.10w32gcc81/include/geos/operation/overlay/snap/LineStringSnapper.h
 -- Up-to-date:
 E:/jenkins/geos/rel-3.10w32gcc81/include/geos/operation/overlay/snap/SnapIfNeededOverlayOp.h
 -- Up-to-date:
 E:/jenkins/geos/rel-3.10w32gcc81/include/geos/operation/overlay/snap/SnapOverlayOp.h
 -- Up-to-date:
 E:/jenkins/geos/rel-3.10w32gcc81/include/geos/operation/overlay/validate
 -- Up-to-date:
 E:/jenkins/geos/rel-3.10w32gcc81/include/geos/operation/overlay/validate/FuzzyPointLocator.h
 -- Up-to-date:
 E:/jenkins/geos/rel-3.10w32gcc81/include/geos/operation/overlay/validate/OffsetPointGenerator.h
 -- Up-to-date:
 E:/jenkins/geos/rel-3.10w32gcc81/include/geos/operation/overlay/validate/OverlayResultValidator.h
 -- Up-to-date:
 E:/jenkins/geos/rel-3.10w32gcc81/include/geos/operation/overlayng
 -- Up-to-date:
 E:/jenkins/geos/rel-3.10w32gcc81/include/geos/operation/overlayng/Edge.h
 -- Up-to-date:
 E:/jenkins/geos/rel-3.10w32gcc81/include/geos/operation/overlayng/EdgeKey.h
 -- Up-to-date:
 E:/jenkins/geos/rel-3.10w32gcc81/include/geos/operation/overlayng/EdgeMerger.h
 -- Up-to-date:
 E:/jenkins/geos/rel-3.10w32gcc81/include/geos/operation/overlayng/EdgeNodingBuilder.h
 -- Up-to-date:
 E:/jenkins/geos/rel-3.10w32gcc81/include/geos/operation/overlayng/EdgeSourceInfo.h
 -- Up-to-date:
 E:/jenkins/geos/rel-3.10w32gcc81/include/geos/operation/overlayng/ElevationModel.h
 -- Up-to-date:
 E:/jenkins/geos/rel-3.10w32gcc81/include/geos/operation/overlayng/IndexedPointOnLineLocator.h
 -- Up-to-date:
 E:/jenkins/geos/rel-3.10w32gcc81/include/geos/operation/overlayng/InputGeometry.h
 -- Up-to-date:
 E:/jenkins/geos/rel-3.10w32gcc81/include/geos/operation/overlayng/IntersectionPointBuilder.h
 -- Up-to-date:
 E:/jenkins/geos/rel-3.10w32gcc81/include/geos/operation/overlayng/LineBuilder.h
 -- Up-to-date:
 E:/jenkins/geos/rel-3.10w32gcc81/include/geos/operation/overlayng/LineLimiter.h
 -- Up-to-date:
 E:/jenkins/geos/rel-3.10w32gcc81/include/geos/operation/overlayng/MaximalEdgeRing.h
 -- Up-to-date:
 E:/jenkins/geos/rel-3.10w32gcc81/include/geos/operation/overlayng/OverlayEdge.h
 -- Up-to-date:
 E:/jenkins/geos/rel-3.10w32gcc81/include/geos/operation/overlayng/OverlayEdgeRing.h
 -- Up-to-date:
 E:/jenkins/geos/rel-3.10w32gcc81/include/geos/operation/overlayng/OverlayGraph.h
 -- Up-to-date:
 E:/jenkins/geos/rel-3.10w32gcc81/include/geos/operation/overlayng/OverlayLabel.h
 -- Up-to-date:
 E:/jenkins/geos/rel-3.10w32gcc81/include/geos/operation/overlayng/OverlayLabeller.h
 -- Up-to-date:
 E:/jenkins/geos/rel-3.10w32gcc81/include/geos/operation/overlayng/OverlayMixedPoints.h
 -- Up-to-date:
 E:/jenkins/geos/rel-3.10w32gcc81/include/geos/operation/overlayng/OverlayNG.h
 -- Up-to-date:
 E:/jenkins/geos/rel-3.10w32gcc81/include/geos/operation/overlayng/OverlayNGRobust.h
 -- Up-to-date:
 E:/jenkins/geos/rel-3.10w32gcc81/include/geos/operation/overlayng/OverlayPoints.h
 -- Up-to-date:
 E:/jenkins/geos/rel-3.10w32gcc81/include/geos/operation/overlayng/OverlayUtil.h
 -- Up-to-date:
 E:/jenkins/geos/rel-3.10w32gcc81/include/geos/operation/overlayng/PolygonBuilder.h
 -- Up-to-date:
 E:/jenkins/geos/rel-3.10w32gcc81/include/geos/operation/overlayng/PrecisionReducer.h
 -- Up-to-date:
 E:/jenkins/geos/rel-3.10w32gcc81/include/geos/operation/overlayng/PrecisionUtil.h
 -- Up-to-date:
 E:/jenkins/geos/rel-3.10w32gcc81/include/geos/operation/overlayng/RingClipper.h
 -- Up-to-date:
 E:/jenkins/geos/rel-3.10w32gcc81/include/geos/operation/overlayng/RobustClipEnvelopeComputer.h
 -- Up-to-date:
 E:/jenkins/geos/rel-3.10w32gcc81/include/geos/operation/overlayng/UnaryUnionNG.h
 -- Up-to-date:
 E:/jenkins/geos/rel-3.10w32gcc81/include/geos/operation/polygonize
 -- Up-to-date:
 E:/jenkins/geos/rel-3.10w32gcc81/include/geos/operation/polygonize/BuildArea.h
 -- Up-to-date:
 E:/jenkins/geos/rel-3.10w32gcc81/include/geos/operation/polygonize/EdgeRing.h
 -- Up-to-date:
 E:/jenkins/geos/rel-3.10w32gcc81/include/geos/operation/polygonize/HoleAssigner.h
 -- Up-to-date:
 E:/jenkins/geos/rel-3.10w32gcc81/include/geos/operation/polygonize/PolygonizeDirectedEdge.h
 -- Up-to-date:
 E:/jenkins/geos/rel-3.10w32gcc81/include/geos/operation/polygonize/PolygonizeEdge.h
 -- Up-to-date:
 E:/jenkins/geos/rel-3.10w32gcc81/include/geos/operation/polygonize/PolygonizeGraph.h
 -- Up-to-date:
 E:/jenkins/geos/rel-3.10w32gcc81/include/geos/operation/polygonize/Polygonizer.h
 -- Up-to-date:
 E:/jenkins/geos/rel-3.10w32gcc81/include/geos/operation/predicate
 -- Up-to-date:
 E:/jenkins/geos/rel-3.10w32gcc81/include/geos/operation/predicate/RectangleContains.h
 -- Up-to-date:
 E:/jenkins/geos/rel-3.10w32gcc81/include/geos/operation/predicate/RectangleIntersects.h
 -- Up-to-date:
 E:/jenkins/geos/rel-3.10w32gcc81/include/geos/operation/predicate/SegmentIntersectionTester.h
 -- Up-to-date:
 E:/jenkins/geos/rel-3.10w32gcc81/include/geos/operation/relate
 -- Up-to-date:
 E:/jenkins/geos/rel-3.10w32gcc81/include/geos/operation/relate/EdgeEndBuilder.h
 -- Up-to-date:
 E:/jenkins/geos/rel-3.10w32gcc81/include/geos/operation/relate/EdgeEndBundle.h
 -- Up-to-date:
 E:/jenkins/geos/rel-3.10w32gcc81/include/geos/operation/relate/EdgeEndBundleStar.h
 -- Up-to-date:
 E:/jenkins/geos/rel-3.10w32gcc81/include/geos/operation/relate/RelateComputer.h
 -- Up-to-date:
 E:/jenkins/geos/rel-3.10w32gcc81/include/geos/operation/relate/RelateNode.h
 -- Up-to-date:
 E:/jenkins/geos/rel-3.10w32gcc81/include/geos/operation/relate/RelateNodeFactory.h
 -- Up-to-date:
 E:/jenkins/geos/rel-3.10w32gcc81/include/geos/operation/relate/RelateNodeGraph.h
 -- Up-to-date:
 E:/jenkins/geos/rel-3.10w32gcc81/include/geos/operation/relate/RelateOp.h
 -- Up-to-date:
 E:/jenkins/geos/rel-3.10w32gcc81/include/geos/operation/sharedpaths
 -- Up-to-date:
 E:/jenkins/geos/rel-3.10w32gcc81/include/geos/operation/sharedpaths/SharedPathsOp.h
 -- Up-to-date:
 E:/jenkins/geos/rel-3.10w32gcc81/include/geos/operation/union
 -- Up-to-date:
 E:/jenkins/geos/rel-3.10w32gcc81/include/geos/operation/union/CascadedPolygonUnion.h
 -- Up-to-date:
 E:/jenkins/geos/rel-3.10w32gcc81/include/geos/operation/union/CascadedUnion.h
 -- Up-to-date:
 E:/jenkins/geos/rel-3.10w32gcc81/include/geos/operation/union/CoverageUnion.h
 -- Up-to-date:
 E:/jenkins/geos/rel-3.10w32gcc81/include/geos/operation/union/GeometryListHolder.h
 -- Up-to-date:
 E:/jenkins/geos/rel-3.10w32gcc81/include/geos/operation/union/OverlapUnion.h
 -- Up-to-date:
 E:/jenkins/geos/rel-3.10w32gcc81/include/geos/operation/union/PointGeometryUnion.h
 -- Up-to-date:
 E:/jenkins/geos/rel-3.10w32gcc81/include/geos/operation/union/UnaryUnionOp.h
 -- Up-to-date:
 E:/jenkins/geos/rel-3.10w32gcc81/include/geos/operation/union/UnionStrategy.h
 -- Up-to-date:
 E:/jenkins/geos/rel-3.10w32gcc81/include/geos/operation/valid
 -- Up-to-date:
 E:/jenkins/geos/rel-3.10w32gcc81/include/geos/operation/valid/ConnectedInteriorTester.h
 -- Up-to-date:
 E:/jenkins/geos/rel-3.10w32gcc81/include/geos/operation/valid/ConsistentAreaTester.h
 -- Up-to-date:
 E:/jenkins/geos/rel-3.10w32gcc81/include/geos/operation/valid/IndexedNestedShellTester.h
 -- Up-to-date:
 E:/jenkins/geos/rel-3.10w32gcc81/include/geos/operation/valid/IsValidOp.h
 -- Up-to-date:
 E:/jenkins/geos/rel-3.10w32gcc81/include/geos/operation/valid/MakeValid.h
 -- Up-to-date:
 E:/jenkins/geos/rel-3.10w32gcc81/include/geos/operation/valid/QuadtreeNestedRingTester.h
 -- Up-to-date:
 E:/jenkins/geos/rel-3.10w32gcc81/include/geos/operation/valid/RepeatedPointRemover.h
 -- Up-to-date:
 E:/jenkins/geos/rel-3.10w32gcc81/include/geos/operation/valid/RepeatedPointTester.h
 -- Up-to-date:
 E:/jenkins/geos/rel-3.10w32gcc81/include/geos/operation/valid/SimpleNestedRingTester.h
 -- Up-to-date:
 E:/jenkins/geos/rel-3.10w32gcc81/include/geos/operation/valid/SweeplineNestedRingTester.h
 -- Up-to-date:
 E:/jenkins/geos/rel-3.10w32gcc81/include/geos/operation/valid/TopologyValidationError.h
 -- Up-to-date: E:/jenkins/geos/rel-3.10w32gcc81/include/geos/planargraph
 -- Up-to-date:
 E:/jenkins/geos/rel-3.10w32gcc81/include/geos/planargraph/algorithm
 -- Up-to-date:
 E:/jenkins/geos/rel-3.10w32gcc81/include/geos/planargraph/algorithm/ConnectedSubgraphFinder.h
 -- Up-to-date:
 E:/jenkins/geos/rel-3.10w32gcc81/include/geos/planargraph/DirectedEdge.h
 -- Up-to-date:
 E:/jenkins/geos/rel-3.10w32gcc81/include/geos/planargraph/DirectedEdgeStar.h
 -- Up-to-date:
 E:/jenkins/geos/rel-3.10w32gcc81/include/geos/planargraph/Edge.h
 -- Up-to-date:
 E:/jenkins/geos/rel-3.10w32gcc81/include/geos/planargraph/GraphComponent.h
 -- Up-to-date:
 E:/jenkins/geos/rel-3.10w32gcc81/include/geos/planargraph/Node.h
 -- Up-to-date:
 E:/jenkins/geos/rel-3.10w32gcc81/include/geos/planargraph/NodeMap.h
 -- Up-to-date:
 E:/jenkins/geos/rel-3.10w32gcc81/include/geos/planargraph/PlanarGraph.h
 -- Up-to-date:
 E:/jenkins/geos/rel-3.10w32gcc81/include/geos/planargraph/Subgraph.h
 -- Up-to-date: E:/jenkins/geos/rel-3.10w32gcc81/include/geos/precision
 -- Up-to-date:
 E:/jenkins/geos/rel-3.10w32gcc81/include/geos/precision/CommonBits.h
 -- Up-to-date:
 E:/jenkins/geos/rel-3.10w32gcc81/include/geos/precision/CommonBitsOp.h
 -- Up-to-date:
 E:/jenkins/geos/rel-3.10w32gcc81/include/geos/precision/CommonBitsRemover.h
 -- Up-to-date:
 E:/jenkins/geos/rel-3.10w32gcc81/include/geos/precision/EnhancedPrecisionOp.h
 -- Up-to-date:
 E:/jenkins/geos/rel-3.10w32gcc81/include/geos/precision/GeometryPrecisionReducer.h
 -- Up-to-date:
 E:/jenkins/geos/rel-3.10w32gcc81/include/geos/precision/MinimumClearance.h
 -- Up-to-date:
 E:/jenkins/geos/rel-3.10w32gcc81/include/geos/precision/PrecisionReducerCoordinateOperation.h
 -- Up-to-date:
 E:/jenkins/geos/rel-3.10w32gcc81/include/geos/precision/SimpleGeometryPrecisionReducer.h
 -- Up-to-date: E:/jenkins/geos/rel-3.10w32gcc81/include/geos/profiler.h
 -- Up-to-date: E:/jenkins/geos/rel-3.10w32gcc81/include/geos/shape
 -- Up-to-date: E:/jenkins/geos/rel-3.10w32gcc81/include/geos/shape/fractal
 -- Up-to-date:
 E:/jenkins/geos/rel-3.10w32gcc81/include/geos/shape/fractal/HilbertCode.h
 -- Up-to-date:
 E:/jenkins/geos/rel-3.10w32gcc81/include/geos/shape/fractal/HilbertEncoder.h
 -- Up-to-date:
 E:/jenkins/geos/rel-3.10w32gcc81/include/geos/shape/fractal/MortonCode.h
 -- Up-to-date: E:/jenkins/geos/rel-3.10w32gcc81/include/geos/simplify
 -- Up-to-date:
 E:/jenkins/geos/rel-3.10w32gcc81/include/geos/simplify/DouglasPeuckerLineSimplifier.h
 -- Up-to-date:
 E:/jenkins/geos/rel-3.10w32gcc81/include/geos/simplify/DouglasPeuckerSimplifier.h
 -- Up-to-date:
 E:/jenkins/geos/rel-3.10w32gcc81/include/geos/simplify/LineSegmentIndex.h
 -- Up-to-date:
 E:/jenkins/geos/rel-3.10w32gcc81/include/geos/simplify/TaggedLineSegment.h
 -- Up-to-date:
 E:/jenkins/geos/rel-3.10w32gcc81/include/geos/simplify/TaggedLinesSimplifier.h
 -- Up-to-date:
 E:/jenkins/geos/rel-3.10w32gcc81/include/geos/simplify/TaggedLineString.h
 -- Up-to-date:
 E:/jenkins/geos/rel-3.10w32gcc81/include/geos/simplify/TaggedLineStringSimplifier.h
 -- Up-to-date:
 E:/jenkins/geos/rel-3.10w32gcc81/include/geos/simplify/TopologyPreservingSimplifier.h
 -- Up-to-date: E:/jenkins/geos/rel-3.10w32gcc81/include/geos/triangulate
 -- Up-to-date:
 E:/jenkins/geos/rel-3.10w32gcc81/include/geos/triangulate/DelaunayTriangulationBuilder.h
 -- Up-to-date:
 E:/jenkins/geos/rel-3.10w32gcc81/include/geos/triangulate/IncrementalDelaunayTriangulator.h
 -- Up-to-date:
 E:/jenkins/geos/rel-3.10w32gcc81/include/geos/triangulate/quadedge
 -- Up-to-date:
 E:/jenkins/geos/rel-3.10w32gcc81/include/geos/triangulate/quadedge/LastFoundQuadEdgeLocator.h
 -- Up-to-date:
 E:/jenkins/geos/rel-3.10w32gcc81/include/geos/triangulate/quadedge/LocateFailureException.h
 -- Up-to-date:
 E:/jenkins/geos/rel-3.10w32gcc81/include/geos/triangulate/quadedge/QuadEdge.h
 -- Up-to-date:
 E:/jenkins/geos/rel-3.10w32gcc81/include/geos/triangulate/quadedge/QuadEdgeLocator.h
 -- Up-to-date:
 E:/jenkins/geos/rel-3.10w32gcc81/include/geos/triangulate/quadedge/QuadEdgeQuartet.h
 -- Up-to-date:
 E:/jenkins/geos/rel-3.10w32gcc81/include/geos/triangulate/quadedge/QuadEdgeSubdivision.h
 -- Up-to-date:
 E:/jenkins/geos/rel-3.10w32gcc81/include/geos/triangulate/quadedge/TrianglePredicate.h
 -- Up-to-date:
 E:/jenkins/geos/rel-3.10w32gcc81/include/geos/triangulate/quadedge/TriangleVisitor.h
 -- Up-to-date:
 E:/jenkins/geos/rel-3.10w32gcc81/include/geos/triangulate/quadedge/Vertex.h
 -- Up-to-date:
 E:/jenkins/geos/rel-3.10w32gcc81/include/geos/triangulate/VoronoiDiagramBuilder.h
 -- Up-to-date: E:/jenkins/geos/rel-3.10w32gcc81/include/geos/unload.h
 -- Up-to-date: E:/jenkins/geos/rel-3.10w32gcc81/include/geos/util
 -- Up-to-date: E:/jenkins/geos/rel-3.10w32gcc81/include/geos/util/Assert.h
 -- Up-to-date:
 E:/jenkins/geos/rel-3.10w32gcc81/include/geos/util/AssertionFailedException.h
 -- Up-to-date:
 E:/jenkins/geos/rel-3.10w32gcc81/include/geos/util/CoordinateArrayFilter.h
 -- Up-to-date:
 E:/jenkins/geos/rel-3.10w32gcc81/include/geos/util/GeometricShapeFactory.h
 -- Up-to-date:
 E:/jenkins/geos/rel-3.10w32gcc81/include/geos/util/GEOSException.h
 -- Up-to-date:
 E:/jenkins/geos/rel-3.10w32gcc81/include/geos/util/IllegalArgumentException.h
 -- Up-to-date:
 E:/jenkins/geos/rel-3.10w32gcc81/include/geos/util/IllegalStateException.h
 -- Up-to-date:
 E:/jenkins/geos/rel-3.10w32gcc81/include/geos/util/Interrupt.h
 -- Up-to-date:
 E:/jenkins/geos/rel-3.10w32gcc81/include/geos/util/Machine.h
 -- Up-to-date: E:/jenkins/geos/rel-3.10w32gcc81/include/geos/util/math.h
 -- Up-to-date:
 E:/jenkins/geos/rel-3.10w32gcc81/include/geos/util/TopologyException.h
 -- Up-to-date:
 E:/jenkins/geos/rel-3.10w32gcc81/include/geos/util/UniqueCoordinateArrayFilter.h
 -- Up-to-date:
 E:/jenkins/geos/rel-3.10w32gcc81/include/geos/util/UnsupportedOperationException.h
 -- Up-to-date: E:/jenkins/geos/rel-3.10w32gcc81/include/geos/util.h
 -- Up-to-date: E:/jenkins/geos/rel-3.10w32gcc81/include/geos
 -- Installing: E:/jenkins/geos/rel-3.10w32gcc81/include/geos/version.h
 -- Up-to-date: E:/jenkins/geos/rel-3.10w32gcc81/include/geos
 -- Up-to-date: E:/jenkins/geos/rel-3.10w32gcc81/include/geos/algorithm
 -- Up-to-date:
 E:/jenkins/geos/rel-3.10w32gcc81/include/geos/algorithm/CGAlgorithmsDD.inl
 -- Up-to-date:
 E:/jenkins/geos/rel-3.10w32gcc81/include/geos/algorithm/construct
 -- Up-to-date:
 E:/jenkins/geos/rel-3.10w32gcc81/include/geos/algorithm/ConvexHull.inl
 -- Up-to-date:
 E:/jenkins/geos/rel-3.10w32gcc81/include/geos/algorithm/distance
 -- Up-to-date:
 E:/jenkins/geos/rel-3.10w32gcc81/include/geos/algorithm/LineIntersector.inl
 -- Up-to-date:
 E:/jenkins/geos/rel-3.10w32gcc81/include/geos/algorithm/locate
 -- Up-to-date: E:/jenkins/geos/rel-3.10w32gcc81/include/geos/edgegraph
 -- Up-to-date: E:/jenkins/geos/rel-3.10w32gcc81/include/geos/geom
 -- Up-to-date:
 E:/jenkins/geos/rel-3.10w32gcc81/include/geos/geom/Coordinate.inl
 -- Up-to-date:
 E:/jenkins/geos/rel-3.10w32gcc81/include/geos/geom/CoordinateArraySequenceFactory.inl
 -- Up-to-date:
 E:/jenkins/geos/rel-3.10w32gcc81/include/geos/geom/Envelope.inl
 -- Up-to-date:
 E:/jenkins/geos/rel-3.10w32gcc81/include/geos/geom/GeometryCollection.inl
 -- Up-to-date:
 E:/jenkins/geos/rel-3.10w32gcc81/include/geos/geom/GeometryFactory.inl
 -- Up-to-date:
 E:/jenkins/geos/rel-3.10w32gcc81/include/geos/geom/LineSegment.inl
 -- Up-to-date:
 E:/jenkins/geos/rel-3.10w32gcc81/include/geos/geom/MultiLineString.inl
 -- Up-to-date:
 E:/jenkins/geos/rel-3.10w32gcc81/include/geos/geom/MultiPolygon.inl
 -- Up-to-date:
 E:/jenkins/geos/rel-3.10w32gcc81/include/geos/geom/PrecisionModel.inl
 -- Up-to-date: E:/jenkins/geos/rel-3.10w32gcc81/include/geos/geom/prep
 -- Up-to-date:
 E:/jenkins/geos/rel-3.10w32gcc81/include/geos/geom/Quadrant.inl
 -- Up-to-date: E:/jenkins/geos/rel-3.10w32gcc81/include/geos/geom/util
 -- Up-to-date: E:/jenkins/geos/rel-3.10w32gcc81/include/geos/geomgraph
 -- Up-to-date:
 E:/jenkins/geos/rel-3.10w32gcc81/include/geos/geomgraph/Depth.inl
 -- Up-to-date:
 E:/jenkins/geos/rel-3.10w32gcc81/include/geos/geomgraph/DirectedEdge.inl
 -- Up-to-date:
 E:/jenkins/geos/rel-3.10w32gcc81/include/geos/geomgraph/GeometryGraph.inl
 -- Up-to-date:
 E:/jenkins/geos/rel-3.10w32gcc81/include/geos/geomgraph/index
 -- Up-to-date:
 E:/jenkins/geos/rel-3.10w32gcc81/include/geos/geomgraph/index/SegmentIntersector.inl
 -- Up-to-date:
 E:/jenkins/geos/rel-3.10w32gcc81/include/geos/geomgraph/Label.inl
 -- Up-to-date:
 E:/jenkins/geos/rel-3.10w32gcc81/include/geos/geomgraph/TopologyLocation.inl
 -- Up-to-date: E:/jenkins/geos/rel-3.10w32gcc81/include/geos/index
 -- Up-to-date: E:/jenkins/geos/rel-3.10w32gcc81/include/geos/index/bintree
 -- Up-to-date: E:/jenkins/geos/rel-3.10w32gcc81/include/geos/index/chain
 -- Up-to-date:
 E:/jenkins/geos/rel-3.10w32gcc81/include/geos/index/intervalrtree
 -- Up-to-date: E:/jenkins/geos/rel-3.10w32gcc81/include/geos/index/kdtree
 -- Up-to-date:
 E:/jenkins/geos/rel-3.10w32gcc81/include/geos/index/quadtree
 -- Up-to-date: E:/jenkins/geos/rel-3.10w32gcc81/include/geos/index/strtree
 -- Up-to-date:
 E:/jenkins/geos/rel-3.10w32gcc81/include/geos/index/sweepline
 -- Up-to-date: E:/jenkins/geos/rel-3.10w32gcc81/include/geos/io
 -- Up-to-date:
 E:/jenkins/geos/rel-3.10w32gcc81/include/geos/io/ByteOrderDataInStream.inl
 -- Up-to-date:
 E:/jenkins/geos/rel-3.10w32gcc81/include/geos/io/WKTReader.inl
 -- Up-to-date: E:/jenkins/geos/rel-3.10w32gcc81/include/geos/linearref
 -- Up-to-date: E:/jenkins/geos/rel-3.10w32gcc81/include/geos/math
 -- Up-to-date: E:/jenkins/geos/rel-3.10w32gcc81/include/geos/noding
 -- Up-to-date:
 E:/jenkins/geos/rel-3.10w32gcc81/include/geos/noding/BasicSegmentString.inl
 -- Up-to-date:
 E:/jenkins/geos/rel-3.10w32gcc81/include/geos/noding/MCIndexNoder.inl
 -- Up-to-date:
 E:/jenkins/geos/rel-3.10w32gcc81/include/geos/noding/NodedSegmentString.inl
 -- Up-to-date:
 E:/jenkins/geos/rel-3.10w32gcc81/include/geos/noding/NodingIntersectionFinder.inl
 -- Up-to-date:
 E:/jenkins/geos/rel-3.10w32gcc81/include/geos/noding/SegmentNode.inl
 -- Up-to-date: E:/jenkins/geos/rel-3.10w32gcc81/include/geos/noding/snap
 -- Up-to-date:
 E:/jenkins/geos/rel-3.10w32gcc81/include/geos/noding/snapround
 -- Up-to-date:
 E:/jenkins/geos/rel-3.10w32gcc81/include/geos/noding/snapround/HotPixel.inl
 -- Up-to-date: E:/jenkins/geos/rel-3.10w32gcc81/include/geos/operation
 -- Up-to-date:
 E:/jenkins/geos/rel-3.10w32gcc81/include/geos/operation/buffer
 -- Up-to-date:
 E:/jenkins/geos/rel-3.10w32gcc81/include/geos/operation/distance
 -- Up-to-date:
 E:/jenkins/geos/rel-3.10w32gcc81/include/geos/operation/intersection
 -- Up-to-date:
 E:/jenkins/geos/rel-3.10w32gcc81/include/geos/operation/linemerge
 -- Up-to-date:
 E:/jenkins/geos/rel-3.10w32gcc81/include/geos/operation/overlay
 -- Up-to-date:
 E:/jenkins/geos/rel-3.10w32gcc81/include/geos/operation/overlay/MinimalEdgeRing.inl
 -- Up-to-date:
 E:/jenkins/geos/rel-3.10w32gcc81/include/geos/operation/overlay/snap
 -- Up-to-date:
 E:/jenkins/geos/rel-3.10w32gcc81/include/geos/operation/overlay/validate
 -- Up-to-date:
 E:/jenkins/geos/rel-3.10w32gcc81/include/geos/operation/overlayng
 -- Up-to-date:
 E:/jenkins/geos/rel-3.10w32gcc81/include/geos/operation/overlayng/Edge.inl
 -- Up-to-date:
 E:/jenkins/geos/rel-3.10w32gcc81/include/geos/operation/overlayng/EdgeKey.inl
 -- Up-to-date:
 E:/jenkins/geos/rel-3.10w32gcc81/include/geos/operation/overlayng/OverlayEdge.inl
 -- Up-to-date:
 E:/jenkins/geos/rel-3.10w32gcc81/include/geos/operation/overlayng/OverlayLabel.inl
 -- Up-to-date:
 E:/jenkins/geos/rel-3.10w32gcc81/include/geos/operation/polygonize
 -- Up-to-date:
 E:/jenkins/geos/rel-3.10w32gcc81/include/geos/operation/predicate
 -- Up-to-date:
 E:/jenkins/geos/rel-3.10w32gcc81/include/geos/operation/relate
 -- Up-to-date:
 E:/jenkins/geos/rel-3.10w32gcc81/include/geos/operation/sharedpaths
 -- Up-to-date:
 E:/jenkins/geos/rel-3.10w32gcc81/include/geos/operation/union
 -- Up-to-date:
 E:/jenkins/geos/rel-3.10w32gcc81/include/geos/operation/valid
 -- Up-to-date: E:/jenkins/geos/rel-3.10w32gcc81/include/geos/planargraph
 -- Up-to-date:
 E:/jenkins/geos/rel-3.10w32gcc81/include/geos/planargraph/algorithm
 -- Up-to-date: E:/jenkins/geos/rel-3.10w32gcc81/include/geos/precision
 -- Up-to-date: E:/jenkins/geos/rel-3.10w32gcc81/include/geos/shape
 -- Up-to-date: E:/jenkins/geos/rel-3.10w32gcc81/include/geos/shape/fractal
 -- Up-to-date: E:/jenkins/geos/rel-3.10w32gcc81/include/geos/simplify
 -- Up-to-date: E:/jenkins/geos/rel-3.10w32gcc81/include/geos/triangulate
 -- Up-to-date:
 E:/jenkins/geos/rel-3.10w32gcc81/include/geos/triangulate/quadedge
 -- Up-to-date: E:/jenkins/geos/rel-3.10w32gcc81/include/geos/util
 -- Up-to-date: E:/jenkins/geos/rel-3.10w32gcc81/include/geos
 -- Installing: E:/jenkins/geos/rel-3.10w32gcc81/include/geos_c.h
 -- Installing: E:/jenkins/geos/rel-3.10w32gcc81/bin/geos-config
 -- Installing: E:/jenkins/geos/rel-3.10w32gcc81/lib/pkgconfig/geos.pc
 Test project E:/jenkins/geos/branches/build32cmake3.10
         Start   1: unit-algorithm-Angle
   1/368 Test   #1: unit-algorithm-Angle
 .....................................   Passed    0.13 sec
         Start   2: unit-algorithm-Area
   2/368 Test   #2: unit-algorithm-Area
 ......................................   Passed    0.11 sec
         Start   3: unit-algorithm-CGAlgorithms-OrientationIsCCW
   3/368 Test   #3: unit-algorithm-CGAlgorithms-OrientationIsCCW
 .............   Passed    0.19 sec
         Start   4: unit-algorithm-CGAlgorithms-computeOrientation
   4/368 Test   #4: unit-algorithm-CGAlgorithms-computeOrientation
 ...........   Passed    0.10 sec
         Start   5: unit-algorithm-CGAlgorithms-isPointInRing
   5/368 Test   #5: unit-algorithm-CGAlgorithms-isPointInRing
 ................   Passed    0.20 sec
         Start   6: unit-algorithm-CGAlgorithms-signedArea
   6/368 Test   #6: unit-algorithm-CGAlgorithms-signedArea
 ...................   Passed    0.10 sec
         Start   7: unit-algorithm-ConvexHull
   7/368 Test   #7: unit-algorithm-ConvexHull
 ................................   Passed    0.11 sec
         Start   8: unit-algorithm-InteriorPointArea
   8/368 Test   #8: unit-algorithm-InteriorPointArea
 .........................   Passed    0.12 sec
         Start   9: unit-algorithm-Intersection
   9/368 Test   #9: unit-algorithm-Intersection
 ..............................   Passed    0.11 sec
         Start  10: unit-algorithm-Length
  10/368 Test  #10: unit-algorithm-Length
 ....................................   Passed    0.12 sec
         Start  11: unit-algorithm-LocatePointInRing
  11/368 Test  #11: unit-algorithm-LocatePointInRing
 .........................   Passed    0.12 sec
         Start  12: unit-algorithm-MinimumBoundingCircle
  12/368 Test  #12: unit-algorithm-MinimumBoundingCircle
 .....................   Passed    0.12 sec
         Start  13: unit-algorithm-MinimumDiameter
  13/368 Test  #13: unit-algorithm-MinimumDiameter
 ...........................   Passed    0.12 sec
         Start  14: unit-algorithm-OrientationIndexFailure
  14/368 Test  #14: unit-algorithm-OrientationIndexFailure
 ...................   Passed    0.12 sec
         Start  15: unit-algorithm-PointLocator
  15/368 Test  #15: unit-algorithm-PointLocator
 ..............................   Passed    0.12 sec
         Start  16: unit-algorithm-RobustLineIntersection
  16/368 Test  #16: unit-algorithm-RobustLineIntersection
 ....................   Passed    0.15 sec
         Start  17: unit-algorithm-RobustLineIntersector
  17/368 Test  #17: unit-algorithm-RobustLineIntersector
 .....................   Passed    0.12 sec
         Start  18: unit-algorithm-RobustLineIntersectorZ
  18/368 Test  #18: unit-algorithm-RobustLineIntersectorZ
 ....................   Passed    0.12 sec
         Start  19: unit-algorithm-construct-LargestEmptyCircle
  19/368 Test  #19: unit-algorithm-construct-LargestEmptyCircle
 ..............   Passed    0.27 sec
         Start  20: unit-algorithm-construct-MaximumInscribedCircle
  20/368 Test  #20: unit-algorithm-construct-MaximumInscribedCircle
 ..........   Passed    0.32 sec
         Start  21: unit-algorithm-distance-DiscreteFrechetDistance
  21/368 Test  #21: unit-algorithm-distance-DiscreteFrechetDistance
 ..........   Passed    0.11 sec
         Start  22: unit-algorithm-distance-DiscreteHausdorffDistance
  22/368 Test  #22: unit-algorithm-distance-DiscreteHausdorffDistance
 ........   Passed    0.12 sec
         Start  23: unit-capi-GEOSBoundary
  23/368 Test  #23: unit-capi-GEOSBoundary
 ...................................   Passed    0.12 sec
         Start  24: unit-capi-GEOSBuffer
  24/368 Test  #24: unit-capi-GEOSBuffer
 .....................................   Passed    0.13 sec
         Start  25: unit-capi-GEOSBuildArea
  25/368 Test  #25: unit-capi-GEOSBuildArea
 ..................................   Passed    0.12 sec
         Start  26: unit-capi-GEOSCAPIDefines
  26/368 Test  #26: unit-capi-GEOSCAPIDefines
 ................................   Passed    0.12 sec
         Start  27: unit-capi-GEOSClipByRect
  27/368 Test  #27: unit-capi-GEOSClipByRect
 .................................   Passed    0.12 sec
         Start  28: unit-capi-GEOSContains
  28/368 Test  #28: unit-capi-GEOSContains
 ...................................   Passed    0.13 sec
         Start  29: unit-capi-GEOSConvexHull
  29/368 Test  #29: unit-capi-GEOSConvexHull
 .................................   Passed    0.12 sec
         Start  30: unit-capi-GEOSCoordSeq
  30/368 Test  #30: unit-capi-GEOSCoordSeq
 ...................................   Passed    0.12 sec
         Start  31: unit-capi-GEOSCoverageUnion
  31/368 Test  #31: unit-capi-GEOSCoverageUnion
 ..............................   Passed    0.12 sec
         Start  32: unit-capi-GEOSDelaunayTriangulation
  32/368 Test  #32: unit-capi-GEOSDelaunayTriangulation
 ......................   Passed    0.12 sec
         Start  33: unit-capi-GEOSDensify
  33/368 Test  #33: unit-capi-GEOSDensify
 ....................................   Passed    0.12 sec
         Start  34: unit-capi-GEOSDifferencePrec
  34/368 Test  #34: unit-capi-GEOSDifferencePrec
 .............................   Passed    0.12 sec
         Start  35: unit-capi-GEOSDifference
  35/368 Test  #35: unit-capi-GEOSDifference
 .................................   Passed    0.12 sec
         Start  36: unit-capi-GEOSDistance
  36/368 Test  #36: unit-capi-GEOSDistance
 ...................................   Passed    0.13 sec
         Start  37: unit-capi-GEOSEnvelope
  37/368 Test  #37: unit-capi-GEOSEnvelope
 ...................................   Passed    0.12 sec
         Start  38: unit-capi-GEOSEquals
  38/368 Test  #38: unit-capi-GEOSEquals
 .....................................   Passed    0.12 sec
         Start  39: unit-capi-GEOSFrechetDistance
  39/368 Test  #39: unit-capi-GEOSFrechetDistance
 ............................   Passed    0.12 sec
         Start  40: unit-capi-GEOSGeomFromWKB
  40/368 Test  #40: unit-capi-GEOSGeomFromWKB
 ................................   Passed    0.12 sec
         Start  41: unit-capi-GEOSGeomToWKT
  41/368 Test  #41: unit-capi-GEOSGeomToWKT
 ..................................   Passed    0.12 sec
         Start  42: unit-capi-GEOSGeom_createCollection
  42/368 Test  #42: unit-capi-GEOSGeom_createCollection
 ......................   Passed    0.10 sec
         Start  43: unit-capi-GEOSGeom_createLineString
  43/368 Test  #43: unit-capi-GEOSGeom_createLineString
 ......................   Passed    0.12 sec
         Start  44: unit-capi-GEOSGeom_createPolygon
  44/368 Test  #44: unit-capi-GEOSGeom_createPolygon
 .........................   Passed    0.12 sec
         Start  45: unit-capi-GEOSGeom_create
  45/368 Test  #45: unit-capi-GEOSGeom_create
 ................................   Passed    0.12 sec
         Start  46: unit-capi-GEOSGeom_extent
  46/368 Test  #46: unit-capi-GEOSGeom_extent
 ................................   Passed    0.12 sec
         Start  47: unit-capi-GEOSGeom_extractUniquePoints
  47/368 Test  #47: unit-capi-GEOSGeom_extractUniquePoints
 ...................   Passed    0.12 sec
         Start  48: unit-capi-GEOSGeom_getCoordSeq
  48/368 Test  #48: unit-capi-GEOSGeom_getCoordSeq
 ...........................   Passed    0.12 sec
         Start  49: unit-capi-GEOSGeom_getCoordinateDimension
  49/368 Test  #49: unit-capi-GEOSGeom_getCoordinateDimension
 ................   Passed    0.11 sec
         Start  50: unit-capi-GEOSGeom_getDimensions
  50/368 Test  #50: unit-capi-GEOSGeom_getDimensions
 .........................   Passed    0.12 sec
         Start  51: unit-capi-GEOSGeom_setPrecision
  51/368 Test  #51: unit-capi-GEOSGeom_setPrecision
 ..........................   Passed    0.12 sec
         Start  52: unit-capi-GEOSGetCentroid
  52/368 Test  #52: unit-capi-GEOSGetCentroid
 ................................   Passed    0.12 sec
         Start  53: unit-capi-GEOSGetNumInteriorRings
  53/368 Test  #53: unit-capi-GEOSGetNumInteriorRings
 ........................   Passed    0.12 sec
         Start  54: unit-capi-GEOSHausdorffDistance
  54/368 Test  #54: unit-capi-GEOSHausdorffDistance
 ..........................   Passed    0.12 sec
         Start  55: unit-capi-GEOSInterpolate
  55/368 Test  #55: unit-capi-GEOSInterpolate
 ................................   Passed    0.12 sec
         Start  56: unit-capi-GEOSInterrupt
  56/368 Test  #56: unit-capi-GEOSInterrupt
 ..................................   Passed    0.12 sec
         Start  57: unit-capi-GEOSIntersectionPrec
  57/368 Test  #57: unit-capi-GEOSIntersectionPrec
 ...........................   Passed    0.12 sec
         Start  58: unit-capi-GEOSIntersection
  58/368 Test  #58: unit-capi-GEOSIntersection
 ...............................   Passed    0.12 sec
         Start  59: unit-capi-GEOSIntersects
  59/368 Test  #59: unit-capi-GEOSIntersects
 .................................   Passed    0.12 sec
         Start  60: unit-capi-GEOSLength
  60/368 Test  #60: unit-capi-GEOSLength
 .....................................   Passed    0.12 sec
         Start  61: unit-capi-GEOSLineMerge
  61/368 Test  #61: unit-capi-GEOSLineMerge
 ..................................   Passed    0.12 sec
         Start  62: unit-capi-GEOSLineString_Point
  62/368 Test  #62: unit-capi-GEOSLineString_Point
 ...........................   Passed    0.12 sec
         Start  63: unit-capi-GEOSMakeValid
  63/368 Test  #63: unit-capi-GEOSMakeValid
 ..................................   Passed    0.13 sec
         Start  64: unit-capi-GEOSMaximumInscribedCircle
  64/368 Test  #64: unit-capi-GEOSMaximumInscribedCircle
 .....................   Passed    0.12 sec
         Start  65: unit-capi-GEOSMinimumBoundingCircle
  65/368 Test  #65: unit-capi-GEOSMinimumBoundingCircle
 ......................   Passed    0.12 sec
         Start  66: unit-capi-GEOSMinimumClearance
  66/368 Test  #66: unit-capi-GEOSMinimumClearance
 ...........................   Passed    0.12 sec
         Start  67: unit-capi-GEOSMinimumRectangle
  67/368 Test  #67: unit-capi-GEOSMinimumRectangle
 ...........................   Passed    0.12 sec
         Start  68: unit-capi-GEOSMinimumWidth
  68/368 Test  #68: unit-capi-GEOSMinimumWidth
 ...............................   Passed    0.12 sec
         Start  69: unit-capi-GEOSNearestPoints
  69/368 Test  #69: unit-capi-GEOSNearestPoints
 ..............................   Passed    0.12 sec
         Start  70: unit-capi-GEOSNode
  70/368 Test  #70: unit-capi-GEOSNode
 .......................................   Passed    0.12 sec
         Start  71: unit-capi-GEOSOffsetCurve
  71/368 Test  #71: unit-capi-GEOSOffsetCurve
 ................................   Passed    0.10 sec
         Start  72: unit-capi-GEOSOrientationIndex
  72/368 Test  #72: unit-capi-GEOSOrientationIndex
 ...........................   Passed    0.12 sec
         Start  73: unit-capi-GEOSPointOnSurface
  73/368 Test  #73: unit-capi-GEOSPointOnSurface
 .............................   Passed    0.12 sec
         Start  74: unit-capi-GEOSPolygonize
  74/368 Test  #74: unit-capi-GEOSPolygonize
 .................................   Passed    0.12 sec
         Start  75: unit-capi-GEOSPreparedDistance
  75/368 Test  #75: unit-capi-GEOSPreparedDistance
 ...........................   Passed    0.12 sec
         Start  76: unit-capi-GEOSPreparedGeometry
  76/368 Test  #76: unit-capi-GEOSPreparedGeometry
 ...........................   Passed    0.13 sec
         Start  77: unit-capi-GEOSPreparedNearestPoints
  77/368 Test  #77: unit-capi-GEOSPreparedNearestPoints
 ......................   Passed    0.12 sec
         Start  78: unit-capi-GEOSProject
  78/368 Test  #78: unit-capi-GEOSProject
 ....................................   Passed    0.12 sec
         Start  79: unit-capi-GEOSRelateBoundaryNodeRule
  79/368 Test  #79: unit-capi-GEOSRelateBoundaryNodeRule
 .....................   Passed    0.12 sec
         Start  80: unit-capi-GEOSRelatePatternMatch
  80/368 Test  #80: unit-capi-GEOSRelatePatternMatch
 .........................   Passed    0.12 sec
         Start  81: unit-capi-GEOSReverse
  81/368 Test  #81: unit-capi-GEOSReverse
 ....................................   Passed    0.12 sec
         Start  82: unit-capi-GEOSSTRtree
  82/368 Test  #82: unit-capi-GEOSSTRtree
 ....................................   Passed    0.15 sec
         Start  83: unit-capi-GEOSSegmentIntersection
  83/368 Test  #83: unit-capi-GEOSSegmentIntersection
 ........................   Passed    0.12 sec
         Start  84: unit-capi-GEOSSetSRID
  84/368 Test  #84: unit-capi-GEOSSetSRID
 ....................................   Passed    0.11 sec
         Start  85: unit-capi-GEOSSharedPaths
  85/368 Test  #85: unit-capi-GEOSSharedPaths
 ................................   Passed    0.12 sec
         Start  86: unit-capi-GEOSSimplify
  86/368 Test  #86: unit-capi-GEOSSimplify
 ...................................   Passed    0.12 sec
         Start  87: unit-capi-GEOSSnap
  87/368 Test  #87: unit-capi-GEOSSnap
 .......................................   Passed    0.12 sec
         Start  88: unit-capi-GEOSUnaryUnion
  88/368 Test  #88: unit-capi-GEOSUnaryUnion
 .................................   Passed    0.12 sec
         Start  89: unit-capi-GEOSUnionPrec
  89/368 Test  #89: unit-capi-GEOSUnionPrec
 ..................................   Passed    0.12 sec
         Start  90: unit-capi-GEOSUnion
  90/368 Test  #90: unit-capi-GEOSUnion
 ......................................   Passed    0.12 sec
         Start  91: unit-capi-GEOSUserData
  91/368 Test  #91: unit-capi-GEOSUserData
 ...................................   Passed    0.12 sec
         Start  92: unit-capi-GEOSVoronoiDiagram
  92/368 Test  #92: unit-capi-GEOSVoronoiDiagram
 .............................   Passed    0.14 sec
         Start  93: unit-capi-GEOSWithin
  93/368 Test  #93: unit-capi-GEOSWithin
 .....................................   Passed    0.12 sec
         Start  94: unit-capi-GEOSisClosed
  94/368 Test  #94: unit-capi-GEOSisClosed
 ...................................   Passed    0.12 sec
         Start  95: unit-capi-GEOSisValidDetail
  95/368 Test  #95: unit-capi-GEOSisValidDetail
 ..............................   Passed    0.12 sec
         Start  96: unit-capi-GEOSisValidReason
  96/368 Test  #96: unit-capi-GEOSisValidReason
 ..............................   Passed    0.12 sec
         Start  97: unit-capi-GEOSisValid
  97/368 Test  #97: unit-capi-GEOSisValid
 ....................................   Passed    0.12 sec
         Start  98: unit-edgegraph-EdgeGraph
  98/368 Test  #98: unit-edgegraph-EdgeGraph
 .................................   Passed    0.12 sec
         Start  99: unit-geom-CoordinateArraySequenceFactory
  99/368 Test  #99: unit-geom-CoordinateArraySequenceFactory
 .................   Passed    0.12 sec
         Start 100: unit-geom-CoordinateArraySequence
 100/368 Test #100: unit-geom-CoordinateArraySequence
 ........................   Passed    0.12 sec
         Start 101: unit-geom-CoordinateList
 101/368 Test #101: unit-geom-CoordinateList
 .................................   Passed    0.12 sec
         Start 102: unit-geom-Coordinate
 102/368 Test #102: unit-geom-Coordinate
 .....................................   Passed    0.12 sec
         Start 103: unit-geom-Dimension
 103/368 Test #103: unit-geom-Dimension
 ......................................   Passed    0.12 sec
         Start 104: unit-geom-Envelope
 104/368 Test #104: unit-geom-Envelope
 .......................................   Passed    0.12 sec
         Start 105: unit-geom-FixedSizeCoordinateSequence
 105/368 Test #105: unit-geom-FixedSizeCoordinateSequence
 ....................   Passed    0.12 sec
         Start 106: unit-geom-Geometry-clone
 106/368 Test #106: unit-geom-Geometry-clone
 .................................   Passed    0.12 sec
         Start 107: unit-geom-Geometry-covers
 107/368 Test #107: unit-geom-Geometry-covers
 ................................   Passed    0.12 sec
         Start 108: unit-geom-Geometry-equals
 108/368 Test #108: unit-geom-Geometry-equals
 ................................   Passed    0.12 sec
         Start 109: unit-geom-Geometry-isRectangle
 109/368 Test #109: unit-geom-Geometry-isRectangle
 ...........................   Passed    0.12 sec
         Start 110: unit-geom-Geometry-normalize
 110/368 Test #110: unit-geom-Geometry-normalize
 .............................   Passed    0.12 sec
         Start 111: unit-geom-Geometry-touches
 111/368 Test #111: unit-geom-Geometry-touches
 ...............................   Passed    0.12 sec
         Start 112: unit-geom-GeometryCollection
 112/368 Test #112: unit-geom-GeometryCollection
 .............................   Passed    0.12 sec
         Start 113: unit-geom-GeometryComponentFilter
 113/368 Test #113: unit-geom-GeometryComponentFilter
 ........................   Passed    0.12 sec
         Start 114: unit-geom-GeometryFactory
 114/368 Test #114: unit-geom-GeometryFactory
 ................................   Passed    0.12 sec
         Start 115: unit-geom-GeometryFilter
 115/368 Test #115: unit-geom-GeometryFilter
 .................................   Passed    0.12 sec
         Start 116: unit-geom-IntersectionMatrix
 116/368 Test #116: unit-geom-IntersectionMatrix
 .............................   Passed    0.12 sec
         Start 117: unit-geom-LineSegment
 117/368 Test #117: unit-geom-LineSegment
 ....................................   Passed    0.12 sec
         Start 118: unit-geom-LineString
 118/368 Test #118: unit-geom-LineString
 .....................................   Passed    0.12 sec
         Start 119: unit-geom-LinearRing
 119/368 Test #119: unit-geom-LinearRing
 .....................................   Passed    0.12 sec
         Start 120: unit-geom-Location
 120/368 Test #120: unit-geom-Location
 .......................................   Passed    0.12 sec
         Start 121: unit-geom-MultiLineString
 121/368 Test #121: unit-geom-MultiLineString
 ................................   Passed    0.12 sec
         Start 122: unit-geom-MultiPoint
 122/368 Test #122: unit-geom-MultiPoint
 .....................................   Passed    0.12 sec
         Start 123: unit-geom-MultiPolygon
 123/368 Test #123: unit-geom-MultiPolygon
 ...................................   Passed    0.12 sec
         Start 124: unit-geom-Point
 124/368 Test #124: unit-geom-Point
 ..........................................   Passed    0.12 sec
         Start 125: unit-geom-Polygon
 125/368 Test #125: unit-geom-Polygon
 ........................................   Passed    0.12 sec
         Start 126: unit-geom-PrecisionModel
 126/368 Test #126: unit-geom-PrecisionModel
 .................................   Passed    0.12 sec
         Start 127: unit-geom-Triangle
 127/368 Test #127: unit-geom-Triangle
 .......................................   Passed    0.12 sec
         Start 128: unit-geom-prep-PreparedGeometry-touches
 128/368 Test #128: unit-geom-prep-PreparedGeometry-touches
 ..................   Passed    0.12 sec
         Start 129: unit-geom-prep-PreparedGeometryFactory
 129/368 Test #129: unit-geom-prep-PreparedGeometryFactory
 ...................   Passed    0.12 sec
         Start 130: unit-geom-util-GeometryExtracter
 130/368 Test #130: unit-geom-util-GeometryExtracter
 .........................   Passed    0.12 sec
         Start 131: unit-geomgraph-TopologyLocation
 131/368 Test #131: unit-geomgraph-TopologyLocation
 ..........................   Passed    0.12 sec
         Start 132: unit-index-chain-MonotoneChainBuilder
 132/368 Test #132: unit-index-chain-MonotoneChainBuilder
 ....................   Passed    0.12 sec
         Start 133: unit-index-kdtree-KdTree
 133/368 Test #133: unit-index-kdtree-KdTree
 .................................   Passed    0.12 sec
         Start 134: unit-index-strtree-SIRtree
 134/368 Test #134: unit-index-strtree-SIRtree
 ...............................   Passed    0.12 sec
         Start 135: unit-index-strtree-SimpleSTRtree
 135/368 Test #135: unit-index-strtree-SimpleSTRtree
 .........................   Passed    0.12 sec
         Start 136: unit-io-ByteOrderValues
 136/368 Test #136: unit-io-ByteOrderValues
 ..................................   Passed    0.12 sec
         Start 137: unit-io-WKBReader
 137/368 Test #137: unit-io-WKBReader
 ........................................   Passed    0.12 sec
         Start 138: unit-io-WKBWriter
 138/368 Test #138: unit-io-WKBWriter
 ........................................   Passed    0.11 sec
         Start 139: unit-io-WKTReader
 139/368 Test #139: unit-io-WKTReader
 ........................................   Passed    0.12 sec
         Start 140: unit-io-WKTWriter
 140/368 Test #140: unit-io-WKTWriter
 ........................................   Passed    0.12 sec
         Start 141: unit-io-Writer
 141/368 Test #141: unit-io-Writer
 ...........................................   Passed    0.12 sec
         Start 142: unit-linearref-LengthIndexedLine
 142/368 Test #142: unit-linearref-LengthIndexedLine
 .........................   Passed    0.12 sec
         Start 143: unit-math-DD
 143/368 Test #143: unit-math-DD
 .............................................   Passed    0.12 sec
         Start 144: unit-noding-BasicSegmentString
 144/368 Test #144: unit-noding-BasicSegmentString
 ...........................   Passed    0.12 sec
         Start 145: unit-noding-NodedSegmentString
 145/368 Test #145: unit-noding-NodedSegmentString
 ...........................   Passed    0.12 sec
         Start 146: unit-noding-OrientedCoordinateArray
 146/368 Test #146: unit-noding-OrientedCoordinateArray
 ......................   Passed    0.12 sec
         Start 147: unit-noding-SegmentNode
 147/368 Test #147: unit-noding-SegmentNode
 ..................................   Passed    0.12 sec
         Start 148: unit-noding-SegmentPointComparator
 148/368 Test #148: unit-noding-SegmentPointComparator
 .......................   Passed    0.12 sec
         Start 149: unit-noding-snap-SnappingNoder
 149/368 Test #149: unit-noding-snap-SnappingNoder
 ...........................   Passed    0.12 sec
         Start 150: unit-noding-snapround-HotPixel
 150/368 Test #150: unit-noding-snapround-HotPixel
 ...........................   Passed    0.12 sec
         Start 151: unit-noding-snapround-MCIndexSnapRounder
 151/368 Test #151: unit-noding-snapround-MCIndexSnapRounder
 .................   Passed    0.12 sec
         Start 152: unit-noding-snapround-SnapRoundingNoder
 152/368 Test #152: unit-noding-snapround-SnapRoundingNoder
 ..................   Passed    0.13 sec
         Start 153: unit-operation-IsSimpleOp
 153/368 Test #153: unit-operation-IsSimpleOp
 ................................   Passed    0.12 sec
         Start 154: unit-operation-buffer-BufferBuilder
 154/368 Test #154: unit-operation-buffer-BufferBuilder
 ......................   Passed    0.12 sec
         Start 155: unit-operation-buffer-BufferOp
 155/368 Test #155: unit-operation-buffer-BufferOp
 ...........................   Passed    0.17 sec
         Start 156: unit-operation-buffer-BufferParameters
 156/368 Test #156: unit-operation-buffer-BufferParameters
 ...................   Passed    0.12 sec
         Start 157: unit-operation-distance-DistanceOp
 157/368 Test #157: unit-operation-distance-DistanceOp
 .......................   Passed    0.12 sec
         Start 158: unit-operation-distance-IndexedFacetDistance
 158/368 Test #158: unit-operation-distance-IndexedFacetDistance
 .............   Passed    1.46 sec
         Start 159: unit-operation-geounion-CascadedPolygonUnion
 159/368 Test #159: unit-operation-geounion-CascadedPolygonUnion
 .............   Passed    0.12 sec
         Start 160: unit-operation-geounion-CoverageUnion
 160/368 Test #160: unit-operation-geounion-CoverageUnion
 ....................   Passed    0.13 sec
         Start 161: unit-operation-geounion-UnaryUnionOp
 161/368 Test #161: unit-operation-geounion-UnaryUnionOp
 .....................   Passed    0.12 sec
         Start 162: unit-operation-intersection-RectangleIntersection
 162/368 Test #162: unit-operation-intersection-RectangleIntersection
 ........   Passed    0.13 sec
         Start 163: unit-operation-linemerge-LineMerger
 163/368 Test #163: unit-operation-linemerge-LineMerger
 ......................   Passed    0.12 sec
         Start 164: unit-operation-linemerge-LineSequencer
 164/368 Test #164: unit-operation-linemerge-LineSequencer
 ...................   Passed    0.12 sec
         Start 165: unit-operation-overlay-OverlayOpUnion
 165/368 Test #165: unit-operation-overlay-OverlayOpUnion
 ....................   Passed    0.12 sec
         Start 166: unit-operation-overlay-snap-GeometrySnapper
 166/368 Test #166: unit-operation-overlay-snap-GeometrySnapper
 ..............   Passed    0.12 sec
         Start 167: unit-operation-overlay-snap-LineStringSnapper
 167/368 Test #167: unit-operation-overlay-snap-LineStringSnapper
 ............   Passed    0.12 sec
         Start 168: unit-operation-overlay-validate-FuzzyPointLocator
 168/368 Test #168: unit-operation-overlay-validate-FuzzyPointLocator
 ........   Passed    0.12 sec
         Start 169: unit-operation-overlay-validate-OffsetPointGenerator
 169/368 Test #169: unit-operation-overlay-validate-OffsetPointGenerator
 .....   Passed    0.12 sec
         Start 170: unit-operation-overlay-validate-OverlayResultValidator
 170/368 Test #170: unit-operation-overlay-validate-OverlayResultValidator
 ...   Passed    0.12 sec
         Start 171: unit-operation-overlayng-ElevationModel
 171/368 Test #171: unit-operation-overlayng-ElevationModel
 ..................   Passed    0.12 sec
         Start 172: unit-operation-overlayng-LineLimiter
 172/368 Test #172: unit-operation-overlayng-LineLimiter
 .....................   Passed    0.12 sec
         Start 173: unit-operation-overlayng-OverlayGraph
 173/368 Test #173: unit-operation-overlayng-OverlayGraph
 ....................   Passed    0.12 sec
         Start 174: unit-operation-overlayng-OverlayNGFloatingNoder
 174/368 Test #174: unit-operation-overlayng-OverlayNGFloatingNoder
 ..........   Passed    0.12 sec
         Start 175: unit-operation-overlayng-OverlayNGMixedPoints
 175/368 Test #175: unit-operation-overlayng-OverlayNGMixedPoints
 ............   Passed    0.12 sec
         Start 176: unit-operation-overlayng-OverlayNGPoints
 176/368 Test #176: unit-operation-overlayng-OverlayNGPoints
 .................   Passed    0.12 sec
         Start 177: unit-operation-overlayng-OverlayNGRobust
 177/368 Test #177: unit-operation-overlayng-OverlayNGRobust
 .................   Passed    0.12 sec
         Start 178: unit-operation-overlayng-OverlayNGSnappingNoder
 178/368 Test #178: unit-operation-overlayng-OverlayNGSnappingNoder
 ..........   Passed    0.12 sec
         Start 179: unit-operation-overlayng-OverlayNGSnappingOne
 179/368 Test #179: unit-operation-overlayng-OverlayNGSnappingOne
 ............   Passed    0.12 sec
         Start 180: unit-operation-overlayng-OverlayNGStrictMode
 180/368 Test #180: unit-operation-overlayng-OverlayNGStrictMode
 .............   Passed    0.13 sec
         Start 181: unit-operation-overlayng-OverlayNG
 181/368 Test #181: unit-operation-overlayng-OverlayNG
 .......................   Passed    0.14 sec
         Start 182: unit-operation-overlayng-OverlayNGZ
 182/368 Test #182: unit-operation-overlayng-OverlayNGZ
 ......................   Passed    0.12 sec
         Start 183: unit-operation-overlayng-PrecisionReducer
 183/368 Test #183: unit-operation-overlayng-PrecisionReducer
 ................   Passed    0.13 sec
         Start 184: unit-operation-overlayng-PrecisionUtil
 184/368 Test #184: unit-operation-overlayng-PrecisionUtil
 ...................   Passed    0.12 sec
         Start 185: unit-operation-overlayng-RingClipper
 185/368 Test #185: unit-operation-overlayng-RingClipper
 .....................   Passed    0.12 sec
         Start 186: unit-operation-overlayng-UnaryUnionNG
 186/368 Test #186: unit-operation-overlayng-UnaryUnionNG
 ....................   Passed    0.12 sec
         Start 187: unit-operation-polygonize-Polygonize
 187/368 Test #187: unit-operation-polygonize-Polygonize
 .....................   Passed    0.12 sec
         Start 188: unit-operation-sharedpaths-SharedPathsOp
 188/368 Test #188: unit-operation-sharedpaths-SharedPathsOp
 .................   Passed    0.12 sec
         Start 189: unit-operation-valid-IsValidOp
 189/368 Test #189: unit-operation-valid-IsValidOp
 ...........................   Passed    0.12 sec
         Start 190: unit-operation-valid-MakeValid
 190/368 Test #190: unit-operation-valid-MakeValid
 ...........................   Passed    0.12 sec
         Start 191: unit-operation-valid-RepeatedPointRemover
 191/368 Test #191: unit-operation-valid-RepeatedPointRemover
 ................   Passed    0.12 sec
         Start 192: unit-operation-valid-ValidClosedRing
 192/368 Test #192: unit-operation-valid-ValidClosedRing
 .....................   Passed    0.12 sec
         Start 193: unit-operation-valid-ValidSelfTouchingRingFormingHole
 193/368 Test #193: unit-operation-valid-ValidSelfTouchingRingFormingHole
 ....   Passed    0.12 sec
         Start 194: unit-precision-CommonBits
 194/368 Test #194: unit-precision-CommonBits
 ................................   Passed    0.12 sec
         Start 195: unit-precision-GeometryPrecisionReducer
 195/368 Test #195: unit-precision-GeometryPrecisionReducer
 ..................   Passed    0.12 sec
         Start 196: unit-precision-SimpleGeometryPrecisionReducer
 196/368 Test #196: unit-precision-SimpleGeometryPrecisionReducer
 ............   Passed    0.12 sec
         Start 197: unit-shape-fractal-HilbertCode
 197/368 Test #197: unit-shape-fractal-HilbertCode
 ...........................   Passed    0.12 sec
         Start 198: unit-shape-fractal-MortonCode
 198/368 Test #198: unit-shape-fractal-MortonCode
 ............................   Passed    0.12 sec
         Start 199: unit-simplify-DouglasPeuckerSimplifier
 199/368 Test #199: unit-simplify-DouglasPeuckerSimplifier
 ...................   Passed    0.13 sec
         Start 200: unit-simplify-TopologyPreservingSimplifier
 200/368 Test #200: unit-simplify-TopologyPreservingSimplifier
 ...............   Passed    0.13 sec
         Start 201: unit-triangulate-Delaunay
 201/368 Test #201: unit-triangulate-Delaunay
 ................................   Passed    0.13 sec
         Start 202: unit-triangulate-Voronoi
 202/368 Test #202: unit-triangulate-Voronoi
 .................................   Passed    0.14 sec
         Start 203: unit-triangulate-quadedge-QuadEdgeSubdivision
 203/368 Test #203: unit-triangulate-quadedge-QuadEdgeSubdivision
 ............   Passed    0.12 sec
         Start 204: unit-triangulate-quadedge-QuadEdge
 204/368 Test #204: unit-triangulate-quadedge-QuadEdge
 .......................   Passed    0.12 sec
         Start 205: unit-triangulate-quadedge-Vertex
 205/368 Test #205: unit-triangulate-quadedge-Vertex
 .........................   Passed    0.12 sec
         Start 206: unit-util-UniqueCoordinateArrayFilter
 206/368 Test #206: unit-util-UniqueCoordinateArrayFilter
 ....................   Passed    0.12 sec
         Start 207: general-TestBoundary
 207/368 Test #207: general-TestBoundary
 .....................................   Passed    0.03 sec
         Start 208: general-TestBuffer
 208/368 Test #208: general-TestBuffer
 .......................................   Passed    0.10 sec
         Start 209: general-TestBufferMitredJoin
 209/368 Test #209: general-TestBufferMitredJoin
 .............................   Passed    0.02 sec
         Start 210: general-TestCentroid
 210/368 Test #210: general-TestCentroid
 .....................................   Passed    0.02 sec
         Start 211: general-TestConvexHull-big
 211/368 Test #211: general-TestConvexHull-big
 ...............................   Passed    0.02 sec
         Start 212: general-TestConvexHull
 212/368 Test #212: general-TestConvexHull
 ...................................   Passed    0.02 sec
         Start 213: general-TestDensify
 213/368 Test #213: general-TestDensify
 ......................................   Passed    0.02 sec
         Start 214: general-TestDistance
 214/368 Test #214: general-TestDistance
 .....................................   Passed    0.02 sec
         Start 215: general-TestEqualsExact
 215/368 Test #215: general-TestEqualsExact
 ..................................   Passed    0.02 sec
         Start 216: general-TestInteriorPoint
 216/368 Test #216: general-TestInteriorPoint
 ................................   Passed    0.02 sec
         Start 217: general-TestIntersectsPL
 217/368 Test #217: general-TestIntersectsPL
 .................................   Passed    0.02 sec
         Start 218: general-TestMinimumClearance
 218/368 Test #218: general-TestMinimumClearance
 .............................   Passed    0.02 sec
         Start 219: general-TestNGOverlayA
 219/368 Test #219: general-TestNGOverlayA
 ...................................   Passed    0.10 sec
         Start 220: general-TestNGOverlayAPrec
 220/368 Test #220: general-TestNGOverlayAPrec
 ...............................   Passed    0.07 sec
         Start 221: general-TestNGOverlayEmpty
 221/368 Test #221: general-TestNGOverlayEmpty
 ...............................   Passed    0.03 sec
         Start 222: general-TestNGOverlayL
 222/368 Test #222: general-TestNGOverlayL
 ...................................   Passed    0.04 sec
         Start 223: general-TestNGOverlayLPrec
 223/368 Test #223: general-TestNGOverlayLPrec
 ...............................   Passed    0.03 sec
         Start 224: general-TestNGOverlayP
 224/368 Test #224: general-TestNGOverlayP
 ...................................   Passed    0.03 sec
         Start 225: general-TestNGOverlayPPrec
 225/368 Test #225: general-TestNGOverlayPPrec
 ...............................   Passed    0.02 sec
         Start 226: general-TestOverlayAA
 226/368 Test #226: general-TestOverlayAA
 ....................................   Passed    0.08 sec
         Start 227: general-TestOverlayAAPrec
 227/368 Test #227: general-TestOverlayAAPrec
 ................................   Passed    0.10 sec
         Start 228: general-TestOverlayEmpty
 228/368 Test #228: general-TestOverlayEmpty
 .................................   Passed    0.05 sec
         Start 229: general-TestOverlayLA
 229/368 Test #229: general-TestOverlayLA
 ....................................   Passed    0.06 sec
         Start 230: general-TestOverlayLAPrec
 230/368 Test #230: general-TestOverlayLAPrec
 ................................   Passed    0.03 sec
         Start 231: general-TestOverlayLL
 231/368 Test #231: general-TestOverlayLL
 ....................................   Passed    0.03 sec
         Start 232: general-TestOverlayLLPrec
 232/368 Test #232: general-TestOverlayLLPrec
 ................................   Passed    0.03 sec
         Start 233: general-TestOverlayPA
 233/368 Test #233: general-TestOverlayPA
 ....................................   Passed    0.03 sec
         Start 234: general-TestOverlayPL
 234/368 Test #234: general-TestOverlayPL
 ....................................   Passed    0.03 sec
         Start 235: general-TestOverlayPLPrec
 235/368 Test #235: general-TestOverlayPLPrec
 ................................   Passed    0.02 sec
         Start 236: general-TestOverlayPP
 236/368 Test #236: general-TestOverlayPP
 ....................................   Passed    0.02 sec
         Start 237: general-TestPreparedIntersectsPL
 237/368 Test #237: general-TestPreparedIntersectsPL
 .........................   Passed    0.02 sec
         Start 238: general-TestPreparedPointPredicate
 238/368 Test #238: general-TestPreparedPointPredicate
 .......................   Passed    0.02 sec
         Start 239: general-TestPreparedPolygonPredicate
 239/368 Test #239: general-TestPreparedPolygonPredicate
 .....................   Passed    0.02 sec
         Start 240: general-TestPreparedPredicatesWithGeometryCollection
 240/368 Test #240: general-TestPreparedPredicatesWithGeometryCollection
 .....   Passed    0.02 sec
         Start 241: general-TestRectanglePredicate
 241/368 Test #241: general-TestRectanglePredicate
 ...........................   Passed    0.02 sec
         Start 242: general-TestRelateAA
 242/368 Test #242: general-TestRelateAA
 .....................................   Passed    0.03 sec
         Start 243: general-TestRelateAC
 243/368 Test #243: general-TestRelateAC
 .....................................   Passed    0.02 sec
         Start 244: general-TestRelateLA
 244/368 Test #244: general-TestRelateLA
 .....................................   Passed    0.02 sec
         Start 245: general-TestRelateLC
 245/368 Test #245: general-TestRelateLC
 .....................................   Passed    0.02 sec
         Start 246: general-TestRelateLL
 246/368 Test #246: general-TestRelateLL
 .....................................   Passed    0.02 sec
         Start 247: general-TestRelatePA
 247/368 Test #247: general-TestRelatePA
 .....................................   Passed    0.02 sec
         Start 248: general-TestRelatePL
 248/368 Test #248: general-TestRelatePL
 .....................................   Passed    0.02 sec
         Start 249: general-TestRelatePP
 249/368 Test #249: general-TestRelatePP
 .....................................   Passed    0.02 sec
         Start 250: general-TestSimple
 250/368 Test #250: general-TestSimple
 .......................................   Passed    0.02 sec
         Start 251: general-TestUnaryUnion
 251/368 Test #251: general-TestUnaryUnion
 ...................................   Passed    0.03 sec
         Start 252: general-TestUnaryUnionFloating
 252/368 Test #252: general-TestUnaryUnionFloating
 ...........................   Passed    0.02 sec
         Start 253: general-TestValid
 253/368 Test #253: general-TestValid
 ........................................   Passed    0.03 sec
         Start 254: general-TestValid2-big
 254/368 Test #254: general-TestValid2-big
 ...................................   Passed    0.02 sec
         Start 255: general-TestValid2
 255/368 Test #255: general-TestValid2
 .......................................   Passed    0.10 sec
         Start 256: general-TestWithinDistance
 256/368 Test #256: general-TestWithinDistance
 ...............................   Passed    0.02 sec
         Start 257: issue-issue-geos-1018
 257/368 Test #257: issue-issue-geos-1018
 ....................................   Passed    0.02 sec
         Start 258: issue-issue-geos-1085
 258/368 Test #258: issue-issue-geos-1085
 ....................................   Passed    0.02 sec
         Start 259: issue-issue-geos-176
 259/368 Test #259: issue-issue-geos-176
 .....................................   Passed    0.02 sec
         Start 260: issue-issue-geos-188
 260/368 Test #260: issue-issue-geos-188
 .....................................   Passed    0.02 sec
         Start 261: issue-issue-geos-234
 261/368 Test #261: issue-issue-geos-234
 .....................................   Passed    0.02 sec
         Start 262: issue-issue-geos-244
 262/368 Test #262: issue-issue-geos-244
 .....................................   Passed    6.20 sec
         Start 263: issue-issue-geos-275
 263/368 Test #263: issue-issue-geos-275
 .....................................   Passed    0.03 sec
         Start 264: issue-issue-geos-350
 264/368 Test #264: issue-issue-geos-350
 .....................................   Passed    0.02 sec
         Start 265: issue-issue-geos-356
 265/368 Test #265: issue-issue-geos-356
 .....................................   Passed    0.02 sec
         Start 266: issue-issue-geos-358
 266/368 Test #266: issue-issue-geos-358
 .....................................   Passed    0.17 sec
         Start 267: issue-issue-geos-360
 267/368 Test #267: issue-issue-geos-360
 .....................................   Passed    0.02 sec
         Start 268: issue-issue-geos-366
 268/368 Test #268: issue-issue-geos-366
 .....................................   Passed    0.04 sec
         Start 269: issue-issue-geos-392
 269/368 Test #269: issue-issue-geos-392
 .....................................   Passed    0.12 sec
         Start 270: issue-issue-geos-398
 270/368 Test #270: issue-issue-geos-398
 .....................................   Passed    0.02 sec
         Start 271: issue-issue-geos-434
 271/368 Test #271: issue-issue-geos-434
 .....................................   Passed    0.03 sec
         Start 272: issue-issue-geos-459
 272/368 Test #272: issue-issue-geos-459
 .....................................   Passed    0.02 sec
         Start 273: issue-issue-geos-488
 273/368 Test #273: issue-issue-geos-488
 .....................................   Passed    0.03 sec
         Start 274: issue-issue-geos-527
 274/368 Test #274: issue-issue-geos-527
 .....................................   Passed    0.02 sec
         Start 275: issue-issue-geos-569
 275/368 Test #275: issue-issue-geos-569
 .....................................   Passed    0.03 sec
         Start 276: issue-issue-geos-582
 276/368 Test #276: issue-issue-geos-582
 .....................................   Passed    0.02 sec
         Start 277: issue-issue-geos-586
 277/368 Test #277: issue-issue-geos-586
 .....................................   Passed    0.05 sec
         Start 278: issue-issue-geos-599
 278/368 Test #278: issue-issue-geos-599
 .....................................   Passed    0.03 sec
         Start 279: issue-issue-geos-605
 279/368 Test #279: issue-issue-geos-605
 .....................................   Passed    0.04 sec
         Start 280: issue-issue-geos-615
 280/368 Test #280: issue-issue-geos-615
 .....................................   Passed    0.03 sec
         Start 281: issue-issue-geos-716
 281/368 Test #281: issue-issue-geos-716
 .....................................   Passed    0.02 sec
         Start 282: issue-issue-geos-837
 282/368 Test #282: issue-issue-geos-837
 .....................................***Not Run (Disabled)   0.00 sec
         Start 283: issue-issue-geos-838
 283/368 Test #283: issue-issue-geos-838
 .....................................   Passed    0.02 sec
         Start 284: issue-issue-geos-990
 284/368 Test #284: issue-issue-geos-990
 .....................................   Passed    0.02 sec
         Start 285: issue-issue-geos-994
 285/368 Test #285: issue-issue-geos-994
 .....................................   Passed    0.03 sec
         Start 286: misc-Buffer-1
 286/368 Test #286: misc-Buffer-1
 ............................................   Passed    0.35 sec
         Start 287: misc-Buffer-2
 287/368 Test #287: misc-Buffer-2
 ............................................   Passed    0.02 sec
         Start 288: misc-InvalidRelates
 288/368 Test #288: misc-InvalidRelates
 ......................................   Passed    0.02 sec
         Start 289: misc-Segfaults
 289/368 Test #289: misc-Segfaults
 ...........................................   Passed    0.02 sec
         Start 290: misc-TestBufferExternal-1
 290/368 Test #290: misc-TestBufferExternal-1
 ................................   Passed    0.02 sec
         Start 291: misc-TestBufferExternal-2
 291/368 Test #291: misc-TestBufferExternal-2
 ................................   Passed    1.40 sec
         Start 292: misc-TestIsValid
 292/368 Test #292: misc-TestIsValid
 .........................................   Passed    0.02 sec
         Start 293: misc-buildarea
 293/368 Test #293: misc-buildarea
 ...........................................   Passed    0.03 sec
         Start 294: misc-fme
 294/368 Test #294: misc-fme
 .................................................   Passed    2.24 sec
         Start 295: misc-heisenbugs
 295/368 Test #295: misc-heisenbugs
 ..........................................   Passed    0.03 sec
         Start 296: misc-hexwkb
 296/368 Test #296: misc-hexwkb
 ..............................................   Passed    0.02 sec
         Start 297: misc-hole_from_shell
 297/368 Test #297: misc-hole_from_shell
 .....................................   Passed    0.03 sec
         Start 298: misc-hole_red
 298/368 Test #298: misc-hole_red
 ............................................   Passed    0.03 sec
         Start 299: misc-linemerge
 299/368 Test #299: misc-linemerge
 ...........................................   Passed    0.02 sec
         Start 300: misc-makevalid
 300/368 Test #300: misc-makevalid
 ...........................................   Passed    0.04 sec
         Start 301: misc-robustness
 301/368 Test #301: misc-robustness
 ..........................................   Passed    0.05 sec
         Start 302: misc-safe-16595
 302/368 Test #302: misc-safe-16595
 ..........................................   Passed    0.69 sec
         Start 303: misc-safe-16596
 303/368 Test #303: misc-safe-16596
 ..........................................   Passed    0.18 sec
         Start 304: misc-safe-TestBufferJagged
 304/368 Test #304: misc-safe-TestBufferJagged
 ...............................   Passed   15.04 sec
         Start 305: misc-singlesidedbuffer
 305/368 Test #305: misc-singlesidedbuffer
 ...................................   Passed    0.02 sec
         Start 306: misc-split
 306/368 Test #306: misc-split
 ...............................................   Passed    0.02 sec
         Start 307: misc-stmlf-20061020-invalid-output
 307/368 Test #307: misc-stmlf-20061020-invalid-output
 .......................   Passed    0.06 sec
         Start 308: misc-stmlf-20061020
 308/368 Test #308: misc-stmlf-20061020
 ......................................   Passed    0.14 sec
         Start 309: misc-stmlf-20070119
 309/368 Test #309: misc-stmlf-20070119
 ......................................   Passed    0.02 sec
         Start 310: robust-TestRobustOverlayFixed
 310/368 Test #310: robust-TestRobustOverlayFixed
 ............................   Passed    0.02 sec
         Start 311: robust-TestRobustRelate
 311/368 Test #311: robust-TestRobustRelate
 ..................................   Passed    0.02 sec
         Start 312: robust-TestOverlay-geos-1034
 312/368 Test #312: robust-TestOverlay-geos-1034
 .............................   Passed    0.58 sec
         Start 313: robust-TestOverlay-geos-1046-union-lines
 313/368 Test #313: robust-TestOverlay-geos-1046-union-lines
 .................   Passed    0.03 sec
         Start 314: robust-TestOverlay-geos-1051
 314/368 Test #314: robust-TestOverlay-geos-1051
 .............................   Passed    0.60 sec
         Start 315: robust-TestOverlay-geos-153
 315/368 Test #315: robust-TestOverlay-geos-153
 ..............................   Passed    0.02 sec
         Start 316: robust-TestOverlay-geos-234
 316/368 Test #316: robust-TestOverlay-geos-234
 ..............................   Passed    0.02 sec
         Start 317: robust-TestOverlay-geos-275
 317/368 Test #317: robust-TestOverlay-geos-275
 ..............................   Passed    0.04 sec
         Start 318: robust-TestOverlay-geos-350
 318/368 Test #318: robust-TestOverlay-geos-350
 ..............................   Passed    0.02 sec
         Start 319: robust-TestOverlay-geos-358
 319/368 Test #319: robust-TestOverlay-geos-358
 ..............................   Passed    0.35 sec
         Start 320: robust-TestOverlay-geos-360
 320/368 Test #320: robust-TestOverlay-geos-360
 ..............................   Passed    0.02 sec
         Start 321: robust-TestOverlay-geos-368
 321/368 Test #321: robust-TestOverlay-geos-368
 ..............................   Passed    0.03 sec
         Start 322: robust-TestOverlay-geos-392-lines
 322/368 Test #322: robust-TestOverlay-geos-392-lines
 ........................   Passed    0.19 sec
         Start 323: robust-TestOverlay-geos-392
 323/368 Test #323: robust-TestOverlay-geos-392
 ..............................   Passed    0.04 sec
         Start 324: robust-TestOverlay-geos-398
 324/368 Test #324: robust-TestOverlay-geos-398
 ..............................   Passed    0.02 sec
         Start 325: robust-TestOverlay-geos-459
 325/368 Test #325: robust-TestOverlay-geos-459
 ..............................   Passed    0.02 sec
         Start 326: robust-TestOverlay-geos-488
 326/368 Test #326: robust-TestOverlay-geos-488
 ..............................   Passed    0.03 sec
         Start 327: robust-TestOverlay-geos-522
 327/368 Test #327: robust-TestOverlay-geos-522
 ..............................   Passed    0.02 sec
         Start 328: robust-TestOverlay-geos-527
 328/368 Test #328: robust-TestOverlay-geos-527
 ..............................   Passed    0.02 sec
         Start 329: robust-TestOverlay-geos-586
 329/368 Test #329: robust-TestOverlay-geos-586
 ..............................   Passed    0.02 sec
         Start 330: robust-TestOverlay-geos-599
 330/368 Test #330: robust-TestOverlay-geos-599
 ..............................   Passed    0.02 sec
         Start 331: robust-TestOverlay-geos-600-lines
 331/368 Test #331: robust-TestOverlay-geos-600-lines
 ........................   Passed    0.33 sec
         Start 332: robust-TestOverlay-geos-615
 332/368 Test #332: robust-TestOverlay-geos-615
 ..............................   Passed    0.03 sec
         Start 333: robust-TestOverlay-geos-737
 333/368 Test #333: robust-TestOverlay-geos-737
 ..............................   Passed    0.03 sec
         Start 334: robust-TestOverlay-geos-837
 334/368 Test #334: robust-TestOverlay-geos-837
 ..............................   Passed    0.28 sec
         Start 335: robust-TestOverlay-geos-838
 335/368 Test #335: robust-TestOverlay-geos-838
 ..............................   Passed    0.02 sec
         Start 336: robust-TestOverlay-geos-979
 336/368 Test #336: robust-TestOverlay-geos-979
 ..............................   Passed    0.04 sec
         Start 337: robust-TestOverlay-geos-994
 337/368 Test #337: robust-TestOverlay-geos-994
 ..............................   Passed    0.03 sec
         Start 338: robust-TestOverlay-geos-997-union-fail
 338/368 Test #338: robust-TestOverlay-geos-997-union-fail
 ...................   Passed    0.02 sec
         Start 339: robust-TestOverlay-geos-997-union-slow
 339/368 Test #339: robust-TestOverlay-geos-997-union-slow
 ...................   Passed   14.14 sec
         Start 340: robust-TestOverlay-geos-list
 340/368 Test #340: robust-TestOverlay-geos-list
 .............................   Passed    0.04 sec
         Start 341: robust-TestOverlay-gisse-345341-lines
 341/368 Test #341: robust-TestOverlay-gisse-345341-lines
 ....................   Passed    0.02 sec
         Start 342: robust-TestOverlay-isochrone
 342/368 Test #342: robust-TestOverlay-isochrone
 .............................   Passed    0.79 sec
         Start 343: robust-TestOverlay-jts-300
 343/368 Test #343: robust-TestOverlay-jts-300
 ...............................   Passed    0.07 sec
         Start 344: robust-TestOverlay-misc-1
 344/368 Test #344: robust-TestOverlay-misc-1
 ................................   Passed    0.14 sec
         Start 345: robust-TestOverlay-misc-2
 345/368 Test #345: robust-TestOverlay-misc-2
 ................................   Passed    0.10 sec
         Start 346: robust-TestOverlay-misc-3
 346/368 Test #346: robust-TestOverlay-misc-3
 ................................   Passed    0.02 sec
         Start 347: robust-TestOverlay-misc-4
 347/368 Test #347: robust-TestOverlay-misc-4
 ................................   Passed    0.02 sec
         Start 348: robust-TestOverlay-misc-5
 348/368 Test #348: robust-TestOverlay-misc-5
 ................................   Passed    0.02 sec
         Start 349: robust-TestOverlay-osmwater
 349/368 Test #349: robust-TestOverlay-osmwater
 ..............................   Passed    0.05 sec
         Start 350: robust-TestOverlay-pg-4182-2
 350/368 Test #350: robust-TestOverlay-pg-4182-2
 .............................   Passed    0.48 sec
         Start 351: robust-TestOverlay-pg-4538
 351/368 Test #351: robust-TestOverlay-pg-4538
 ...............................   Passed    0.08 sec
         Start 352: robust-TestOverlay-pg-list
 352/368 Test #352: robust-TestOverlay-pg-list
 ...............................   Passed    0.12 sec
         Start 353: robust-TestOverlay-qgis-29400
 353/368 Test #353: robust-TestOverlay-qgis-29400
 ............................   Passed    0.05 sec
         Start 354: robust-TestOverlay-qgis-31552
 354/368 Test #354: robust-TestOverlay-qgis-31552
 ............................   Passed    0.03 sec
         Start 355: robust-TestOverlay-qgis-37032
 355/368 Test #355: robust-TestOverlay-qgis-37032
 ............................   Passed    0.03 sec
         Start 356: robust-TestOverlay-rsf-794
 356/368 Test #356: robust-TestOverlay-rsf-794
 ...............................   Passed    0.10 sec
         Start 357: robust-TestOverlay-shapely-1061
 357/368 Test #357: robust-TestOverlay-shapely-1061
 ..........................   Passed    0.04 sec
         Start 358: robust-TestOverlay-shapely-829
 358/368 Test #358: robust-TestOverlay-shapely-829
 ...........................   Passed    0.14 sec
         Start 359: robust-TestOverlay-stmlf
 359/368 Test #359: robust-TestOverlay-stmlf
 .................................   Passed   14.60 sec
         Start 360: validate-TestRelateAA-big
 360/368 Test #360: validate-TestRelateAA-big
 ................................   Passed    0.02 sec
         Start 361: validate-TestRelateAA
 361/368 Test #361: validate-TestRelateAA
 ....................................   Passed    0.18 sec
         Start 362: validate-TestRelateAC
 362/368 Test #362: validate-TestRelateAC
 ....................................   Passed    0.02 sec
         Start 363: validate-TestRelateLA
 363/368 Test #363: validate-TestRelateLA
 ....................................   Passed    0.10 sec
         Start 364: validate-TestRelateLC
 364/368 Test #364: validate-TestRelateLC
 ....................................   Passed    0.02 sec
         Start 365: validate-TestRelateLL
 365/368 Test #365: validate-TestRelateLL
 ....................................   Passed    0.18 sec
         Start 366: validate-TestRelatePA
 366/368 Test #366: validate-TestRelatePA
 ....................................   Passed    0.05 sec
         Start 367: validate-TestRelatePL
 367/368 Test #367: validate-TestRelatePL
 ....................................   Passed    0.10 sec
         Start 368: validate-TestRelatePP
 368/368 Test #368: validate-TestRelatePP
 ....................................   Passed    0.03 sec

 100% tests passed, 0 tests failed out of 367

 Total Test time (real) =  91.58 sec

 The following tests did not run:
         282 - issue-issue-geos-837 (Disabled)

 E:\jenkins\geos\branches\3.10cmake>exit 0
 Finished: SUCCESS
 }}}

-- 
Ticket URL: <https://trac.osgeo.org/geos/ticket/996#comment:8>
GEOS <http://trac.osgeo.org/geos>
GEOS (Geometry Engine - Open Source) is a C++ port of the Java Topology Suite (JTS).

From geos-trac at osgeo.org  Thu Feb  4 11:38:57 2021
From: geos-trac at osgeo.org (GEOS)
Date: Thu, 04 Feb 2021 19:38:57 -0000
Subject: [geos-devel] [GEOS] #996: Windows CMake Mingw64 32-bit gcc 8.1.0
In-Reply-To: <042.996e9ec0bbdeef3e7bad3688e9ca818c@osgeo.org>
References: <042.996e9ec0bbdeef3e7bad3688e9ca818c@osgeo.org>
Message-ID: <057.646b32dcf247f559b8949d9e71de1661@osgeo.org>

#996: Windows CMake Mingw64 32-bit gcc 8.1.0
-------------------------+---------------------------
 Reporter:  robe         |       Owner:  geos-devel@?
     Type:  defect       |      Status:  closed
 Priority:  minor        |   Milestone:  3.10.0
Component:  Default      |     Version:  master
 Severity:  Significant  |  Resolution:  fixed
 Keywords:               |
-------------------------+---------------------------
Changes (by robe):

 * status:  new => closed
 * resolution:   => fixed


-- 
Ticket URL: <https://trac.osgeo.org/geos/ticket/996#comment:9>
GEOS <http://trac.osgeo.org/geos>
GEOS (Geometry Engine - Open Source) is a C++ port of the Java Topology Suite (JTS).

From geos-trac at osgeo.org  Mon Feb  8 11:50:48 2021
From: geos-trac at osgeo.org (GEOS)
Date: Mon, 08 Feb 2021 19:50:48 -0000
Subject: [geos-devel] [GEOS] #1099: Polygon compareToSameClass does not
 account for holes
In-Reply-To: <044.6e0e14905f6615fd32d7d9d5c39cb20b@osgeo.org>
References: <044.6e0e14905f6615fd32d7d9d5c39cb20b@osgeo.org>
Message-ID: <059.421479a057d7217496b4826a305450f1@osgeo.org>

#1099: Polygon compareToSameClass does not account for holes
--------------------------+---------------------------
 Reporter:  Brendan Ward  |       Owner:  geos-devel@?
     Type:  defect        |      Status:  closed
 Priority:  major         |   Milestone:  3.10.0
Component:  Default       |     Version:  3.9.0
 Severity:  Unassigned    |  Resolution:  fixed
 Keywords:                |
--------------------------+---------------------------
Changes (by Brendan Ward):

 * status:  new => closed
 * resolution:   => fixed
 * milestone:  3.9.1 => 3.10.0


Comment:

 Resolved by https://github.com/libgeos/geos/pull/397

-- 
Ticket URL: <https://trac.osgeo.org/geos/ticket/1099#comment:3>
GEOS <http://trac.osgeo.org/geos>
GEOS (Geometry Engine - Open Source) is a C++ port of the Java Topology Suite (JTS).

From geos-trac at osgeo.org  Tue Feb  9 09:23:30 2021
From: geos-trac at osgeo.org (GEOS)
Date: Tue, 09 Feb 2021 17:23:30 -0000
Subject: [geos-devel] [GEOS] #1095: WKTReader ignores extra characters
 after end of geometry
In-Reply-To: <045.06a1bfbbd5fc13e7b230cd99e2d5b6e0@osgeo.org>
References: <045.06a1bfbbd5fc13e7b230cd99e2d5b6e0@osgeo.org>
Message-ID: <060.844e046abb020f2a1bc18e6db35c792c@osgeo.org>

#1095: WKTReader ignores extra characters after end of geometry
------------------------+---------------------------
 Reporter:  dbaston     |       Owner:  geos-devel@?
     Type:  defect      |      Status:  new
 Priority:  major       |   Milestone:  3.9.1
Component:  Default     |     Version:  3.9.0
 Severity:  Unassigned  |  Resolution:
 Keywords:              |
------------------------+---------------------------

Comment (by pramsey):

 So fix is to complain about any trailing non-whitespace, presumably.

-- 
Ticket URL: <https://trac.osgeo.org/geos/ticket/1095#comment:1>
GEOS <http://trac.osgeo.org/geos>
GEOS (Geometry Engine - Open Source) is a C++ port of the Java Topology Suite (JTS).

From pramsey at cleverelephant.ca  Tue Feb  9 15:56:09 2021
From: pramsey at cleverelephant.ca (Paul Ramsey)
Date: Tue, 9 Feb 2021 15:56:09 -0800
Subject: [geos-devel] 3.9.1 Release?
Message-ID: <C21EDAAF-AF00-4AAE-970C-A20A36550321@cleverelephant.ca>

I'd like to release 3.9.1 tomorrow. Some important fixes have piled up.

- Bug fixes / improvements:
  - Windows memory management quirk in createPolygon CAPI (#1050, Paul Ramsey)
  - Allow build on Apple ARM64 (Taras Zakharko)
  - Fix buffer to use largest enclosed area for invalid rings (#732, Paul Ramsey)
  - Preserve ordering of lines in overlay results (Martin Davis)
  - Fix overlay handling of flat interior lines (JTS-685, Martin Davis)

That last one is quite a nasty one, do take a look. The fact that we have a major correctness issue argues for quick release.

https://github.com/libgeos/geos/issues/408

Also I think getting the M1 Apple support out will be useful for our bleeding edge buddies (and maybe I want to buy one of those things, just sayin').

+1 from me

P

From mtnclimb at gmail.com  Tue Feb  9 17:19:42 2021
From: mtnclimb at gmail.com (Martin Davis)
Date: Tue, 9 Feb 2021 17:19:42 -0800
Subject: [geos-devel] 3.9.1 Release?
In-Reply-To: <C21EDAAF-AF00-4AAE-970C-A20A36550321@cleverelephant.ca>
References: <C21EDAAF-AF00-4AAE-970C-A20A36550321@cleverelephant.ca>
Message-ID: <CAK2ens2=x9Y7BBn87K7-kMo8_DOXz49AA_r6-J-LPRQK4vFb7A@mail.gmail.com>

+1

On Tue., Feb. 9, 2021, 3:56 p.m. Paul Ramsey, <pramsey at cleverelephant.ca>
wrote:

> I'd like to release 3.9.1 tomorrow. Some important fixes have piled up.
>
> - Bug fixes / improvements:
>   - Windows memory management quirk in createPolygon CAPI (#1050, Paul
> Ramsey)
>   - Allow build on Apple ARM64 (Taras Zakharko)
>   - Fix buffer to use largest enclosed area for invalid rings (#732, Paul
> Ramsey)
>   - Preserve ordering of lines in overlay results (Martin Davis)
>   - Fix overlay handling of flat interior lines (JTS-685, Martin Davis)
>
> That last one is quite a nasty one, do take a look. The fact that we have
> a major correctness issue argues for quick release.
>
> https://github.com/libgeos/geos/issues/408
>
> Also I think getting the M1 Apple support out will be useful for our
> bleeding edge buddies (and maybe I want to buy one of those things, just
> sayin').
>
> +1 from me
>
> P
> _______________________________________________
> geos-devel mailing list
> geos-devel at lists.osgeo.org
> https://lists.osgeo.org/mailman/listinfo/geos-devel
>
-------------- next part --------------
An HTML attachment was scrubbed...
URL: <http://lists.osgeo.org/pipermail/geos-devel/attachments/20210209/5d6cd1e6/attachment.html>

From lr at pcorp.us  Tue Feb  9 23:38:04 2021
From: lr at pcorp.us (Regina Obe)
Date: Wed, 10 Feb 2021 02:38:04 -0500
Subject: [geos-devel] 3.9.1 Release?
In-Reply-To: <C21EDAAF-AF00-4AAE-970C-A20A36550321@cleverelephant.ca>
References: <C21EDAAF-AF00-4AAE-970C-A20A36550321@cleverelephant.ca>
Message-ID: <001601d6ff7f$ab91b1f0$02b515d0$@pcorp.us>

+1

> -----Original Message-----
> From: geos-devel [mailto:geos-devel-bounces at lists.osgeo.org] On Behalf Of
> Paul Ramsey
> Sent: Tuesday, February 9, 2021 6:56 PM
> To: GEOS Development List <geos-devel at lists.osgeo.org>
> Subject: [geos-devel] 3.9.1 Release?
> 
> I'd like to release 3.9.1 tomorrow. Some important fixes have piled up.
> 
> - Bug fixes / improvements:
>   - Windows memory management quirk in createPolygon CAPI (#1050, Paul
> Ramsey)
>   - Allow build on Apple ARM64 (Taras Zakharko)
>   - Fix buffer to use largest enclosed area for invalid rings (#732, Paul
Ramsey)
>   - Preserve ordering of lines in overlay results (Martin Davis)
>   - Fix overlay handling of flat interior lines (JTS-685, Martin Davis)
> 
> That last one is quite a nasty one, do take a look. The fact that we have
a
> major correctness issue argues for quick release.
> 
> https://github.com/libgeos/geos/issues/408
> 
> Also I think getting the M1 Apple support out will be useful for our
bleeding
> edge buddies (and maybe I want to buy one of those things, just sayin').
> 
> +1 from me
> 
> P
> _______________________________________________
> geos-devel mailing list
> geos-devel at lists.osgeo.org
> https://lists.osgeo.org/mailman/listinfo/geos-devel


From sebastic at xs4all.nl  Tue Feb  9 23:52:45 2021
From: sebastic at xs4all.nl (Sebastiaan Couwenberg)
Date: Wed, 10 Feb 2021 08:52:45 +0100
Subject: [geos-devel] 3.9.1 Release?
In-Reply-To: <C21EDAAF-AF00-4AAE-970C-A20A36550321@cleverelephant.ca>
References: <C21EDAAF-AF00-4AAE-970C-A20A36550321@cleverelephant.ca>
Message-ID: <78ea7887-3347-cb33-107f-fb5d959f1549@xs4all.nl>

On 2/10/21 12:56 AM, Paul Ramsey wrote:
> I'd like to release 3.9.1 tomorrow. Some important fixes have piled up.
> 
> - Bug fixes / improvements:
>   - Windows memory management quirk in createPolygon CAPI (#1050, Paul Ramsey)
>   - Allow build on Apple ARM64 (Taras Zakharko)
>   - Fix buffer to use largest enclosed area for invalid rings (#732, Paul Ramsey)
>   - Preserve ordering of lines in overlay results (Martin Davis)
>   - Fix overlay handling of flat interior lines (JTS-685, Martin Davis)
> 
> That last one is quite a nasty one, do take a look. The fact that we have a major correctness issue argues for quick release.
> 
> https://github.com/libgeos/geos/issues/408

With the soft freeze this Friday, it's too late to get this into the
next Debian stable release.

Patches for the latter three issues could be included if they don't
break the C++ ABI. Do they?

Kind Regards,

Bas

-- 
 GPG Key ID: 4096R/6750F10AE88D4AF1
Fingerprint: 8182 DE41 7056 408D 6146  50D1 6750 F10A E88D 4AF1

From lr at pcorp.us  Wed Feb 10 00:28:54 2021
From: lr at pcorp.us (Regina Obe)
Date: Wed, 10 Feb 2021 03:28:54 -0500
Subject: [geos-devel] 3.9.1 Release?
In-Reply-To: <78ea7887-3347-cb33-107f-fb5d959f1549@xs4all.nl>
References: <C21EDAAF-AF00-4AAE-970C-A20A36550321@cleverelephant.ca>
 <78ea7887-3347-cb33-107f-fb5d959f1549@xs4all.nl>
Message-ID: <002801d6ff86$c56995a0$503cc0e0$@pcorp.us>

> > That last one is quite a nasty one, do take a look. The fact that we
have a
> major correctness issue argues for quick release.
> >
> > https://github.com/libgeos/geos/issues/408
> 
> With the soft freeze this Friday, it's too late to get this into the next
Debian
> stable release.
> 
> Patches for the latter three issues could be included if they don't break
the
> C++ ABI. Do they?
> 
> Kind Regards,
> 
> Bas
> 
> --
>  GPG Key ID: 4096R/6750F10AE88D4AF1
> Fingerprint: 8182 DE41 7056 408D 6146  50D1 6750 F10A E88D 4AF1
> _______________________________________________
> geos-devel mailing list
> geos-devel at lists.osgeo.org
> https://lists.osgeo.org/mailman/listinfo/geos-devel

Do we still have projects that rely on GEOS C++ABI being stable?
I thought we made it clear -- packagers will not carry your crap if you
choose to code against the C++ API.
So C++ API should only be used for those who choose to ship their own stuff.


From sebastic at xs4all.nl  Wed Feb 10 00:41:31 2021
From: sebastic at xs4all.nl (Sebastiaan Couwenberg)
Date: Wed, 10 Feb 2021 09:41:31 +0100
Subject: [geos-devel] 3.9.1 Release?
In-Reply-To: <002801d6ff86$c56995a0$503cc0e0$@pcorp.us>
References: <C21EDAAF-AF00-4AAE-970C-A20A36550321@cleverelephant.ca>
 <78ea7887-3347-cb33-107f-fb5d959f1549@xs4all.nl>
 <002801d6ff86$c56995a0$503cc0e0$@pcorp.us>
Message-ID: <94216aed-6d22-bd47-ca53-7c3044a35c10@xs4all.nl>

On 2/10/21 9:28 AM, Regina Obe wrote:
>>> That last one is quite a nasty one, do take a look. The fact that we
>>> have a major correctness issue argues for quick release.
>>> https://github.com/libgeos/geos/issues/408
>>
>> With the soft freeze this Friday, it's too late to get this into the next
>> Debian stable release.
>>
>> Patches for the latter three issues could be included if they don't break
>> the C++ ABI. Do they?
> 
> Do we still have projects that rely on GEOS C++ABI being stable?

Not in Debian since OSSIM switched to the C API.

> I thought we made it clear -- packagers will not carry your crap if you
> choose to code against the C++ API.
> So C++ API should only be used for those who choose to ship their own stuff.

That is not my concern. libgeos_c links to libgeos-3.9.0.

The changes in 3.9.1 may cause breakage for users of the C API if the
behavior changes due to the underlaying C++ changes. Such breakage is
not acceptable at this point in the release.

So I'm in doubt whether to leave the geos package at 3.9.0 without
patches in the upcoming bookwork stable release, or if these issues are
important enough to fix and don't pose a risk of breakage.

Kind Regards,

Bas

-- 
 GPG Key ID: 4096R/6750F10AE88D4AF1
Fingerprint: 8182 DE41 7056 408D 6146  50D1 6750 F10A E88D 4AF1

From geos-trac at osgeo.org  Wed Feb 10 11:27:28 2021
From: geos-trac at osgeo.org (GEOS)
Date: Wed, 10 Feb 2021 19:27:28 -0000
Subject: [geos-devel] [GEOS] Batch modify: #1084, #1090, #1092, #1095, #1096,
 #1094
In-Reply-To: <065.3c8ec09baac8c42898264c58f7aa532a@osgeo.org>
References: <065.3c8ec09baac8c42898264c58f7aa532a@osgeo.org>
Message-ID: <080.13eac3d9d454c8f94554ee104bfb6548@osgeo.org>

Batch modification to #1084, #1090, #1092, #1095, #1096, #1094 by pramsey:
milestone to 3.9.2

-- 
Tickets URL: <https://trac.osgeo.org/geos/query?id=1084%2C1090%2C1092%2C1095%2C1096%2C1094>
GEOS <http://trac.osgeo.org/geos>
GEOS (Geometry Engine - Open Source) is a C++ port of the Java Topology Suite (JTS).

From pramsey at cleverelephant.ca  Wed Feb 10 11:30:27 2021
From: pramsey at cleverelephant.ca (Paul Ramsey)
Date: Wed, 10 Feb 2021 11:30:27 -0800
Subject: [geos-devel] GEOS 3.9.1 Released
Message-ID: <ED0DD56F-5D8E-415B-9326-FC0F752C4133@cleverelephant.ca>

The latest GEOS release is a bug fix release, which is highly recommended, as it fixes a bug that effects correct results of a small subset of Intersection() calculations. [1]

http://download.osgeo.org/geos/geos-3.9.1.tar.bz2

- Bug fixes / improvements:
  - Windows memory management quirk in createPolygon CAPI (#1050, Paul Ramsey)
  - Allow build on Apple ARM64 (Taras Zakharko)
  - Fix buffer to use largest enclosed area for invalid rings (#732, Paul Ramsey)
  - Preserve ordering of lines in overlay results (Martin Davis)
  - Fix overlay handling of flat interior lines (JTS-685, Martin Davis)

[1] https://github.com/libgeos/geos/issues/408

From geos-trac at osgeo.org  Fri Feb 19 15:40:20 2021
From: geos-trac at osgeo.org (GEOS)
Date: Fri, 19 Feb 2021 23:40:20 -0000
Subject: [geos-devel] [GEOS] #1101: Negative buffer does not return empty
 geometry
Message-ID: <045.212f50d8372f85ed8c9424f67dfe16a6@osgeo.org>

#1101: Negative buffer does not return empty geometry
------------------------+--------------------------
 Reporter:  uclaros     |      Owner:  geos-devel@?
     Type:  defect      |     Status:  new
 Priority:  major       |  Milestone:  3.9.2
Component:  Default     |    Version:  3.9.0
 Severity:  Unassigned  |   Keywords:
------------------------+--------------------------
 In specific cases of 4 sided polygons, running a specific negative buffer
 erroneously returns a polygon instead of an empty geometry.
 In shapely:

 {{{
 from shapely import wkt
 p=wkt.loads('POLYGON ((646990.625 5344959.438, 646994.486 5344963.053,
 646999.7389999999 5344957.423, 646995.9157765866 5344952.851883921,
 646990.625 5344959.438))')
 p.buffer(-4.2,0)
 # does not return empty
 p.buffer(-3.2,0)
 # correctly returns empty
 }}}

-- 
Ticket URL: <https://trac.osgeo.org/geos/ticket/1101>
GEOS <http://trac.osgeo.org/geos>
GEOS (Geometry Engine - Open Source) is a C++ port of the Java Topology Suite (JTS).

From geos-trac at osgeo.org  Sat Feb 20 11:11:46 2021
From: geos-trac at osgeo.org (GEOS)
Date: Sat, 20 Feb 2021 19:11:46 -0000
Subject: [geos-devel] [GEOS] #1101: Negative buffer does not return
 empty geometry
In-Reply-To: <045.212f50d8372f85ed8c9424f67dfe16a6@osgeo.org>
References: <045.212f50d8372f85ed8c9424f67dfe16a6@osgeo.org>
Message-ID: <060.96a60db91e4eecd12ace81d417023351@osgeo.org>

#1101: Negative buffer does not return empty geometry
------------------------+---------------------------
 Reporter:  uclaros     |       Owner:  geos-devel@?
     Type:  defect      |      Status:  new
 Priority:  major       |   Milestone:  3.9.2
Component:  Default     |     Version:  3.9.0
 Severity:  Unassigned  |  Resolution:
 Keywords:              |
------------------------+---------------------------

Comment (by mdavis):

 This is an issue in JTS as well.  It seems to be a long-standing problem
 (which is good and bad - I was worried it might have been a result of the
 change in [changeset:"efe09d6e53ad5e6a7a43747af24f28c6876c6c72/git"
 efe09d6/git]).

 The problem is caused by the generated buffer curve "flipping inside out".
 Unfortunately I don't have a idea of what a fix might be at the moment.

-- 
Ticket URL: <https://trac.osgeo.org/geos/ticket/1101#comment:1>
GEOS <http://trac.osgeo.org/geos>
GEOS (Geometry Engine - Open Source) is a C++ port of the Java Topology Suite (JTS).

From geos-trac at osgeo.org  Sat Feb 20 12:44:20 2021
From: geos-trac at osgeo.org (GEOS)
Date: Sat, 20 Feb 2021 20:44:20 -0000
Subject: [geos-devel] [GEOS] #1101: Negative buffer does not return
 empty geometry
In-Reply-To: <045.212f50d8372f85ed8c9424f67dfe16a6@osgeo.org>
References: <045.212f50d8372f85ed8c9424f67dfe16a6@osgeo.org>
Message-ID: <060.6eb295a3ec048cc2494ba8348268ec0e@osgeo.org>

#1101: Negative buffer does not return empty geometry
------------------------+---------------------------
 Reporter:  uclaros     |       Owner:  geos-devel@?
     Type:  defect      |      Status:  new
 Priority:  major       |   Milestone:  3.9.2
Component:  Default     |     Version:  3.9.0
 Severity:  Unassigned  |  Resolution:
 Keywords:              |
------------------------+---------------------------

Comment (by komzpa):

 For dumb ideas, negative buffer of -N for a ring of perimeter P will eat
 area of N*P so if area of ring is smaller it will always disappear. Math
 not proven.

-- 
Ticket URL: <https://trac.osgeo.org/geos/ticket/1101#comment:2>
GEOS <http://trac.osgeo.org/geos>
GEOS (Geometry Engine - Open Source) is a C++ port of the Java Topology Suite (JTS).

From geos-trac at osgeo.org  Sun Feb 21 10:11:01 2021
From: geos-trac at osgeo.org (GEOS)
Date: Sun, 21 Feb 2021 18:11:01 -0000
Subject: [geos-devel] [GEOS] #1101: Negative buffer does not return
 empty geometry
In-Reply-To: <045.212f50d8372f85ed8c9424f67dfe16a6@osgeo.org>
References: <045.212f50d8372f85ed8c9424f67dfe16a6@osgeo.org>
Message-ID: <060.2460d844b00bbda01f8e1051764e834f@osgeo.org>

#1101: Negative buffer does not return empty geometry
------------------------+---------------------------
 Reporter:  uclaros     |       Owner:  geos-devel@?
     Type:  defect      |      Status:  new
 Priority:  major       |   Milestone:  3.9.2
Component:  Default     |     Version:  3.9.0
 Severity:  Unassigned  |  Resolution:
 Keywords:              |
------------------------+---------------------------

Comment (by mdavis):

 To refine that idea a bit, for a given area A the shape with the largest
 distance to the boundary is a circle.  So the radius of the circle of area
 A is a lower bound on the negative buffer distance which will cause a
 shape to be eroded completely. This is a good optimization to add to the
 buffer code, and it might prevent this sort of issue, in large part.

-- 
Ticket URL: <https://trac.osgeo.org/geos/ticket/1101#comment:3>
GEOS <http://trac.osgeo.org/geos>
GEOS (Geometry Engine - Open Source) is a C++ port of the Java Topology Suite (JTS).

From mtnclimb at gmail.com  Tue Feb 23 11:16:00 2021
From: mtnclimb at gmail.com (Martin Davis)
Date: Tue, 23 Feb 2021 11:16:00 -0800
Subject: [geos-devel] Backporting geosop?
Message-ID: <CAK2ens1MaHBgDs9=w1eacORx767J+Q-enSs=ycfV7aVEsu6qAg@mail.gmail.com>

Hey GEOS devs,

I'm thinking about committing back-ported versions of geosop to 3.9, 3.8
and 3.7.

Any objections?  And any further objections if I don't bother with the
autotools build setup?
-------------- next part --------------
An HTML attachment was scrubbed...
URL: <http://lists.osgeo.org/pipermail/geos-devel/attachments/20210223/119a563f/attachment.html>

From dbaston at gmail.com  Tue Feb 23 11:55:28 2021
From: dbaston at gmail.com (Daniel Baston)
Date: Tue, 23 Feb 2021 14:55:28 -0500
Subject: [geos-devel] Backporting geosop?
In-Reply-To: <CAK2ens1MaHBgDs9=w1eacORx767J+Q-enSs=ycfV7aVEsu6qAg@mail.gmail.com>
References: <CAK2ens1MaHBgDs9=w1eacORx767J+Q-enSs=ycfV7aVEsu6qAg@mail.gmail.com>
Message-ID: <CA+K_q_qs7gg08O_Ur24o+jfhNr1kNzzN7ybb_3WZ41KNCtAhtw@mail.gmail.com>

I think a safer and lower-maintenance solution would be to write it in such
a way that it can link to multiple versions of GEOS, rather than developing
it in parallel across four branches.

If it is backported I think it is reasonable for the build warnings to be
cleared up first. It should probably be disabled by default in stable
branches to avoid introducing an unforeseen build problem. Also, the 3.6
branch uses C++98, so features such as lambdas and unique_ptr cannot be
used, unless the build system is configured to use C++11 for geosop and
C++98 for the remainder. Any changes to the build system should also work
with the minimum CMake version for those branches (3.0 for the 3.6 branch).

Dan

On Tue, Feb 23, 2021 at 2:16 PM Martin Davis <mtnclimb at gmail.com> wrote:

> Hey GEOS devs,
>
> I'm thinking about committing back-ported versions of geosop to 3.9, 3.8
> and 3.7.
>
> Any objections?  And any further objections if I don't bother with the
> autotools build setup?
> _______________________________________________
> geos-devel mailing list
> geos-devel at lists.osgeo.org
> https://lists.osgeo.org/mailman/listinfo/geos-devel
>
-------------- next part --------------
An HTML attachment was scrubbed...
URL: <http://lists.osgeo.org/pipermail/geos-devel/attachments/20210223/666e1071/attachment.html>

From mtnclimb at gmail.com  Tue Feb 23 12:07:18 2021
From: mtnclimb at gmail.com (Martin Davis)
Date: Tue, 23 Feb 2021 12:07:18 -0800
Subject: [geos-devel] Backporting geosop?
In-Reply-To: <CA+K_q_qs7gg08O_Ur24o+jfhNr1kNzzN7ybb_3WZ41KNCtAhtw@mail.gmail.com>
References: <CAK2ens1MaHBgDs9=w1eacORx767J+Q-enSs=ycfV7aVEsu6qAg@mail.gmail.com>
 <CA+K_q_qs7gg08O_Ur24o+jfhNr1kNzzN7ybb_3WZ41KNCtAhtw@mail.gmail.com>
Message-ID: <CAK2ens04P4DrgH-ZJ=pWXcjHM7XyeDYxe3k5bwrvG9F686Hi6A@mail.gmail.com>

On Tue, Feb 23, 2021 at 11:55 AM Daniel Baston <dbaston at gmail.com> wrote:

> I think a safer and lower-maintenance solution would be to write it in
> such a way that it can link to multiple versions of GEOS, rather than
> developing it in parallel across four branches.
>

Perhaps, but no time to do that now.

>
> If it is backported I think it is reasonable for the build warnings to be
> cleared up first.
>

Agreed.


> It should probably be disabled by default in stable branches to avoid
> introducing an unforeseen build problem.
>

Agreed.

Also, the 3.6 branch uses C++98, so features such as lambdas and unique_ptr
> cannot be used, unless the build system is configured to use C++11 for
> geosop and C++98 for the remainder. Any changes to the build system should
> also work with the minimum CMake version for those branches (3.0 for the
> 3.6 branch).
>

I am not intending to backport to 3.6

>
> Dan
>
> On Tue, Feb 23, 2021 at 2:16 PM Martin Davis <mtnclimb at gmail.com> wrote:
>
>> Hey GEOS devs,
>>
>> I'm thinking about committing back-ported versions of geosop to 3.9, 3.8
>> and 3.7.
>>
>> Any objections?  And any further objections if I don't bother with the
>> autotools build setup?
>> _______________________________________________
>> geos-devel mailing list
>> geos-devel at lists.osgeo.org
>> https://lists.osgeo.org/mailman/listinfo/geos-devel
>>
> _______________________________________________
> geos-devel mailing list
> geos-devel at lists.osgeo.org
> https://lists.osgeo.org/mailman/listinfo/geos-devel
>
-------------- next part --------------
An HTML attachment was scrubbed...
URL: <http://lists.osgeo.org/pipermail/geos-devel/attachments/20210223/1b234ef9/attachment.html>

From me at komzpa.net  Tue Feb 23 12:15:06 2021
From: me at komzpa.net (=?UTF-8?Q?Darafei_=22Kom=D1=8Fpa=22_Praliaskouski?=)
Date: Tue, 23 Feb 2021 23:15:06 +0300
Subject: [geos-devel] Backporting geosop?
In-Reply-To: <CAK2ens1MaHBgDs9=w1eacORx767J+Q-enSs=ycfV7aVEsu6qAg@mail.gmail.com>
References: <CAK2ens1MaHBgDs9=w1eacORx767J+Q-enSs=ycfV7aVEsu6qAg@mail.gmail.com>
Message-ID: <CAC8Q8tJX06jR3YbJ1239Qt5nyjOKPvF-YEaszr5EAgUYp+BxWg@mail.gmail.com>

My take: push maintainters to upgrade instead. Right now there is a cool
property that geosop is always guaranteed to be with overlay-ng and I'd
love to keep it.

On Tue, Feb 23, 2021 at 10:16 PM Martin Davis <mtnclimb at gmail.com> wrote:

> Hey GEOS devs,
>
> I'm thinking about committing back-ported versions of geosop to 3.9, 3.8
> and 3.7.
>
> Any objections?  And any further objections if I don't bother with the
> autotools build setup?
> _______________________________________________
> geos-devel mailing list
> geos-devel at lists.osgeo.org
> https://lists.osgeo.org/mailman/listinfo/geos-devel
>


-- 
Darafei "Kom?pa" Praliaskouski
OSM BY Team - http://openstreetmap.by/
-------------- next part --------------
An HTML attachment was scrubbed...
URL: <http://lists.osgeo.org/pipermail/geos-devel/attachments/20210223/194b055a/attachment.html>

From gdt at lexort.com  Tue Feb 23 16:14:17 2021
From: gdt at lexort.com (Greg Troxel)
Date: Tue, 23 Feb 2021 19:14:17 -0500
Subject: [geos-devel] Backporting geosop?
In-Reply-To: <CAK2ens1MaHBgDs9=w1eacORx767J+Q-enSs=ycfV7aVEsu6qAg@mail.gmail.com>
 (Martin Davis's message of "Tue, 23 Feb 2021 11:16:00 -0800")
References: <CAK2ens1MaHBgDs9=w1eacORx767J+Q-enSs=ycfV7aVEsu6qAg@mail.gmail.com>
Message-ID: <rmi7dmy8gpy.fsf@s1.lexort.com>


Martin Davis <mtnclimb at gmail.com> writes:

> I'm thinking about committing back-ported versions of geosop to 3.9, 3.8
> and 3.7.
>
> Any objections?  And any further objections if I don't bother with the
> autotools build setup?

The pkgsrc packge for geos is at at 3.9.1, which I think is current, and
is using configure.

I really don't follow your question.  Has there been a formal withdrawal
of the autotools build?  If so, then it follows that it is not supported
and presumably would be removed.  If not, it seems out of the question
to commit something that doesn't work right with it.   And, it would
seem very surprising to withdraw a build system on a stable branch.

Looking, 3.9.1's INSTALL says autotools works.   So committing something
to the 3.9 branch that breaks that seems not ok.

I feel like I must be missing something.
-------------- next part --------------
A non-text attachment was scrubbed...
Name: signature.asc
Type: application/pgp-signature
Size: 194 bytes
Desc: not available
URL: <http://lists.osgeo.org/pipermail/geos-devel/attachments/20210223/07abc4be/attachment.sig>

From mwtoews at gmail.com  Tue Feb 23 16:38:37 2021
From: mwtoews at gmail.com (Mike Taves)
Date: Wed, 24 Feb 2021 13:38:37 +1300
Subject: [geos-devel] Backporting geosop?
In-Reply-To: <rmi7dmy8gpy.fsf@s1.lexort.com>
References: <CAK2ens1MaHBgDs9=w1eacORx767J+Q-enSs=ycfV7aVEsu6qAg@mail.gmail.com>
 <rmi7dmy8gpy.fsf@s1.lexort.com>
Message-ID: <CAM2FmMr+BE75x4DNzCsmAg7y78CMxLnB5+v-qq7o=AWqZSJcXQ@mail.gmail.com>

On Wed, 24 Feb 2021 at 13:14, Greg Troxel <gdt at lexort.com> wrote:
> Has there been a formal withdrawal of the autotools build?

Yes, RFC7 was accepted in January
https://trac.osgeo.org/geos/wiki/RFC7

Autotools will not be used to build the next major release of GEOS.
Other active branches still support autotools.

From mtnclimb at gmail.com  Tue Feb 23 16:41:04 2021
From: mtnclimb at gmail.com (Martin Davis)
Date: Tue, 23 Feb 2021 16:41:04 -0800
Subject: [geos-devel] Backporting geosop?
In-Reply-To: <rmi7dmy8gpy.fsf@s1.lexort.com>
References: <CAK2ens1MaHBgDs9=w1eacORx767J+Q-enSs=ycfV7aVEsu6qAg@mail.gmail.com>
 <rmi7dmy8gpy.fsf@s1.lexort.com>
Message-ID: <CAK2ens2jhSD_TOfkuZ_5UPRxoB8Gj8tsy-mXMN_+mh2Xo5-4gw@mail.gmail.com>

Autotools is still supported for versions <= 3.9.x.

Not being an autotools expert, I was concerned about breaking something.
And since this is an optional tool, it wasn't clear that it would be needed
in packages.  However, I can see that might be desirable.  So maybe
autotools build is needed.

On Tue, Feb 23, 2021 at 4:14 PM Greg Troxel <gdt at lexort.com> wrote:

>
> Martin Davis <mtnclimb at gmail.com> writes:
>
> > I'm thinking about committing back-ported versions of geosop to 3.9, 3.8
> > and 3.7.
> >
> > Any objections?  And any further objections if I don't bother with the
> > autotools build setup?
>
> The pkgsrc packge for geos is at at 3.9.1, which I think is current, and
> is using configure.
>
> I really don't follow your question.  Has there been a formal withdrawal
> of the autotools build?  If so, then it follows that it is not supported
> and presumably would be removed.  If not, it seems out of the question
> to commit something that doesn't work right with it.   And, it would
> seem very surprising to withdraw a build system on a stable branch.
>
> Looking, 3.9.1's INSTALL says autotools works.   So committing something
> to the 3.9 branch that breaks that seems not ok.
>
> I feel like I must be missing something.
>
-------------- next part --------------
An HTML attachment was scrubbed...
URL: <http://lists.osgeo.org/pipermail/geos-devel/attachments/20210223/c3589c22/attachment.html>

From gdt at lexort.com  Tue Feb 23 16:56:56 2021
From: gdt at lexort.com (Greg Troxel)
Date: Tue, 23 Feb 2021 19:56:56 -0500
Subject: [geos-devel] Backporting geosop?
In-Reply-To: <CAK2ens2jhSD_TOfkuZ_5UPRxoB8Gj8tsy-mXMN_+mh2Xo5-4gw@mail.gmail.com>
 (Martin Davis's message of "Tue, 23 Feb 2021 16:41:04 -0800")
References: <CAK2ens1MaHBgDs9=w1eacORx767J+Q-enSs=ycfV7aVEsu6qAg@mail.gmail.com>
 <rmi7dmy8gpy.fsf@s1.lexort.com>
 <CAK2ens2jhSD_TOfkuZ_5UPRxoB8Gj8tsy-mXMN_+mh2Xo5-4gw@mail.gmail.com>
Message-ID: <rmiy2fe706f.fsf@s1.lexort.com>


Martin Davis <mtnclimb at gmail.com> writes:

> Autotools is still supported for versions <= 3.9.x.
>
> Not being an autotools expert, I was concerned about breaking something.
> And since this is an optional tool, it wasn't clear that it would be needed
> in packages.  However, I can see that might be desirable.  So maybe
> autotools build is needed.

From the packaging point of view, I'd say that either it shouldn't exist
or it should be packagable.  Essentially all people use things via
packaging systems, despite almost all people who develop a particular
thing not using packaging for it.

For <=3.9, I feel like if it is built with cmake it needs to be built
--- and distributed with make dist -- with autotools.  OTOH if nobody
needs it, then it can just not come to the branch, and people who want
to play with it can build from devel sources.

I would expect that it isn't hard to add it, but I haven't dug in.  It
looks like a bunch of cpp files to build and link together, and that's
pretty normal and compact in a declarative Makefile.am.

-------------- next part --------------
A non-text attachment was scrubbed...
Name: signature.asc
Type: application/pgp-signature
Size: 194 bytes
Desc: not available
URL: <http://lists.osgeo.org/pipermail/geos-devel/attachments/20210223/66f4df7b/attachment-0001.sig>

From geos-trac at osgeo.org  Tue Feb 23 19:50:46 2021
From: geos-trac at osgeo.org (GEOS)
Date: Wed, 24 Feb 2021 03:50:46 -0000
Subject: [geos-devel] [GEOS] #1098: Clear geosop compiler warnings
In-Reply-To: <045.49758c8c8792f71b3f596dddf374034e@osgeo.org>
References: <045.49758c8c8792f71b3f596dddf374034e@osgeo.org>
Message-ID: <060.65d269a6770dbdb90b3d3e98026bbc83@osgeo.org>

#1098: Clear geosop compiler warnings
------------------------+---------------------------
 Reporter:  dbaston     |       Owner:  geos-devel@?
     Type:  defect      |      Status:  closed
 Priority:  major       |   Milestone:  3.10.0
Component:  Default     |     Version:  master
 Severity:  Unassigned  |  Resolution:  fixed
 Keywords:              |
------------------------+---------------------------
Changes (by dbaston):

 * status:  new => closed
 * resolution:   => fixed


Comment:

 Fixed by c8ed469f0475d36a68c15912c170e55d2c3ac02

-- 
Ticket URL: <https://trac.osgeo.org/geos/ticket/1098#comment:1>
GEOS <http://trac.osgeo.org/geos>
GEOS (Geometry Engine - Open Source) is a C++ port of the Java Topology Suite (JTS).

From geos-trac at osgeo.org  Sun Feb 28 14:49:33 2021
From: geos-trac at osgeo.org (GEOS)
Date: Sun, 28 Feb 2021 22:49:33 -0000
Subject: [geos-devel] [GEOS] #1102: GEOSNearestPoints: returns mixed
 dimensions from 3D inputs
Message-ID: <045.480d146c17c932366850aaf9da533052@osgeo.org>

#1102: GEOSNearestPoints: returns mixed dimensions from 3D inputs
------------------------+--------------------------
 Reporter:  Mike Taves  |      Owner:  geos-devel@?
     Type:  defect      |     Status:  new
 Priority:  minor       |  Milestone:  3.10.0
Component:  Default     |    Version:  master
 Severity:  Unassigned  |   Keywords:
------------------------+--------------------------
 See https://github.com/Toblerity/Shapely/pull/1006#issuecomment-787537048
 for background

 GEOSNearestPoints with GEOS <=3.9 returns only 2D geometries, regardless
 of inputs.

 The current GEOS development snapshot may return mixed dimensions with 3D
 inputs. For instance, a PointZ and LineStringZ returns a PointZ and 2D
 Point object for nearest locations.

 Is the expected result to maintain 2D-only geometries (i.e. GEOS<=3.9
 behaviour)? Or should it be improved to interpolate the Z coordinate from
 the LineStringZ object?

 Another case to consider is the nearest points between two PointZ objects.
 The current result is two PointZ objects.

-- 
Ticket URL: <https://trac.osgeo.org/geos/ticket/1102>
GEOS <http://trac.osgeo.org/geos>
GEOS (Geometry Engine - Open Source) is a C++ port of the Java Topology Suite (JTS).

